Classic Timing Analyzer report for vgaout2
Mon Aug 30 23:46:51 2010
Quartus II Version 9.0 Build 235 06/17/2009 Service Pack 2 SJ Full Version


---------------------
; Table of Contents ;
---------------------
  1. Legal Notice
  2. Timing Analyzer Summary
  3. Timing Analyzer Settings
  4. Clock Settings Summary
  5. Parallel Compilation
  6. Clock Setup: 'clk'
  7. tco
  8. Timing Analyzer Messages



----------------
; Legal Notice ;
----------------
Copyright (C) 1991-2009 Altera Corporation
Your use of Altera Corporation's design tools, logic functions 
and other software and tools, and its AMPP partner logic 
functions, and any output files from any of the foregoing 
(including device programming or simulation files), and any 
associated documentation or information are expressly subject 
to the terms and conditions of the Altera Program License 
Subscription Agreement, Altera MegaCore Function License 
Agreement, or other applicable license agreement, including, 
without limitation, that your use is for the sole purpose of 
programming logic devices manufactured by Altera and sold by 
Altera or its authorized distributors.  Please refer to the 
applicable agreement for further details.



+-------------------------------------------------------------------------------------------------------------------------------------------------------+
; Timing Analyzer Summary                                                                                                                               ;
+------------------------------+-------+---------------+----------------------------------+-----------+----------+------------+----------+--------------+
; Type                         ; Slack ; Required Time ; Actual Time                      ; From      ; To       ; From Clock ; To Clock ; Failed Paths ;
+------------------------------+-------+---------------+----------------------------------+-----------+----------+------------+----------+--------------+
; Worst-case tco               ; N/A   ; None          ; 12.689 ns                        ; red1~reg0 ; red1     ; clk        ; --       ; 0            ;
; Clock Setup: 'clk'           ; N/A   ; None          ; 188.96 MHz ( period = 5.292 ns ) ; h_cnt[6]  ; v_cnt[9] ; clk        ; clk      ; 0            ;
; Total number of failed paths ;       ;               ;                                  ;           ;          ;            ;          ; 0            ;
+------------------------------+-------+---------------+----------------------------------+-----------+----------+------------+----------+--------------+


+--------------------------------------------------------------------------------------------------------------------+
; Timing Analyzer Settings                                                                                           ;
+---------------------------------------------------------------------+--------------------+------+----+-------------+
; Option                                                              ; Setting            ; From ; To ; Entity Name ;
+---------------------------------------------------------------------+--------------------+------+----+-------------+
; Device Name                                                         ; EP2C8Q208C8        ;      ;    ;             ;
; Timing Models                                                       ; Final              ;      ;    ;             ;
; Default hold multicycle                                             ; Same as Multicycle ;      ;    ;             ;
; Cut paths between unrelated clock domains                           ; On                 ;      ;    ;             ;
; Cut off read during write signal paths                              ; On                 ;      ;    ;             ;
; Cut off feedback from I/O pins                                      ; On                 ;      ;    ;             ;
; Report Combined Fast/Slow Timing                                    ; Off                ;      ;    ;             ;
; Ignore Clock Settings                                               ; Off                ;      ;    ;             ;
; Analyze latches as synchronous elements                             ; On                 ;      ;    ;             ;
; Enable Recovery/Removal analysis                                    ; Off                ;      ;    ;             ;
; Enable Clock Latency                                                ; Off                ;      ;    ;             ;
; Use TimeQuest Timing Analyzer                                       ; Off                ;      ;    ;             ;
; Minimum Core Junction Temperature                                   ; 0                  ;      ;    ;             ;
; Maximum Core Junction Temperature                                   ; 85                 ;      ;    ;             ;
; Number of source nodes to report per destination node               ; 10                 ;      ;    ;             ;
; Number of destination nodes to report                               ; 10                 ;      ;    ;             ;
; Number of paths to report                                           ; 200                ;      ;    ;             ;
; Report Minimum Timing Checks                                        ; Off                ;      ;    ;             ;
; Use Fast Timing Models                                              ; Off                ;      ;    ;             ;
; Report IO Paths Separately                                          ; Off                ;      ;    ;             ;
; Perform Multicorner Analysis                                        ; On                 ;      ;    ;             ;
; Reports the worst-case path for each clock domain and analysis      ; Off                ;      ;    ;             ;
; Removes common clock path pessimism (CCPP) during slack computation ; Off                ;      ;    ;             ;
; Output I/O Timing Endpoint                                          ; Near End           ;      ;    ;             ;
+---------------------------------------------------------------------+--------------------+------+----+-------------+


+------------------------------------------------------------------------------------------------------------------------------------------------------------------------------------+
; Clock Settings Summary                                                                                                                                                             ;
+-----------------+--------------------+----------+------------------+---------------+--------------+----------+-----------------------+---------------------+--------+--------------+
; Clock Node Name ; Clock Setting Name ; Type     ; Fmax Requirement ; Early Latency ; Late Latency ; Based on ; Multiply Base Fmax by ; Divide Base Fmax by ; Offset ; Phase offset ;
+-----------------+--------------------+----------+------------------+---------------+--------------+----------+-----------------------+---------------------+--------+--------------+
; clk             ;                    ; User Pin ; None             ; 0.000 ns      ; 0.000 ns     ; --       ; N/A                   ; N/A                 ; N/A    ;              ;
+-----------------+--------------------+----------+------------------+---------------+--------------+----------+-----------------------+---------------------+--------+--------------+


+------------------------------------------+
; Parallel Compilation                     ;
+----------------------------+-------------+
; Processors                 ; Number      ;
+----------------------------+-------------+
; Number detected on machine ; 2           ;
; Maximum allowed            ; 2           ;
;                            ;             ;
; Average used               ; 1.00        ;
; Maximum used               ; 1           ;
;                            ;             ;
; Usage by Processor         ; % Time Used ;
;     1 processor            ; 100.0%      ;
;     2 processors           ;   0.0%      ;
+----------------------------+-------------+


+--------------------------------------------------------------------------------------------------------------------------------------------------------------------------------------------------------------------------------------+
; Clock Setup: 'clk'                                                                                                                                                                                                                   ;
+-----------------------------------------+-----------------------------------------------------+----------+---------------+------------+----------+-----------------------------+---------------------------+-------------------------+
; Slack                                   ; Actual fmax (period)                                ; From     ; To            ; From Clock ; To Clock ; Required Setup Relationship ; Required Longest P2P Time ; Actual Longest P2P Time ;
+-----------------------------------------+-----------------------------------------------------+----------+---------------+------------+----------+-----------------------------+---------------------------+-------------------------+
; N/A                                     ; 188.96 MHz ( period = 5.292 ns )                    ; h_cnt[6] ; v_cnt[9]      ; clk        ; clk      ; None                        ; None                      ; 5.038 ns                ;
; N/A                                     ; 192.09 MHz ( period = 5.206 ns )                    ; h_cnt[6] ; v_cnt[8]      ; clk        ; clk      ; None                        ; None                      ; 4.952 ns                ;
; N/A                                     ; 195.16 MHz ( period = 5.124 ns )                    ; h_cnt[1] ; v_cnt[9]      ; clk        ; clk      ; None                        ; None                      ; 4.870 ns                ;
; N/A                                     ; 195.31 MHz ( period = 5.120 ns )                    ; h_cnt[6] ; v_cnt[7]      ; clk        ; clk      ; None                        ; None                      ; 4.866 ns                ;
; N/A                                     ; 198.49 MHz ( period = 5.038 ns )                    ; h_cnt[1] ; v_cnt[8]      ; clk        ; clk      ; None                        ; None                      ; 4.784 ns                ;
; N/A                                     ; 198.65 MHz ( period = 5.034 ns )                    ; h_cnt[6] ; v_cnt[6]      ; clk        ; clk      ; None                        ; None                      ; 4.780 ns                ;
; N/A                                     ; 198.93 MHz ( period = 5.027 ns )                    ; h_cnt[2] ; v_cnt[9]      ; clk        ; clk      ; None                        ; None                      ; 4.773 ns                ;
; N/A                                     ; 201.94 MHz ( period = 4.952 ns )                    ; h_cnt[0] ; v_cnt[9]      ; clk        ; clk      ; None                        ; None                      ; 4.698 ns                ;
; N/A                                     ; 201.94 MHz ( period = 4.952 ns )                    ; h_cnt[1] ; v_cnt[7]      ; clk        ; clk      ; None                        ; None                      ; 4.698 ns                ;
; N/A                                     ; 202.10 MHz ( period = 4.948 ns )                    ; h_cnt[6] ; v_cnt[5]      ; clk        ; clk      ; None                        ; None                      ; 4.694 ns                ;
; N/A                                     ; 202.39 MHz ( period = 4.941 ns )                    ; h_cnt[2] ; v_cnt[8]      ; clk        ; clk      ; None                        ; None                      ; 4.687 ns                ;
; N/A                                     ; 203.62 MHz ( period = 4.911 ns )                    ; h_cnt[4] ; v_cnt[9]      ; clk        ; clk      ; None                        ; None                      ; 4.657 ns                ;
; N/A                                     ; 205.51 MHz ( period = 4.866 ns )                    ; h_cnt[0] ; v_cnt[8]      ; clk        ; clk      ; None                        ; None                      ; 4.612 ns                ;
; N/A                                     ; 205.51 MHz ( period = 4.866 ns )                    ; h_cnt[1] ; v_cnt[6]      ; clk        ; clk      ; None                        ; None                      ; 4.612 ns                ;
; N/A                                     ; 205.93 MHz ( period = 4.856 ns )                    ; h_cnt[1] ; v_cnt[0]      ; clk        ; clk      ; None                        ; None                      ; 4.602 ns                ;
; N/A                                     ; 205.93 MHz ( period = 4.856 ns )                    ; h_cnt[1] ; v_cnt[4]      ; clk        ; clk      ; None                        ; None                      ; 4.602 ns                ;
; N/A                                     ; 205.93 MHz ( period = 4.856 ns )                    ; h_cnt[1] ; v_cnt[5]      ; clk        ; clk      ; None                        ; None                      ; 4.602 ns                ;
; N/A                                     ; 205.93 MHz ( period = 4.856 ns )                    ; h_cnt[1] ; v_cnt[3]      ; clk        ; clk      ; None                        ; None                      ; 4.602 ns                ;
; N/A                                     ; 205.93 MHz ( period = 4.856 ns )                    ; h_cnt[1] ; v_cnt[2]      ; clk        ; clk      ; None                        ; None                      ; 4.602 ns                ;
; N/A                                     ; 205.93 MHz ( period = 4.856 ns )                    ; h_cnt[1] ; v_cnt[1]      ; clk        ; clk      ; None                        ; None                      ; 4.602 ns                ;
; N/A                                     ; 205.97 MHz ( period = 4.855 ns )                    ; h_cnt[2] ; v_cnt[7]      ; clk        ; clk      ; None                        ; None                      ; 4.601 ns                ;
; N/A                                     ; 207.25 MHz ( period = 4.825 ns )                    ; h_cnt[4] ; v_cnt[8]      ; clk        ; clk      ; None                        ; None                      ; 4.571 ns                ;
; N/A                                     ; 209.21 MHz ( period = 4.780 ns )                    ; h_cnt[0] ; v_cnt[7]      ; clk        ; clk      ; None                        ; None                      ; 4.526 ns                ;
; N/A                                     ; 209.69 MHz ( period = 4.769 ns )                    ; h_cnt[2] ; v_cnt[6]      ; clk        ; clk      ; None                        ; None                      ; 4.515 ns                ;
; N/A                                     ; 210.17 MHz ( period = 4.758 ns )                    ; h_cnt[6] ; v_cnt[4]      ; clk        ; clk      ; None                        ; None                      ; 4.504 ns                ;
; N/A                                     ; 210.30 MHz ( period = 4.755 ns )                    ; h_cnt[6] ; v_cnt[0]      ; clk        ; clk      ; None                        ; None                      ; 4.501 ns                ;
; N/A                                     ; 210.30 MHz ( period = 4.755 ns )                    ; h_cnt[6] ; v_cnt[3]      ; clk        ; clk      ; None                        ; None                      ; 4.501 ns                ;
; N/A                                     ; 210.30 MHz ( period = 4.755 ns )                    ; h_cnt[6] ; v_cnt[2]      ; clk        ; clk      ; None                        ; None                      ; 4.501 ns                ;
; N/A                                     ; 210.30 MHz ( period = 4.755 ns )                    ; h_cnt[6] ; v_cnt[1]      ; clk        ; clk      ; None                        ; None                      ; 4.501 ns                ;
; N/A                                     ; 210.79 MHz ( period = 4.744 ns )                    ; h_cnt[5] ; v_cnt[9]      ; clk        ; clk      ; None                        ; None                      ; 4.490 ns                ;
; N/A                                     ; 211.01 MHz ( period = 4.739 ns )                    ; h_cnt[4] ; v_cnt[7]      ; clk        ; clk      ; None                        ; None                      ; 4.485 ns                ;
; N/A                                     ; 211.55 MHz ( period = 4.727 ns )                    ; h_cnt[7] ; v_cnt[9]      ; clk        ; clk      ; None                        ; None                      ; 4.473 ns                ;
; N/A                                     ; 213.04 MHz ( period = 4.694 ns )                    ; h_cnt[0] ; v_cnt[6]      ; clk        ; clk      ; None                        ; None                      ; 4.440 ns                ;
; N/A                                     ; 213.54 MHz ( period = 4.683 ns )                    ; h_cnt[2] ; v_cnt[5]      ; clk        ; clk      ; None                        ; None                      ; 4.429 ns                ;
; N/A                                     ; 214.68 MHz ( period = 4.658 ns )                    ; h_cnt[5] ; v_cnt[8]      ; clk        ; clk      ; None                        ; None                      ; 4.404 ns                ;
; N/A                                     ; 214.73 MHz ( period = 4.657 ns )                    ; h_cnt[3] ; v_cnt[9]      ; clk        ; clk      ; None                        ; None                      ; 4.403 ns                ;
; N/A                                     ; 214.92 MHz ( period = 4.653 ns )                    ; h_cnt[4] ; v_cnt[6]      ; clk        ; clk      ; None                        ; None                      ; 4.399 ns                ;
; N/A                                     ; 215.47 MHz ( period = 4.641 ns )                    ; h_cnt[7] ; v_cnt[8]      ; clk        ; clk      ; None                        ; None                      ; 4.387 ns                ;
; N/A                                     ; 215.52 MHz ( period = 4.640 ns )                    ; h_cnt[0] ; v_cnt[0]      ; clk        ; clk      ; None                        ; None                      ; 4.386 ns                ;
; N/A                                     ; 215.52 MHz ( period = 4.640 ns )                    ; h_cnt[0] ; v_cnt[4]      ; clk        ; clk      ; None                        ; None                      ; 4.386 ns                ;
; N/A                                     ; 215.52 MHz ( period = 4.640 ns )                    ; h_cnt[0] ; v_cnt[5]      ; clk        ; clk      ; None                        ; None                      ; 4.386 ns                ;
; N/A                                     ; 215.52 MHz ( period = 4.640 ns )                    ; h_cnt[0] ; v_cnt[3]      ; clk        ; clk      ; None                        ; None                      ; 4.386 ns                ;
; N/A                                     ; 215.52 MHz ( period = 4.640 ns )                    ; h_cnt[0] ; v_cnt[2]      ; clk        ; clk      ; None                        ; None                      ; 4.386 ns                ;
; N/A                                     ; 215.52 MHz ( period = 4.640 ns )                    ; h_cnt[0] ; v_cnt[1]      ; clk        ; clk      ; None                        ; None                      ; 4.386 ns                ;
; N/A                                     ; 216.22 MHz ( period = 4.625 ns )                    ; h_cnt[9] ; v_cnt[9]      ; clk        ; clk      ; None                        ; None                      ; 4.361 ns                ;
; N/A                                     ; 216.50 MHz ( period = 4.619 ns )                    ; h_cnt[6] ; h_cnt[9]      ; clk        ; clk      ; None                        ; None                      ; 4.365 ns                ;
; N/A                                     ; 216.59 MHz ( period = 4.617 ns )                    ; h_cnt[6] ; h_cnt[8]      ; clk        ; clk      ; None                        ; None                      ; 4.363 ns                ;
; N/A                                     ; 218.44 MHz ( period = 4.578 ns )                    ; v_cnt[5] ; v_cnt[0]      ; clk        ; clk      ; None                        ; None                      ; 4.314 ns                ;
; N/A                                     ; 218.44 MHz ( period = 4.578 ns )                    ; v_cnt[5] ; v_cnt[9]      ; clk        ; clk      ; None                        ; None                      ; 4.314 ns                ;
; N/A                                     ; 218.44 MHz ( period = 4.578 ns )                    ; v_cnt[5] ; v_cnt[8]      ; clk        ; clk      ; None                        ; None                      ; 4.314 ns                ;
; N/A                                     ; 218.44 MHz ( period = 4.578 ns )                    ; v_cnt[5] ; v_cnt[4]      ; clk        ; clk      ; None                        ; None                      ; 4.314 ns                ;
; N/A                                     ; 218.44 MHz ( period = 4.578 ns )                    ; v_cnt[5] ; v_cnt[7]      ; clk        ; clk      ; None                        ; None                      ; 4.314 ns                ;
; N/A                                     ; 218.44 MHz ( period = 4.578 ns )                    ; v_cnt[5] ; v_cnt[5]      ; clk        ; clk      ; None                        ; None                      ; 4.314 ns                ;
; N/A                                     ; 218.44 MHz ( period = 4.578 ns )                    ; v_cnt[5] ; v_cnt[6]      ; clk        ; clk      ; None                        ; None                      ; 4.314 ns                ;
; N/A                                     ; 218.44 MHz ( period = 4.578 ns )                    ; v_cnt[5] ; v_cnt[3]      ; clk        ; clk      ; None                        ; None                      ; 4.314 ns                ;
; N/A                                     ; 218.44 MHz ( period = 4.578 ns )                    ; v_cnt[5] ; v_cnt[2]      ; clk        ; clk      ; None                        ; None                      ; 4.314 ns                ;
; N/A                                     ; 218.44 MHz ( period = 4.578 ns )                    ; v_cnt[5] ; v_cnt[1]      ; clk        ; clk      ; None                        ; None                      ; 4.314 ns                ;
; N/A                                     ; 218.72 MHz ( period = 4.572 ns )                    ; h_cnt[5] ; v_cnt[7]      ; clk        ; clk      ; None                        ; None                      ; 4.318 ns                ;
; N/A                                     ; 218.77 MHz ( period = 4.571 ns )                    ; h_cnt[3] ; v_cnt[8]      ; clk        ; clk      ; None                        ; None                      ; 4.317 ns                ;
; N/A                                     ; 218.96 MHz ( period = 4.567 ns )                    ; h_cnt[4] ; v_cnt[5]      ; clk        ; clk      ; None                        ; None                      ; 4.313 ns                ;
; N/A                                     ; 219.54 MHz ( period = 4.555 ns )                    ; h_cnt[7] ; v_cnt[7]      ; clk        ; clk      ; None                        ; None                      ; 4.301 ns                ;
; N/A                                     ; 220.31 MHz ( period = 4.539 ns )                    ; h_cnt[9] ; v_cnt[8]      ; clk        ; clk      ; None                        ; None                      ; 4.275 ns                ;
; N/A                                     ; 220.65 MHz ( period = 4.532 ns )                    ; v_cnt[6] ; v_cnt[0]      ; clk        ; clk      ; None                        ; None                      ; 4.268 ns                ;
; N/A                                     ; 220.65 MHz ( period = 4.532 ns )                    ; v_cnt[6] ; v_cnt[9]      ; clk        ; clk      ; None                        ; None                      ; 4.268 ns                ;
; N/A                                     ; 220.65 MHz ( period = 4.532 ns )                    ; v_cnt[6] ; v_cnt[8]      ; clk        ; clk      ; None                        ; None                      ; 4.268 ns                ;
; N/A                                     ; 220.65 MHz ( period = 4.532 ns )                    ; v_cnt[6] ; v_cnt[4]      ; clk        ; clk      ; None                        ; None                      ; 4.268 ns                ;
; N/A                                     ; 220.65 MHz ( period = 4.532 ns )                    ; v_cnt[6] ; v_cnt[7]      ; clk        ; clk      ; None                        ; None                      ; 4.268 ns                ;
; N/A                                     ; 220.65 MHz ( period = 4.532 ns )                    ; v_cnt[6] ; v_cnt[5]      ; clk        ; clk      ; None                        ; None                      ; 4.268 ns                ;
; N/A                                     ; 220.65 MHz ( period = 4.532 ns )                    ; v_cnt[6] ; v_cnt[6]      ; clk        ; clk      ; None                        ; None                      ; 4.268 ns                ;
; N/A                                     ; 220.65 MHz ( period = 4.532 ns )                    ; v_cnt[6] ; v_cnt[3]      ; clk        ; clk      ; None                        ; None                      ; 4.268 ns                ;
; N/A                                     ; 220.65 MHz ( period = 4.532 ns )                    ; v_cnt[6] ; v_cnt[2]      ; clk        ; clk      ; None                        ; None                      ; 4.268 ns                ;
; N/A                                     ; 220.65 MHz ( period = 4.532 ns )                    ; v_cnt[6] ; v_cnt[1]      ; clk        ; clk      ; None                        ; None                      ; 4.268 ns                ;
; N/A                                     ; 221.09 MHz ( period = 4.523 ns )                    ; v_cnt[2] ; v_cnt[0]      ; clk        ; clk      ; None                        ; None                      ; 4.259 ns                ;
; N/A                                     ; 221.09 MHz ( period = 4.523 ns )                    ; v_cnt[2] ; v_cnt[9]      ; clk        ; clk      ; None                        ; None                      ; 4.259 ns                ;
; N/A                                     ; 221.09 MHz ( period = 4.523 ns )                    ; v_cnt[2] ; v_cnt[8]      ; clk        ; clk      ; None                        ; None                      ; 4.259 ns                ;
; N/A                                     ; 221.09 MHz ( period = 4.523 ns )                    ; v_cnt[2] ; v_cnt[4]      ; clk        ; clk      ; None                        ; None                      ; 4.259 ns                ;
; N/A                                     ; 221.09 MHz ( period = 4.523 ns )                    ; v_cnt[2] ; v_cnt[7]      ; clk        ; clk      ; None                        ; None                      ; 4.259 ns                ;
; N/A                                     ; 221.09 MHz ( period = 4.523 ns )                    ; v_cnt[2] ; v_cnt[5]      ; clk        ; clk      ; None                        ; None                      ; 4.259 ns                ;
; N/A                                     ; 221.09 MHz ( period = 4.523 ns )                    ; v_cnt[2] ; v_cnt[6]      ; clk        ; clk      ; None                        ; None                      ; 4.259 ns                ;
; N/A                                     ; 221.09 MHz ( period = 4.523 ns )                    ; v_cnt[2] ; v_cnt[3]      ; clk        ; clk      ; None                        ; None                      ; 4.259 ns                ;
; N/A                                     ; 221.09 MHz ( period = 4.523 ns )                    ; v_cnt[2] ; v_cnt[2]      ; clk        ; clk      ; None                        ; None                      ; 4.259 ns                ;
; N/A                                     ; 221.09 MHz ( period = 4.523 ns )                    ; v_cnt[2] ; v_cnt[1]      ; clk        ; clk      ; None                        ; None                      ; 4.259 ns                ;
; N/A                                     ; 222.57 MHz ( period = 4.493 ns )                    ; h_cnt[2] ; v_cnt[4]      ; clk        ; clk      ; None                        ; None                      ; 4.239 ns                ;
; N/A                                     ; 222.92 MHz ( period = 4.486 ns )                    ; h_cnt[5] ; v_cnt[6]      ; clk        ; clk      ; None                        ; None                      ; 4.232 ns                ;
; N/A                                     ; 222.97 MHz ( period = 4.485 ns )                    ; h_cnt[3] ; v_cnt[7]      ; clk        ; clk      ; None                        ; None                      ; 4.231 ns                ;
; N/A                                     ; 223.76 MHz ( period = 4.469 ns )                    ; h_cnt[7] ; v_cnt[6]      ; clk        ; clk      ; None                        ; None                      ; 4.215 ns                ;
; N/A                                     ; 224.57 MHz ( period = 4.453 ns )                    ; h_cnt[9] ; v_cnt[7]      ; clk        ; clk      ; None                        ; None                      ; 4.189 ns                ;
; N/A                                     ; 224.62 MHz ( period = 4.452 ns )                    ; h_cnt[2] ; v_cnt[0]      ; clk        ; clk      ; None                        ; None                      ; 4.198 ns                ;
; N/A                                     ; 224.62 MHz ( period = 4.452 ns )                    ; h_cnt[2] ; v_cnt[3]      ; clk        ; clk      ; None                        ; None                      ; 4.198 ns                ;
; N/A                                     ; 224.62 MHz ( period = 4.452 ns )                    ; h_cnt[2] ; v_cnt[2]      ; clk        ; clk      ; None                        ; None                      ; 4.198 ns                ;
; N/A                                     ; 224.62 MHz ( period = 4.452 ns )                    ; h_cnt[2] ; v_cnt[1]      ; clk        ; clk      ; None                        ; None                      ; 4.198 ns                ;
; N/A                                     ; 224.67 MHz ( period = 4.451 ns )                    ; h_cnt[1] ; h_cnt[9]      ; clk        ; clk      ; None                        ; None                      ; 4.197 ns                ;
; N/A                                     ; 224.77 MHz ( period = 4.449 ns )                    ; h_cnt[1] ; h_cnt[8]      ; clk        ; clk      ; None                        ; None                      ; 4.195 ns                ;
; N/A                                     ; 225.17 MHz ( period = 4.441 ns )                    ; h_cnt[0] ; h_cnt[9]      ; clk        ; clk      ; None                        ; None                      ; 4.187 ns                ;
; N/A                                     ; 227.22 MHz ( period = 4.401 ns )                    ; v_cnt[6] ; red_signal2   ; clk        ; clk      ; None                        ; None                      ; 4.136 ns                ;
; N/A                                     ; 227.22 MHz ( period = 4.401 ns )                    ; v_cnt[6] ; green_signal1 ; clk        ; clk      ; None                        ; None                      ; 4.136 ns                ;
; N/A                                     ; 227.22 MHz ( period = 4.401 ns )                    ; v_cnt[6] ; blue_signal0  ; clk        ; clk      ; None                        ; None                      ; 4.136 ns                ;
; N/A                                     ; 227.27 MHz ( period = 4.400 ns )                    ; h_cnt[5] ; v_cnt[5]      ; clk        ; clk      ; None                        ; None                      ; 4.146 ns                ;
; N/A                                     ; 227.32 MHz ( period = 4.399 ns )                    ; h_cnt[3] ; v_cnt[6]      ; clk        ; clk      ; None                        ; None                      ; 4.145 ns                ;
; N/A                                     ; 228.15 MHz ( period = 4.383 ns )                    ; h_cnt[7] ; v_cnt[5]      ; clk        ; clk      ; None                        ; None                      ; 4.129 ns                ;
; N/A                                     ; 228.47 MHz ( period = 4.377 ns )                    ; h_cnt[4] ; v_cnt[4]      ; clk        ; clk      ; None                        ; None                      ; 4.123 ns                ;
; N/A                                     ; 228.57 MHz ( period = 4.375 ns )                    ; h_cnt[8] ; h_cnt[9]      ; clk        ; clk      ; None                        ; None                      ; 4.111 ns                ;
; N/A                                     ; 228.99 MHz ( period = 4.367 ns )                    ; h_cnt[9] ; v_cnt[6]      ; clk        ; clk      ; None                        ; None                      ; 4.103 ns                ;
; N/A                                     ; 229.99 MHz ( period = 4.348 ns )                    ; v_cnt[3] ; v_cnt[0]      ; clk        ; clk      ; None                        ; None                      ; 4.084 ns                ;
; N/A                                     ; 229.99 MHz ( period = 4.348 ns )                    ; v_cnt[3] ; v_cnt[9]      ; clk        ; clk      ; None                        ; None                      ; 4.084 ns                ;
; N/A                                     ; 229.99 MHz ( period = 4.348 ns )                    ; v_cnt[3] ; v_cnt[8]      ; clk        ; clk      ; None                        ; None                      ; 4.084 ns                ;
; N/A                                     ; 229.99 MHz ( period = 4.348 ns )                    ; v_cnt[3] ; v_cnt[4]      ; clk        ; clk      ; None                        ; None                      ; 4.084 ns                ;
; N/A                                     ; 229.99 MHz ( period = 4.348 ns )                    ; v_cnt[3] ; v_cnt[7]      ; clk        ; clk      ; None                        ; None                      ; 4.084 ns                ;
; N/A                                     ; 229.99 MHz ( period = 4.348 ns )                    ; v_cnt[3] ; v_cnt[5]      ; clk        ; clk      ; None                        ; None                      ; 4.084 ns                ;
; N/A                                     ; 229.99 MHz ( period = 4.348 ns )                    ; v_cnt[3] ; v_cnt[6]      ; clk        ; clk      ; None                        ; None                      ; 4.084 ns                ;
; N/A                                     ; 229.99 MHz ( period = 4.348 ns )                    ; v_cnt[3] ; v_cnt[3]      ; clk        ; clk      ; None                        ; None                      ; 4.084 ns                ;
; N/A                                     ; 229.99 MHz ( period = 4.348 ns )                    ; v_cnt[3] ; v_cnt[2]      ; clk        ; clk      ; None                        ; None                      ; 4.084 ns                ;
; N/A                                     ; 229.99 MHz ( period = 4.348 ns )                    ; v_cnt[3] ; v_cnt[1]      ; clk        ; clk      ; None                        ; None                      ; 4.084 ns                ;
; N/A                                     ; 230.95 MHz ( period = 4.330 ns )                    ; v_cnt[5] ; red_signal2   ; clk        ; clk      ; None                        ; None                      ; 4.065 ns                ;
; N/A                                     ; 230.95 MHz ( period = 4.330 ns )                    ; v_cnt[5] ; green_signal1 ; clk        ; clk      ; None                        ; None                      ; 4.065 ns                ;
; N/A                                     ; 230.95 MHz ( period = 4.330 ns )                    ; v_cnt[5] ; blue_signal0  ; clk        ; clk      ; None                        ; None                      ; 4.065 ns                ;
; N/A                                     ; 231.86 MHz ( period = 4.313 ns )                    ; h_cnt[3] ; v_cnt[5]      ; clk        ; clk      ; None                        ; None                      ; 4.059 ns                ;
; N/A                                     ; 233.05 MHz ( period = 4.291 ns )                    ; h_cnt[4] ; v_cnt[3]      ; clk        ; clk      ; None                        ; None                      ; 4.037 ns                ;
; N/A                                     ; 233.59 MHz ( period = 4.281 ns )                    ; h_cnt[9] ; v_cnt[5]      ; clk        ; clk      ; None                        ; None                      ; 4.017 ns                ;
; N/A                                     ; 233.70 MHz ( period = 4.279 ns )                    ; v_cnt[7] ; red_signal2   ; clk        ; clk      ; None                        ; None                      ; 4.014 ns                ;
; N/A                                     ; 233.70 MHz ( period = 4.279 ns )                    ; v_cnt[7] ; green_signal1 ; clk        ; clk      ; None                        ; None                      ; 4.014 ns                ;
; N/A                                     ; 233.70 MHz ( period = 4.279 ns )                    ; v_cnt[7] ; blue_signal0  ; clk        ; clk      ; None                        ; None                      ; 4.014 ns                ;
; N/A                                     ; 233.81 MHz ( period = 4.277 ns )                    ; h_cnt[0] ; h_cnt[8]      ; clk        ; clk      ; None                        ; None                      ; 4.023 ns                ;
; N/A                                     ; 234.03 MHz ( period = 4.273 ns )                    ; h_cnt[2] ; h_cnt[9]      ; clk        ; clk      ; None                        ; None                      ; 4.019 ns                ;
; N/A                                     ; 236.07 MHz ( period = 4.236 ns )                    ; h_cnt[3] ; h_cnt[9]      ; clk        ; clk      ; None                        ; None                      ; 3.982 ns                ;
; N/A                                     ; 236.41 MHz ( period = 4.230 ns )                    ; v_cnt[8] ; red_signal2   ; clk        ; clk      ; None                        ; None                      ; 3.965 ns                ;
; N/A                                     ; 236.41 MHz ( period = 4.230 ns )                    ; v_cnt[8] ; green_signal1 ; clk        ; clk      ; None                        ; None                      ; 3.965 ns                ;
; N/A                                     ; 236.41 MHz ( period = 4.230 ns )                    ; v_cnt[8] ; blue_signal0  ; clk        ; clk      ; None                        ; None                      ; 3.965 ns                ;
; N/A                                     ; 236.91 MHz ( period = 4.221 ns )                    ; h_cnt[5] ; v_cnt[0]      ; clk        ; clk      ; None                        ; None                      ; 3.967 ns                ;
; N/A                                     ; 236.91 MHz ( period = 4.221 ns )                    ; h_cnt[5] ; v_cnt[4]      ; clk        ; clk      ; None                        ; None                      ; 3.967 ns                ;
; N/A                                     ; 236.91 MHz ( period = 4.221 ns )                    ; h_cnt[5] ; v_cnt[3]      ; clk        ; clk      ; None                        ; None                      ; 3.967 ns                ;
; N/A                                     ; 236.91 MHz ( period = 4.221 ns )                    ; h_cnt[5] ; v_cnt[2]      ; clk        ; clk      ; None                        ; None                      ; 3.967 ns                ;
; N/A                                     ; 236.91 MHz ( period = 4.221 ns )                    ; h_cnt[5] ; v_cnt[1]      ; clk        ; clk      ; None                        ; None                      ; 3.967 ns                ;
; N/A                                     ; 237.59 MHz ( period = 4.209 ns )                    ; h_cnt[3] ; v_cnt[0]      ; clk        ; clk      ; None                        ; None                      ; 3.955 ns                ;
; N/A                                     ; 237.59 MHz ( period = 4.209 ns )                    ; h_cnt[3] ; v_cnt[4]      ; clk        ; clk      ; None                        ; None                      ; 3.955 ns                ;
; N/A                                     ; 237.59 MHz ( period = 4.209 ns )                    ; h_cnt[3] ; v_cnt[3]      ; clk        ; clk      ; None                        ; None                      ; 3.955 ns                ;
; N/A                                     ; 237.59 MHz ( period = 4.209 ns )                    ; h_cnt[3] ; v_cnt[2]      ; clk        ; clk      ; None                        ; None                      ; 3.955 ns                ;
; N/A                                     ; 237.59 MHz ( period = 4.209 ns )                    ; h_cnt[3] ; v_cnt[1]      ; clk        ; clk      ; None                        ; None                      ; 3.955 ns                ;
; N/A                                     ; 237.81 MHz ( period = 4.205 ns )                    ; h_cnt[4] ; v_cnt[2]      ; clk        ; clk      ; None                        ; None                      ; 3.951 ns                ;
; N/A                                     ; 237.93 MHz ( period = 4.203 ns )                    ; h_cnt[8] ; v_cnt[0]      ; clk        ; clk      ; None                        ; None                      ; 3.939 ns                ;
; N/A                                     ; 237.93 MHz ( period = 4.203 ns )                    ; h_cnt[8] ; v_cnt[9]      ; clk        ; clk      ; None                        ; None                      ; 3.939 ns                ;
; N/A                                     ; 237.93 MHz ( period = 4.203 ns )                    ; h_cnt[8] ; v_cnt[8]      ; clk        ; clk      ; None                        ; None                      ; 3.939 ns                ;
; N/A                                     ; 237.93 MHz ( period = 4.203 ns )                    ; h_cnt[8] ; v_cnt[4]      ; clk        ; clk      ; None                        ; None                      ; 3.939 ns                ;
; N/A                                     ; 237.93 MHz ( period = 4.203 ns )                    ; h_cnt[8] ; v_cnt[7]      ; clk        ; clk      ; None                        ; None                      ; 3.939 ns                ;
; N/A                                     ; 237.93 MHz ( period = 4.203 ns )                    ; h_cnt[8] ; v_cnt[5]      ; clk        ; clk      ; None                        ; None                      ; 3.939 ns                ;
; N/A                                     ; 237.93 MHz ( period = 4.203 ns )                    ; h_cnt[8] ; v_cnt[6]      ; clk        ; clk      ; None                        ; None                      ; 3.939 ns                ;
; N/A                                     ; 237.93 MHz ( period = 4.203 ns )                    ; h_cnt[8] ; v_cnt[3]      ; clk        ; clk      ; None                        ; None                      ; 3.939 ns                ;
; N/A                                     ; 237.93 MHz ( period = 4.203 ns )                    ; h_cnt[8] ; v_cnt[2]      ; clk        ; clk      ; None                        ; None                      ; 3.939 ns                ;
; N/A                                     ; 237.93 MHz ( period = 4.203 ns )                    ; h_cnt[8] ; v_cnt[1]      ; clk        ; clk      ; None                        ; None                      ; 3.939 ns                ;
; N/A                                     ; 238.49 MHz ( period = 4.193 ns )                    ; h_cnt[7] ; v_cnt[4]      ; clk        ; clk      ; None                        ; None                      ; 3.939 ns                ;
; N/A                                     ; 240.10 MHz ( period = 4.165 ns )                    ; v_cnt[8] ; v_cnt[0]      ; clk        ; clk      ; None                        ; None                      ; 3.901 ns                ;
; N/A                                     ; 240.10 MHz ( period = 4.165 ns )                    ; v_cnt[8] ; v_cnt[9]      ; clk        ; clk      ; None                        ; None                      ; 3.901 ns                ;
; N/A                                     ; 240.10 MHz ( period = 4.165 ns )                    ; v_cnt[8] ; v_cnt[8]      ; clk        ; clk      ; None                        ; None                      ; 3.901 ns                ;
; N/A                                     ; 240.10 MHz ( period = 4.165 ns )                    ; v_cnt[8] ; v_cnt[4]      ; clk        ; clk      ; None                        ; None                      ; 3.901 ns                ;
; N/A                                     ; 240.10 MHz ( period = 4.165 ns )                    ; v_cnt[8] ; v_cnt[7]      ; clk        ; clk      ; None                        ; None                      ; 3.901 ns                ;
; N/A                                     ; 240.10 MHz ( period = 4.165 ns )                    ; v_cnt[8] ; v_cnt[5]      ; clk        ; clk      ; None                        ; None                      ; 3.901 ns                ;
; N/A                                     ; 240.10 MHz ( period = 4.165 ns )                    ; v_cnt[8] ; v_cnt[6]      ; clk        ; clk      ; None                        ; None                      ; 3.901 ns                ;
; N/A                                     ; 240.10 MHz ( period = 4.165 ns )                    ; v_cnt[8] ; v_cnt[3]      ; clk        ; clk      ; None                        ; None                      ; 3.901 ns                ;
; N/A                                     ; 240.10 MHz ( period = 4.165 ns )                    ; v_cnt[8] ; v_cnt[2]      ; clk        ; clk      ; None                        ; None                      ; 3.901 ns                ;
; N/A                                     ; 240.10 MHz ( period = 4.165 ns )                    ; v_cnt[8] ; v_cnt[1]      ; clk        ; clk      ; None                        ; None                      ; 3.901 ns                ;
; N/A                                     ; 240.62 MHz ( period = 4.156 ns )                    ; h_cnt[4] ; h_cnt[9]      ; clk        ; clk      ; None                        ; None                      ; 3.902 ns                ;
; N/A                                     ; 242.78 MHz ( period = 4.119 ns )                    ; h_cnt[4] ; v_cnt[1]      ; clk        ; clk      ; None                        ; None                      ; 3.865 ns                ;
; N/A                                     ; 243.49 MHz ( period = 4.107 ns )                    ; h_cnt[7] ; v_cnt[3]      ; clk        ; clk      ; None                        ; None                      ; 3.853 ns                ;
; N/A                                     ; 244.32 MHz ( period = 4.093 ns )                    ; h_cnt[7] ; v_cnt[0]      ; clk        ; clk      ; None                        ; None                      ; 3.839 ns                ;
; N/A                                     ; 244.32 MHz ( period = 4.093 ns )                    ; h_cnt[7] ; v_cnt[2]      ; clk        ; clk      ; None                        ; None                      ; 3.839 ns                ;
; N/A                                     ; 244.32 MHz ( period = 4.093 ns )                    ; h_cnt[7] ; v_cnt[1]      ; clk        ; clk      ; None                        ; None                      ; 3.839 ns                ;
; N/A                                     ; 244.44 MHz ( period = 4.091 ns )                    ; h_cnt[9] ; v_cnt[4]      ; clk        ; clk      ; None                        ; None                      ; 3.827 ns                ;
; N/A                                     ; 245.58 MHz ( period = 4.072 ns )                    ; h_cnt[5] ; h_cnt[9]      ; clk        ; clk      ; None                        ; None                      ; 3.818 ns                ;
; N/A                                     ; 247.28 MHz ( period = 4.044 ns )                    ; h_cnt[4] ; v_cnt[0]      ; clk        ; clk      ; None                        ; None                      ; 3.790 ns                ;
; N/A                                     ; 249.69 MHz ( period = 4.005 ns )                    ; h_cnt[9] ; v_cnt[3]      ; clk        ; clk      ; None                        ; None                      ; 3.741 ns                ;
; N/A                                     ; 253.04 MHz ( period = 3.952 ns )                    ; h_cnt[9] ; h_cnt[9]      ; clk        ; clk      ; None                        ; None                      ; 3.688 ns                ;
; N/A                                     ; 253.16 MHz ( period = 3.950 ns )                    ; h_cnt[9] ; h_cnt[8]      ; clk        ; clk      ; None                        ; None                      ; 3.686 ns                ;
; N/A                                     ; 254.58 MHz ( period = 3.928 ns )                    ; h_cnt[6] ; h_cnt[5]      ; clk        ; clk      ; None                        ; None                      ; 3.664 ns                ;
; N/A                                     ; 255.17 MHz ( period = 3.919 ns )                    ; h_cnt[9] ; v_cnt[2]      ; clk        ; clk      ; None                        ; None                      ; 3.655 ns                ;
; N/A                                     ; 256.41 MHz ( period = 3.900 ns )                    ; h_cnt[2] ; h_cnt[8]      ; clk        ; clk      ; None                        ; None                      ; 3.646 ns                ;
; N/A                                     ; 258.87 MHz ( period = 3.863 ns )                    ; h_cnt[9] ; v_cnt[0]      ; clk        ; clk      ; None                        ; None                      ; 3.599 ns                ;
; N/A                                     ; 258.87 MHz ( period = 3.863 ns )                    ; h_cnt[3] ; h_cnt[8]      ; clk        ; clk      ; None                        ; None                      ; 3.609 ns                ;
; N/A                                     ; 258.87 MHz ( period = 3.863 ns )                    ; h_cnt[9] ; v_cnt[1]      ; clk        ; clk      ; None                        ; None                      ; 3.599 ns                ;
; N/A                                     ; 264.34 MHz ( period = 3.783 ns )                    ; h_cnt[4] ; h_cnt[8]      ; clk        ; clk      ; None                        ; None                      ; 3.529 ns                ;
; N/A                                     ; 265.96 MHz ( period = 3.760 ns )                    ; h_cnt[1] ; h_cnt[5]      ; clk        ; clk      ; None                        ; None                      ; 3.496 ns                ;
; N/A                                     ; 267.88 MHz ( period = 3.733 ns )                    ; h_cnt[7] ; h_cnt[9]      ; clk        ; clk      ; None                        ; None                      ; 3.479 ns                ;
; N/A                                     ; 270.34 MHz ( period = 3.699 ns )                    ; h_cnt[5] ; h_cnt[8]      ; clk        ; clk      ; None                        ; None                      ; 3.445 ns                ;
; N/A                                     ; 271.59 MHz ( period = 3.682 ns )                    ; v_cnt[4] ; v_cnt[0]      ; clk        ; clk      ; None                        ; None                      ; 3.418 ns                ;
; N/A                                     ; 271.59 MHz ( period = 3.682 ns )                    ; v_cnt[4] ; v_cnt[9]      ; clk        ; clk      ; None                        ; None                      ; 3.418 ns                ;
; N/A                                     ; 271.59 MHz ( period = 3.682 ns )                    ; v_cnt[4] ; v_cnt[8]      ; clk        ; clk      ; None                        ; None                      ; 3.418 ns                ;
; N/A                                     ; 271.59 MHz ( period = 3.682 ns )                    ; v_cnt[4] ; v_cnt[4]      ; clk        ; clk      ; None                        ; None                      ; 3.418 ns                ;
; N/A                                     ; 271.59 MHz ( period = 3.682 ns )                    ; v_cnt[4] ; v_cnt[7]      ; clk        ; clk      ; None                        ; None                      ; 3.418 ns                ;
; N/A                                     ; 271.59 MHz ( period = 3.682 ns )                    ; v_cnt[4] ; v_cnt[5]      ; clk        ; clk      ; None                        ; None                      ; 3.418 ns                ;
; N/A                                     ; 271.59 MHz ( period = 3.682 ns )                    ; v_cnt[4] ; v_cnt[6]      ; clk        ; clk      ; None                        ; None                      ; 3.418 ns                ;
; N/A                                     ; 271.59 MHz ( period = 3.682 ns )                    ; v_cnt[4] ; v_cnt[3]      ; clk        ; clk      ; None                        ; None                      ; 3.418 ns                ;
; N/A                                     ; 271.59 MHz ( period = 3.682 ns )                    ; v_cnt[4] ; v_cnt[2]      ; clk        ; clk      ; None                        ; None                      ; 3.418 ns                ;
; N/A                                     ; 271.59 MHz ( period = 3.682 ns )                    ; v_cnt[4] ; v_cnt[1]      ; clk        ; clk      ; None                        ; None                      ; 3.418 ns                ;
; N/A                                     ; 277.09 MHz ( period = 3.609 ns )                    ; h_cnt[8] ; h_cnt[8]      ; clk        ; clk      ; None                        ; None                      ; 3.345 ns                ;
; N/A                                     ; 277.32 MHz ( period = 3.606 ns )                    ; v_cnt[9] ; red_signal2   ; clk        ; clk      ; None                        ; None                      ; 3.341 ns                ;
; N/A                                     ; 277.32 MHz ( period = 3.606 ns )                    ; v_cnt[9] ; green_signal1 ; clk        ; clk      ; None                        ; None                      ; 3.341 ns                ;
; N/A                                     ; 277.32 MHz ( period = 3.606 ns )                    ; v_cnt[9] ; blue_signal0  ; clk        ; clk      ; None                        ; None                      ; 3.341 ns                ;
; N/A                                     ; 278.71 MHz ( period = 3.588 ns )                    ; h_cnt[0] ; h_cnt[5]      ; clk        ; clk      ; None                        ; None                      ; 3.324 ns                ;
; N/A                                     ; 279.41 MHz ( period = 3.579 ns )                    ; h_cnt[6] ; h_sync        ; clk        ; clk      ; None                        ; None                      ; 3.325 ns                ;
; N/A                                     ; 280.58 MHz ( period = 3.564 ns )                    ; h_cnt[5] ; h_sync        ; clk        ; clk      ; None                        ; None                      ; 3.310 ns                ;
; N/A                                     ; 284.01 MHz ( period = 3.521 ns )                    ; h_cnt[7] ; h_sync        ; clk        ; clk      ; None                        ; None                      ; 3.267 ns                ;
; Timing analysis restricted to 200 rows. ; To change the limit use Settings (Assignments menu) ;          ;               ;            ;          ;                             ;                           ;                         ;
+-----------------------------------------+-----------------------------------------------------+----------+---------------+------------+----------+-----------------------------+---------------------------+-------------------------+


+-----------------------------------------------------------------------+
; tco                                                                   ;
+-------+--------------+------------+-------------+--------+------------+
; Slack ; Required tco ; Actual tco ; From        ; To     ; From Clock ;
+-------+--------------+------------+-------------+--------+------------+
; N/A   ; None         ; 12.689 ns  ; red1~reg0   ; red1   ; clk        ;
; N/A   ; None         ; 12.511 ns  ; red0~reg0   ; red0   ; clk        ;
; N/A   ; None         ; 12.354 ns  ; green0~reg0 ; green0 ; clk        ;
; N/A   ; None         ; 12.145 ns  ; green1~reg0 ; green1 ; clk        ;
; N/A   ; None         ; 11.856 ns  ; green2~reg0 ; green2 ; clk        ;
; N/A   ; None         ; 11.855 ns  ; blue0~reg0  ; blue0  ; clk        ;
; N/A   ; None         ; 11.833 ns  ; blue1~reg0  ; blue1  ; clk        ;
; N/A   ; None         ; 11.812 ns  ; vsync~reg0  ; vsync  ; clk        ;
; N/A   ; None         ; 11.719 ns  ; red2~reg0   ; red2   ; clk        ;
; N/A   ; None         ; 11.411 ns  ; hsync~reg0  ; hsync  ; clk        ;
+-------+--------------+------------+-------------+--------+------------+


+--------------------------+
; Timing Analyzer Messages ;
+--------------------------+
Info: *******************************************************************
Info: Running Quartus II Classic Timing Analyzer
    Info: Version 9.0 Build 235 06/17/2009 Service Pack 2 SJ Full Version
    Info: Processing started: Mon Aug 30 23:46:50 2010
Info: Command: quartus_tan --read_settings_files=off --write_settings_files=off vgaout2 -c vgaout2 --timing_analysis_only
Info: Parallel compilation is enabled and will use 2 of the 2 processors detected
Warning: Found pins functioning as undefined clocks and/or memory enables
    Info: Assuming node "clk" is an undefined clock
Warning: Found 1 node(s) in clock paths which may be acting as ripple and/or gated clocks -- node(s) analyzed as buffer(s) resulting in clock skew
    Info: Detected ripple clock "clk25" as buffer
Info: Clock "clk" has Internal fmax of 188.96 MHz between source register "h_cnt[6]" and destination register "v_cnt[9]" (period= 5.292 ns)
    Info: + Longest register to register delay is 5.038 ns
        Info: 1: + IC(0.000 ns) + CELL(0.000 ns) = 0.000 ns; Loc. = LCFF_X33_Y11_N17; Fanout = 7; REG Node = 'h_cnt[6]'
        Info: 2: + IC(1.195 ns) + CELL(0.499 ns) = 1.694 ns; Loc. = LCCOMB_X33_Y12_N2; Fanout = 2; COMB Node = 'Equal0~0'
        Info: 3: + IC(0.381 ns) + CELL(0.589 ns) = 2.664 ns; Loc. = LCCOMB_X33_Y12_N30; Fanout = 2; COMB Node = 'Equal1~2'
        Info: 4: + IC(0.372 ns) + CELL(0.596 ns) = 3.632 ns; Loc. = LCCOMB_X33_Y12_N6; Fanout = 2; COMB Node = 'v_cnt[0]~31'
        Info: 5: + IC(0.000 ns) + CELL(0.086 ns) = 3.718 ns; Loc. = LCCOMB_X33_Y12_N8; Fanout = 2; COMB Node = 'v_cnt[1]~33'
        Info: 6: + IC(0.000 ns) + CELL(0.086 ns) = 3.804 ns; Loc. = LCCOMB_X33_Y12_N10; Fanout = 2; COMB Node = 'v_cnt[2]~35'
        Info: 7: + IC(0.000 ns) + CELL(0.086 ns) = 3.890 ns; Loc. = LCCOMB_X33_Y12_N12; Fanout = 2; COMB Node = 'v_cnt[3]~37'
        Info: 8: + IC(0.000 ns) + CELL(0.190 ns) = 4.080 ns; Loc. = LCCOMB_X33_Y12_N14; Fanout = 2; COMB Node = 'v_cnt[4]~39'
        Info: 9: + IC(0.000 ns) + CELL(0.086 ns) = 4.166 ns; Loc. = LCCOMB_X33_Y12_N16; Fanout = 2; COMB Node = 'v_cnt[5]~41'
        Info: 10: + IC(0.000 ns) + CELL(0.086 ns) = 4.252 ns; Loc. = LCCOMB_X33_Y12_N18; Fanout = 2; COMB Node = 'v_cnt[6]~43'
        Info: 11: + IC(0.000 ns) + CELL(0.086 ns) = 4.338 ns; Loc. = LCCOMB_X33_Y12_N20; Fanout = 2; COMB Node = 'v_cnt[7]~45'
        Info: 12: + IC(0.000 ns) + CELL(0.086 ns) = 4.424 ns; Loc. = LCCOMB_X33_Y12_N22; Fanout = 1; COMB Node = 'v_cnt[8]~47'
        Info: 13: + IC(0.000 ns) + CELL(0.506 ns) = 4.930 ns; Loc. = LCCOMB_X33_Y12_N24; Fanout = 1; COMB Node = 'v_cnt[9]~48'
        Info: 14: + IC(0.000 ns) + CELL(0.108 ns) = 5.038 ns; Loc. = LCFF_X33_Y12_N25; Fanout = 7; REG Node = 'v_cnt[9]'
        Info: Total cell delay = 3.090 ns ( 61.33 % )
        Info: Total interconnect delay = 1.948 ns ( 38.67 % )
    Info: - Smallest clock skew is 0.010 ns
        Info: + Shortest clock path from clock "clk" to destination register is 5.011 ns
            Info: 1: + IC(0.000 ns) + CELL(1.140 ns) = 1.140 ns; Loc. = PIN_23; Fanout = 1; CLK Node = 'clk'
            Info: 2: + IC(0.522 ns) + CELL(0.970 ns) = 2.632 ns; Loc. = LCFF_X1_Y9_N1; Fanout = 2; REG Node = 'clk25'
            Info: 3: + IC(0.805 ns) + CELL(0.000 ns) = 3.437 ns; Loc. = CLKCTRL_G3; Fanout = 37; COMB Node = 'clk25~clkctrl'
            Info: 4: + IC(0.908 ns) + CELL(0.666 ns) = 5.011 ns; Loc. = LCFF_X33_Y12_N25; Fanout = 7; REG Node = 'v_cnt[9]'
            Info: Total cell delay = 2.776 ns ( 55.40 % )
            Info: Total interconnect delay = 2.235 ns ( 44.60 % )
        Info: - Longest clock path from clock "clk" to source register is 5.001 ns
            Info: 1: + IC(0.000 ns) + CELL(1.140 ns) = 1.140 ns; Loc. = PIN_23; Fanout = 1; CLK Node = 'clk'
            Info: 2: + IC(0.522 ns) + CELL(0.970 ns) = 2.632 ns; Loc. = LCFF_X1_Y9_N1; Fanout = 2; REG Node = 'clk25'
            Info: 3: + IC(0.805 ns) + CELL(0.000 ns) = 3.437 ns; Loc. = CLKCTRL_G3; Fanout = 37; COMB Node = 'clk25~clkctrl'
            Info: 4: + IC(0.898 ns) + CELL(0.666 ns) = 5.001 ns; Loc. = LCFF_X33_Y11_N17; Fanout = 7; REG Node = 'h_cnt[6]'
            Info: Total cell delay = 2.776 ns ( 55.51 % )
            Info: Total interconnect delay = 2.225 ns ( 44.49 % )
    Info: + Micro clock to output delay of source is 0.304 ns
    Info: + Micro setup delay of destination is -0.040 ns
Info: tco from clock "clk" to destination pin "red1" through register "red1~reg0" is 12.689 ns
    Info: + Longest clock path from clock "clk" to source register is 5.010 ns
        Info: 1: + IC(0.000 ns) + CELL(1.140 ns) = 1.140 ns; Loc. = PIN_23; Fanout = 1; CLK Node = 'clk'
        Info: 2: + IC(0.522 ns) + CELL(0.970 ns) = 2.632 ns; Loc. = LCFF_X1_Y9_N1; Fanout = 2; REG Node = 'clk25'
        Info: 3: + IC(0.805 ns) + CELL(0.000 ns) = 3.437 ns; Loc. = CLKCTRL_G3; Fanout = 37; COMB Node = 'clk25~clkctrl'
        Info: 4: + IC(0.907 ns) + CELL(0.666 ns) = 5.010 ns; Loc. = LCFF_X31_Y12_N13; Fanout = 1; REG Node = 'red1~reg0'
        Info: Total cell delay = 2.776 ns ( 55.41 % )
        Info: Total interconnect delay = 2.234 ns ( 44.59 % )
    Info: + Micro clock to output delay of source is 0.304 ns
    Info: + Longest register to pin delay is 7.375 ns
        Info: 1: + IC(0.000 ns) + CELL(0.000 ns) = 0.000 ns; Loc. = LCFF_X31_Y12_N13; Fanout = 1; REG Node = 'red1~reg0'
        Info: 2: + IC(4.089 ns) + CELL(3.286 ns) = 7.375 ns; Loc. = PIN_199; Fanout = 0; PIN Node = 'red1'
        Info: Total cell delay = 3.286 ns ( 44.56 % )
        Info: Total interconnect delay = 4.089 ns ( 55.44 % )
Info: Quartus II Classic Timing Analyzer was successful. 0 errors, 2 warnings
    Info: Peak virtual memory: 144 megabytes
    Info: Processing ended: Mon Aug 30 23:46:52 2010
    Info: Elapsed time: 00:00:02
    Info: Total CPU time (on all processors): 00:00:01


