Analysis & Synthesis report for serial_1
Tue Aug 17 02:06:48 2010
Quartus II Version 9.0 Build 235 06/17/2009 Service Pack 2 SJ Full Version


---------------------
; Table of Contents ;
---------------------
  1. Legal Notice
  2. Analysis & Synthesis Summary
  3. Analysis & Synthesis Settings
  4. Analysis & Synthesis Source Files Read
  5. Analysis & Synthesis Resource Usage Summary
  6. Analysis & Synthesis Resource Utilization by Entity
  7. Registers Removed During Synthesis
  8. General Register Statistics
  9. Inverted Register Statistics
 10. Multiplexer Restructuring Statistics (Restructuring Performed)
 11. Parameter Settings for User Entity Instance: Top-level Entity: |serial_1
 12. Analysis & Synthesis Messages



----------------
; Legal Notice ;
----------------
Copyright (C) 1991-2009 Altera Corporation
Your use of Altera Corporation's design tools, logic functions 
and other software and tools, and its AMPP partner logic 
functions, and any output files from any of the foregoing 
(including device programming or simulation files), and any 
associated documentation or information are expressly subject 
to the terms and conditions of the Altera Program License 
Subscription Agreement, Altera MegaCore Function License 
Agreement, or other applicable license agreement, including, 
without limitation, that your use is for the sole purpose of 
programming logic devices manufactured by Altera and sold by 
Altera or its authorized distributors.  Please refer to the 
applicable agreement for further details.



+------------------------------------------------------------------------------------+
; Analysis & Synthesis Summary                                                       ;
+------------------------------------+-----------------------------------------------+
; Analysis & Synthesis Status        ; Successful - Tue Aug 17 02:06:48 2010         ;
; Quartus II Version                 ; 9.0 Build 235 06/17/2009 SP 2 SJ Full Version ;
; Revision Name                      ; serial_1                                      ;
; Top-level Entity Name              ; serial_1                                      ;
; Family                             ; Cyclone II                                    ;
; Total logic elements               ; 167                                           ;
;     Total combinational functions  ; 157                                           ;
;     Dedicated logic registers      ; 78                                            ;
; Total registers                    ; 78                                            ;
; Total pins                         ; 21                                            ;
; Total virtual pins                 ; 0                                             ;
; Total memory bits                  ; 0                                             ;
; Embedded Multiplier 9-bit elements ; 0                                             ;
; Total PLLs                         ; 0                                             ;
+------------------------------------+-----------------------------------------------+


+--------------------------------------------------------------------------------------------------------+
; Analysis & Synthesis Settings                                                                          ;
+--------------------------------------------------------------+--------------------+--------------------+
; Option                                                       ; Setting            ; Default Value      ;
+--------------------------------------------------------------+--------------------+--------------------+
; Device                                                       ; EP2C5Q208C8        ;                    ;
; Top-level entity name                                        ; serial_1           ; serial_1           ;
; Family name                                                  ; Cyclone II         ; Stratix II         ;
; Use Generated Physical Constraints File                      ; Off                ;                    ;
; Use smart compilation                                        ; Off                ; Off                ;
; Restructure Multiplexers                                     ; Auto               ; Auto               ;
; Create Debugging Nodes for IP Cores                          ; Off                ; Off                ;
; Preserve fewer node names                                    ; On                 ; On                 ;
; Disable OpenCore Plus hardware evaluation                    ; Off                ; Off                ;
; Verilog Version                                              ; Verilog_2001       ; Verilog_2001       ;
; VHDL Version                                                 ; VHDL93             ; VHDL93             ;
; State Machine Processing                                     ; Auto               ; Auto               ;
; Safe State Machine                                           ; Off                ; Off                ;
; Extract Verilog State Machines                               ; On                 ; On                 ;
; Extract VHDL State Machines                                  ; On                 ; On                 ;
; Ignore Verilog initial constructs                            ; Off                ; Off                ;
; Iteration limit for constant Verilog loops                   ; 5000               ; 5000               ;
; Iteration limit for non-constant Verilog loops               ; 250                ; 250                ;
; Add Pass-Through Logic to Inferred RAMs                      ; On                 ; On                 ;
; Parallel Synthesis                                           ; Off                ; Off                ;
; DSP Block Balancing                                          ; Auto               ; Auto               ;
; NOT Gate Push-Back                                           ; On                 ; On                 ;
; Power-Up Don't Care                                          ; On                 ; On                 ;
; Remove Redundant Logic Cells                                 ; Off                ; Off                ;
; Remove Duplicate Registers                                   ; On                 ; On                 ;
; Ignore CARRY Buffers                                         ; Off                ; Off                ;
; Ignore CASCADE Buffers                                       ; Off                ; Off                ;
; Ignore GLOBAL Buffers                                        ; Off                ; Off                ;
; Ignore ROW GLOBAL Buffers                                    ; Off                ; Off                ;
; Ignore LCELL Buffers                                         ; Off                ; Off                ;
; Ignore SOFT Buffers                                          ; On                 ; On                 ;
; Limit AHDL Integers to 32 Bits                               ; Off                ; Off                ;
; Optimization Technique                                       ; Balanced           ; Balanced           ;
; Carry Chain Length                                           ; 70                 ; 70                 ;
; Auto Carry Chains                                            ; On                 ; On                 ;
; Auto Open-Drain Pins                                         ; On                 ; On                 ;
; Perform WYSIWYG Primitive Resynthesis                        ; Off                ; Off                ;
; Auto ROM Replacement                                         ; On                 ; On                 ;
; Auto RAM Replacement                                         ; On                 ; On                 ;
; Auto Shift Register Replacement                              ; Auto               ; Auto               ;
; Auto Clock Enable Replacement                                ; On                 ; On                 ;
; Strict RAM Replacement                                       ; Off                ; Off                ;
; Allow Synchronous Control Signals                            ; On                 ; On                 ;
; Force Use of Synchronous Clear Signals                       ; Off                ; Off                ;
; Auto RAM to Logic Cell Conversion                            ; Off                ; Off                ;
; Auto Resource Sharing                                        ; Off                ; Off                ;
; Allow Any RAM Size For Recognition                           ; Off                ; Off                ;
; Allow Any ROM Size For Recognition                           ; Off                ; Off                ;
; Allow Any Shift Register Size For Recognition                ; Off                ; Off                ;
; Use LogicLock Constraints during Resource Balancing          ; On                 ; On                 ;
; Ignore translate_off and synthesis_off directives            ; Off                ; Off                ;
; Timing-Driven Synthesis                                      ; Off                ; Off                ;
; Show Parameter Settings Tables in Synthesis Report           ; On                 ; On                 ;
; Ignore Maximum Fan-Out Assignments                           ; Off                ; Off                ;
; Synchronization Register Chain Length                        ; 2                  ; 2                  ;
; PowerPlay Power Optimization                                 ; Normal compilation ; Normal compilation ;
; HDL message level                                            ; Level2             ; Level2             ;
; Suppress Register Optimization Related Messages              ; Off                ; Off                ;
; Number of Removed Registers Reported in Synthesis Report     ; 100                ; 100                ;
; Number of Inverted Registers Reported in Synthesis Report    ; 100                ; 100                ;
; Clock MUX Protection                                         ; On                 ; On                 ;
; Auto Gated Clock Conversion                                  ; Off                ; Off                ;
; Block Design Naming                                          ; Auto               ; Auto               ;
; SDC constraint protection                                    ; Off                ; Off                ;
; Synthesis Effort                                             ; Auto               ; Auto               ;
; Shift Register Replacement - Allow Asynchronous Clear Signal ; On                 ; On                 ;
; Analysis & Synthesis Message Level                           ; Medium             ; Medium             ;
+--------------------------------------------------------------+--------------------+--------------------+


+------------------------------------------------------------------------------------------------------------------+
; Analysis & Synthesis Source Files Read                                                                           ;
+----------------------------------+-----------------+------------------------+------------------------------------+
; File Name with User-Entered Path ; Used in Netlist ; File Type              ; File Name with Absolute Path       ;
+----------------------------------+-----------------+------------------------+------------------------------------+
; serial_1.v                       ; yes             ; User Verilog HDL File  ; E:/ep2c5q208/demo7-uart/serial_1.v ;
+----------------------------------+-----------------+------------------------+------------------------------------+


+-----------------------------------------------------+
; Analysis & Synthesis Resource Usage Summary         ;
+---------------------------------------------+-------+
; Resource                                    ; Usage ;
+---------------------------------------------+-------+
; Estimated Total logic elements              ; 167   ;
;                                             ;       ;
; Total combinational functions               ; 157   ;
; Logic element usage by number of LUT inputs ;       ;
;     -- 4 input functions                    ; 83    ;
;     -- 3 input functions                    ; 21    ;
;     -- <=2 input functions                  ; 53    ;
;                                             ;       ;
; Logic elements by mode                      ;       ;
;     -- normal mode                          ; 123   ;
;     -- arithmetic mode                      ; 34    ;
;                                             ;       ;
; Total registers                             ; 78    ;
;     -- Dedicated logic registers            ; 78    ;
;     -- I/O registers                        ; 0     ;
;                                             ;       ;
; I/O pins                                    ; 21    ;
; Maximum fan-out node                        ; rst   ;
; Maximum fan-out                             ; 45    ;
; Total fan-out                               ; 785   ;
; Average fan-out                             ; 3.07  ;
+---------------------------------------------+-------+


+-----------------------------------------------------------------------------------------------------------------------------------------------------------------------------+
; Analysis & Synthesis Resource Utilization by Entity                                                                                                                         ;
+----------------------------+-------------------+--------------+-------------+--------------+---------+-----------+------+--------------+---------------------+--------------+
; Compilation Hierarchy Node ; LC Combinationals ; LC Registers ; Memory Bits ; DSP Elements ; DSP 9x9 ; DSP 18x18 ; Pins ; Virtual Pins ; Full Hierarchy Name ; Library Name ;
+----------------------------+-------------------+--------------+-------------+--------------+---------+-----------+------+--------------+---------------------+--------------+
; |serial_1                  ; 157 (157)         ; 78 (78)      ; 0           ; 0            ; 0       ; 0         ; 21   ; 0            ; |serial_1           ; work         ;
+----------------------------+-------------------+--------------+-------------+--------------+---------+-----------+------+--------------+---------------------+--------------+
Note: For table entries with two numbers listed, the numbers in parentheses indicate the number of resources of the given type used by the specific entity alone. The numbers listed outside of parentheses indicate the total resources of the given type used by the specific entity and all of its sub-entities in the hierarchy.


+--------------------------------------------------------------------------------+
; Registers Removed During Synthesis                                             ;
+---------------------------------------+----------------------------------------+
; Register name                         ; Reason for Removal                     ;
+---------------------------------------+----------------------------------------+
; txd_buf[7]                            ; Stuck at GND due to stuck port data_in ;
; Total Number of Removed Registers = 1 ;                                        ;
+---------------------------------------+----------------------------------------+


+------------------------------------------------------+
; General Register Statistics                          ;
+----------------------------------------------+-------+
; Statistic                                    ; Value ;
+----------------------------------------------+-------+
; Total registers                              ; 78    ;
; Number of registers using Synchronous Clear  ; 39    ;
; Number of registers using Synchronous Load   ; 5     ;
; Number of registers using Asynchronous Clear ; 39    ;
; Number of registers using Asynchronous Load  ; 0     ;
; Number of registers using Clock Enable       ; 38    ;
; Number of registers using Preset             ; 0     ;
+----------------------------------------------+-------+


+--------------------------------------------------+
; Inverted Register Statistics                     ;
+----------------------------------------+---------+
; Inverted Register                      ; Fan out ;
+----------------------------------------+---------+
; txd_reg                                ; 2       ;
; Total number of inverted registers = 1 ;         ;
+----------------------------------------+---------+


+------------------------------------------------------------------------------------------------------------------------------------------+
; Multiplexer Restructuring Statistics (Restructuring Performed)                                                                           ;
+--------------------+-----------+---------------+----------------------+------------------------+------------+----------------------------+
; Multiplexer Inputs ; Bus Width ; Baseline Area ; Area if Restructured ; Saving if Restructured ; Registered ; Example Multiplexer Output ;
+--------------------+-----------+---------------+----------------------+------------------------+------------+----------------------------+
; 3:1                ; 16 bits   ; 32 LEs        ; 16 LEs               ; 16 LEs                 ; Yes        ; |serial_1|div_reg[5]       ;
; 4:1                ; 20 bits   ; 40 LEs        ; 20 LEs               ; 20 LEs                 ; Yes        ; |serial_1|cnt_delay[8]     ;
; 14:1               ; 3 bits    ; 27 LEs        ; 6 LEs                ; 21 LEs                 ; Yes        ; |serial_1|txd_buf[1]       ;
; 21:1               ; 3 bits    ; 42 LEs        ; 18 LEs               ; 24 LEs                 ; Yes        ; |serial_1|txd_buf[0]       ;
+--------------------+-----------+---------------+----------------------+------------------------+------------+----------------------------+


+--------------------------------------------------------------------------+
; Parameter Settings for User Entity Instance: Top-level Entity: |serial_1 ;
+----------------+------------------+--------------------------------------+
; Parameter Name ; Value            ; Type                                 ;
+----------------+------------------+--------------------------------------+
; div_par        ; 0000000101000101 ; Unsigned Binary                      ;
+----------------+------------------+--------------------------------------+
Note: In order to hide this table in the UI and the text report file, please set the "Show Parameter Settings Tables in Synthesis Report" option in "Analysis and Synthesis Settings -> More Settings" to "Off".


+-------------------------------+
; Analysis & Synthesis Messages ;
+-------------------------------+
Info: *******************************************************************
Info: Running Quartus II Analysis & Synthesis
    Info: Version 9.0 Build 235 06/17/2009 Service Pack 2 SJ Full Version
    Info: Processing started: Tue Aug 17 02:06:44 2010
Info: Command: quartus_map --read_settings_files=on --write_settings_files=off serial_1 -c serial_1
Info: Found 1 design units, including 1 entities, in source file serial_1.v
    Info: Found entity 1: serial_1
Info: Elaborating entity "serial_1" for the top level hierarchy
Warning (10230): Verilog HDL assignment warning at serial_1.v(66): truncated value with size 32 to match size of target (20)
Warning (10230): Verilog HDL assignment warning at serial_1.v(101): truncated value with size 32 to match size of target (16)
Warning (10230): Verilog HDL assignment warning at serial_1.v(119): truncated value with size 32 to match size of target (3)
Warning (10230): Verilog HDL assignment warning at serial_1.v(127): truncated value with size 32 to match size of target (3)
Warning (10230): Verilog HDL assignment warning at serial_1.v(171): truncated value with size 32 to match size of target (4)
Warning (10230): Verilog HDL assignment warning at serial_1.v(183): truncated value with size 32 to match size of target (4)
Warning (10230): Verilog HDL assignment warning at serial_1.v(190): truncated value with size 32 to match size of target (4)
Warning (10230): Verilog HDL assignment warning at serial_1.v(197): truncated value with size 32 to match size of target (4)
Warning (10230): Verilog HDL assignment warning at serial_1.v(204): truncated value with size 32 to match size of target (4)
Warning (10230): Verilog HDL assignment warning at serial_1.v(211): truncated value with size 32 to match size of target (4)
Warning (10230): Verilog HDL assignment warning at serial_1.v(218): truncated value with size 32 to match size of target (4)
Warning (10230): Verilog HDL assignment warning at serial_1.v(225): truncated value with size 32 to match size of target (4)
Warning (10230): Verilog HDL assignment warning at serial_1.v(232): truncated value with size 32 to match size of target (4)
Warning (10230): Verilog HDL assignment warning at serial_1.v(239): truncated value with size 32 to match size of target (4)
Warning (10230): Verilog HDL assignment warning at serial_1.v(244): truncated value with size 32 to match size of target (4)
Warning (10230): Verilog HDL assignment warning at serial_1.v(245): truncated value with size 32 to match size of target (3)
Warning (10230): Verilog HDL assignment warning at serial_1.v(267): truncated value with size 32 to match size of target (4)
Warning (10230): Verilog HDL assignment warning at serial_1.v(293): truncated value with size 32 to match size of target (4)
Warning (10230): Verilog HDL assignment warning at serial_1.v(302): truncated value with size 32 to match size of target (4)
Info: Registers with preset signals will power-up high
Info: DEV_CLRn pin will set, and not reset, register with preset signal due to NOT Gate Push-Back
Warning: Output pins are stuck at VCC or GND
    Warning (13410): Pin "en[0]" is stuck at GND
    Warning (13410): Pin "en[1]" is stuck at GND
    Warning (13410): Pin "en[2]" is stuck at GND
    Warning (13410): Pin "en[3]" is stuck at GND
    Warning (13410): Pin "en[4]" is stuck at GND
    Warning (13410): Pin "en[5]" is stuck at GND
    Warning (13410): Pin "en[6]" is stuck at GND
    Warning (13410): Pin "en[7]" is stuck at GND
Info: Implemented 188 device resources after synthesis - the final resource count might be different
    Info: Implemented 4 input pins
    Info: Implemented 17 output pins
    Info: Implemented 167 logic cells
Info: Quartus II Analysis & Synthesis was successful. 0 errors, 28 warnings
    Info: Peak virtual memory: 184 megabytes
    Info: Processing ended: Tue Aug 17 02:06:48 2010
    Info: Elapsed time: 00:00:04
    Info: Total CPU time (on all processors): 00:00:04


