Classic Timing Analyzer report for LampsSequencer
Mon Aug 30 07:24:01 2010
Quartus II Version 9.0 Build 235 06/17/2009 Service Pack 2 SJ Full Version


---------------------
; Table of Contents ;
---------------------
  1. Legal Notice
  2. Timing Analyzer Summary
  3. Timing Analyzer Settings
  4. Clock Settings Summary
  5. Parallel Compilation
  6. Clock Setup: 'clk'
  7. tco
  8. Timing Analyzer Messages



----------------
; Legal Notice ;
----------------
Copyright (C) 1991-2009 Altera Corporation
Your use of Altera Corporation's design tools, logic functions 
and other software and tools, and its AMPP partner logic 
functions, and any output files from any of the foregoing 
(including device programming or simulation files), and any 
associated documentation or information are expressly subject 
to the terms and conditions of the Altera Program License 
Subscription Agreement, Altera MegaCore Function License 
Agreement, or other applicable license agreement, including, 
without limitation, that your use is for the sole purpose of 
programming logic devices manufactured by Altera and sold by 
Altera or its authorized distributors.  Please refer to the 
applicable agreement for further details.



+----------------------------------------------------------------------------------------------------------------------------------------------------------------+
; Timing Analyzer Summary                                                                                                                                        ;
+------------------------------+-------+---------------+----------------------------------+---------------+---------------+------------+----------+--------------+
; Type                         ; Slack ; Required Time ; Actual Time                      ; From          ; To            ; From Clock ; To Clock ; Failed Paths ;
+------------------------------+-------+---------------+----------------------------------+---------------+---------------+------------+----------+--------------+
; Worst-case tco               ; N/A   ; None          ; 18.225 ns                        ; led1[5]~reg0  ; led1[5]       ; clk        ; --       ; 0            ;
; Clock Setup: 'clk'           ; N/A   ; None          ; 192.98 MHz ( period = 5.182 ns ) ; \P1:count[12] ; \P1:count[11] ; clk        ; clk      ; 0            ;
; Total number of failed paths ;       ;               ;                                  ;               ;               ;            ;          ; 0            ;
+------------------------------+-------+---------------+----------------------------------+---------------+---------------+------------+----------+--------------+


+--------------------------------------------------------------------------------------------------------------------+
; Timing Analyzer Settings                                                                                           ;
+---------------------------------------------------------------------+--------------------+------+----+-------------+
; Option                                                              ; Setting            ; From ; To ; Entity Name ;
+---------------------------------------------------------------------+--------------------+------+----+-------------+
; Device Name                                                         ; EP2C8Q208C8        ;      ;    ;             ;
; Timing Models                                                       ; Final              ;      ;    ;             ;
; Default hold multicycle                                             ; Same as Multicycle ;      ;    ;             ;
; Cut paths between unrelated clock domains                           ; On                 ;      ;    ;             ;
; Cut off read during write signal paths                              ; On                 ;      ;    ;             ;
; Cut off feedback from I/O pins                                      ; On                 ;      ;    ;             ;
; Report Combined Fast/Slow Timing                                    ; Off                ;      ;    ;             ;
; Ignore Clock Settings                                               ; Off                ;      ;    ;             ;
; Analyze latches as synchronous elements                             ; On                 ;      ;    ;             ;
; Enable Recovery/Removal analysis                                    ; Off                ;      ;    ;             ;
; Enable Clock Latency                                                ; Off                ;      ;    ;             ;
; Use TimeQuest Timing Analyzer                                       ; Off                ;      ;    ;             ;
; Minimum Core Junction Temperature                                   ; 0                  ;      ;    ;             ;
; Maximum Core Junction Temperature                                   ; 85                 ;      ;    ;             ;
; Number of source nodes to report per destination node               ; 10                 ;      ;    ;             ;
; Number of destination nodes to report                               ; 10                 ;      ;    ;             ;
; Number of paths to report                                           ; 200                ;      ;    ;             ;
; Report Minimum Timing Checks                                        ; Off                ;      ;    ;             ;
; Use Fast Timing Models                                              ; Off                ;      ;    ;             ;
; Report IO Paths Separately                                          ; Off                ;      ;    ;             ;
; Perform Multicorner Analysis                                        ; On                 ;      ;    ;             ;
; Reports the worst-case path for each clock domain and analysis      ; Off                ;      ;    ;             ;
; Removes common clock path pessimism (CCPP) during slack computation ; Off                ;      ;    ;             ;
; Output I/O Timing Endpoint                                          ; Near End           ;      ;    ;             ;
+---------------------------------------------------------------------+--------------------+------+----+-------------+


+------------------------------------------------------------------------------------------------------------------------------------------------------------------------------------+
; Clock Settings Summary                                                                                                                                                             ;
+-----------------+--------------------+----------+------------------+---------------+--------------+----------+-----------------------+---------------------+--------+--------------+
; Clock Node Name ; Clock Setting Name ; Type     ; Fmax Requirement ; Early Latency ; Late Latency ; Based on ; Multiply Base Fmax by ; Divide Base Fmax by ; Offset ; Phase offset ;
+-----------------+--------------------+----------+------------------+---------------+--------------+----------+-----------------------+---------------------+--------+--------------+
; clk             ;                    ; User Pin ; None             ; 0.000 ns      ; 0.000 ns     ; --       ; N/A                   ; N/A                 ; N/A    ;              ;
+-----------------+--------------------+----------+------------------+---------------+--------------+----------+-----------------------+---------------------+--------+--------------+


+------------------------------------------+
; Parallel Compilation                     ;
+----------------------------+-------------+
; Processors                 ; Number      ;
+----------------------------+-------------+
; Number detected on machine ; 2           ;
; Maximum allowed            ; 2           ;
;                            ;             ;
; Average used               ; 1.00        ;
; Maximum used               ; 1           ;
;                            ;             ;
; Usage by Processor         ; % Time Used ;
;     1 processor            ; 100.0%      ;
;     2 processors           ;   0.0%      ;
+----------------------------+-------------+


+-------------------------------------------------------------------------------------------------------------------------------------------------------------------------------------------------------------------------------------------+
; Clock Setup: 'clk'                                                                                                                                                                                                                        ;
+-----------------------------------------+-----------------------------------------------------+---------------+---------------+------------+----------+-----------------------------+---------------------------+-------------------------+
; Slack                                   ; Actual fmax (period)                                ; From          ; To            ; From Clock ; To Clock ; Required Setup Relationship ; Required Longest P2P Time ; Actual Longest P2P Time ;
+-----------------------------------------+-----------------------------------------------------+---------------+---------------+------------+----------+-----------------------------+---------------------------+-------------------------+
; N/A                                     ; 192.98 MHz ( period = 5.182 ns )                    ; \P1:count[12] ; \P1:count[19] ; clk        ; clk      ; None                        ; None                      ; 4.918 ns                ;
; N/A                                     ; 192.98 MHz ( period = 5.182 ns )                    ; \P1:count[12] ; \P1:count[14] ; clk        ; clk      ; None                        ; None                      ; 4.918 ns                ;
; N/A                                     ; 192.98 MHz ( period = 5.182 ns )                    ; \P1:count[12] ; \P1:count[15] ; clk        ; clk      ; None                        ; None                      ; 4.918 ns                ;
; N/A                                     ; 192.98 MHz ( period = 5.182 ns )                    ; \P1:count[12] ; \P1:count[13] ; clk        ; clk      ; None                        ; None                      ; 4.918 ns                ;
; N/A                                     ; 192.98 MHz ( period = 5.182 ns )                    ; \P1:count[12] ; \P1:count[18] ; clk        ; clk      ; None                        ; None                      ; 4.918 ns                ;
; N/A                                     ; 192.98 MHz ( period = 5.182 ns )                    ; \P1:count[12] ; \P1:count[16] ; clk        ; clk      ; None                        ; None                      ; 4.918 ns                ;
; N/A                                     ; 192.98 MHz ( period = 5.182 ns )                    ; \P1:count[12] ; \P1:count[17] ; clk        ; clk      ; None                        ; None                      ; 4.918 ns                ;
; N/A                                     ; 192.98 MHz ( period = 5.182 ns )                    ; \P1:count[12] ; \P1:count[10] ; clk        ; clk      ; None                        ; None                      ; 4.918 ns                ;
; N/A                                     ; 192.98 MHz ( period = 5.182 ns )                    ; \P1:count[12] ; \P1:count[12] ; clk        ; clk      ; None                        ; None                      ; 4.918 ns                ;
; N/A                                     ; 192.98 MHz ( period = 5.182 ns )                    ; \P1:count[12] ; \P1:count[11] ; clk        ; clk      ; None                        ; None                      ; 4.918 ns                ;
; N/A                                     ; 199.52 MHz ( period = 5.012 ns )                    ; \P1:count[18] ; \P1:count[19] ; clk        ; clk      ; None                        ; None                      ; 4.748 ns                ;
; N/A                                     ; 199.52 MHz ( period = 5.012 ns )                    ; \P1:count[18] ; \P1:count[14] ; clk        ; clk      ; None                        ; None                      ; 4.748 ns                ;
; N/A                                     ; 199.52 MHz ( period = 5.012 ns )                    ; \P1:count[18] ; \P1:count[15] ; clk        ; clk      ; None                        ; None                      ; 4.748 ns                ;
; N/A                                     ; 199.52 MHz ( period = 5.012 ns )                    ; \P1:count[18] ; \P1:count[13] ; clk        ; clk      ; None                        ; None                      ; 4.748 ns                ;
; N/A                                     ; 199.52 MHz ( period = 5.012 ns )                    ; \P1:count[18] ; \P1:count[18] ; clk        ; clk      ; None                        ; None                      ; 4.748 ns                ;
; N/A                                     ; 199.52 MHz ( period = 5.012 ns )                    ; \P1:count[18] ; \P1:count[16] ; clk        ; clk      ; None                        ; None                      ; 4.748 ns                ;
; N/A                                     ; 199.52 MHz ( period = 5.012 ns )                    ; \P1:count[18] ; \P1:count[17] ; clk        ; clk      ; None                        ; None                      ; 4.748 ns                ;
; N/A                                     ; 199.52 MHz ( period = 5.012 ns )                    ; \P1:count[18] ; \P1:count[10] ; clk        ; clk      ; None                        ; None                      ; 4.748 ns                ;
; N/A                                     ; 199.52 MHz ( period = 5.012 ns )                    ; \P1:count[18] ; \P1:count[12] ; clk        ; clk      ; None                        ; None                      ; 4.748 ns                ;
; N/A                                     ; 199.52 MHz ( period = 5.012 ns )                    ; \P1:count[18] ; \P1:count[11] ; clk        ; clk      ; None                        ; None                      ; 4.748 ns                ;
; N/A                                     ; 200.28 MHz ( period = 4.993 ns )                    ; \P1:count[11] ; \P1:count[19] ; clk        ; clk      ; None                        ; None                      ; 4.729 ns                ;
; N/A                                     ; 200.28 MHz ( period = 4.993 ns )                    ; \P1:count[11] ; \P1:count[14] ; clk        ; clk      ; None                        ; None                      ; 4.729 ns                ;
; N/A                                     ; 200.28 MHz ( period = 4.993 ns )                    ; \P1:count[11] ; \P1:count[15] ; clk        ; clk      ; None                        ; None                      ; 4.729 ns                ;
; N/A                                     ; 200.28 MHz ( period = 4.993 ns )                    ; \P1:count[11] ; \P1:count[13] ; clk        ; clk      ; None                        ; None                      ; 4.729 ns                ;
; N/A                                     ; 200.28 MHz ( period = 4.993 ns )                    ; \P1:count[11] ; \P1:count[18] ; clk        ; clk      ; None                        ; None                      ; 4.729 ns                ;
; N/A                                     ; 200.28 MHz ( period = 4.993 ns )                    ; \P1:count[11] ; \P1:count[16] ; clk        ; clk      ; None                        ; None                      ; 4.729 ns                ;
; N/A                                     ; 200.28 MHz ( period = 4.993 ns )                    ; \P1:count[11] ; \P1:count[17] ; clk        ; clk      ; None                        ; None                      ; 4.729 ns                ;
; N/A                                     ; 200.28 MHz ( period = 4.993 ns )                    ; \P1:count[11] ; \P1:count[10] ; clk        ; clk      ; None                        ; None                      ; 4.729 ns                ;
; N/A                                     ; 200.28 MHz ( period = 4.993 ns )                    ; \P1:count[11] ; \P1:count[12] ; clk        ; clk      ; None                        ; None                      ; 4.729 ns                ;
; N/A                                     ; 200.28 MHz ( period = 4.993 ns )                    ; \P1:count[11] ; \P1:count[11] ; clk        ; clk      ; None                        ; None                      ; 4.729 ns                ;
; N/A                                     ; 202.51 MHz ( period = 4.938 ns )                    ; \P1:count[10] ; \P1:count[19] ; clk        ; clk      ; None                        ; None                      ; 4.674 ns                ;
; N/A                                     ; 202.51 MHz ( period = 4.938 ns )                    ; \P1:count[10] ; \P1:count[14] ; clk        ; clk      ; None                        ; None                      ; 4.674 ns                ;
; N/A                                     ; 202.51 MHz ( period = 4.938 ns )                    ; \P1:count[10] ; \P1:count[15] ; clk        ; clk      ; None                        ; None                      ; 4.674 ns                ;
; N/A                                     ; 202.51 MHz ( period = 4.938 ns )                    ; \P1:count[10] ; \P1:count[13] ; clk        ; clk      ; None                        ; None                      ; 4.674 ns                ;
; N/A                                     ; 202.51 MHz ( period = 4.938 ns )                    ; \P1:count[10] ; \P1:count[18] ; clk        ; clk      ; None                        ; None                      ; 4.674 ns                ;
; N/A                                     ; 202.51 MHz ( period = 4.938 ns )                    ; \P1:count[10] ; \P1:count[16] ; clk        ; clk      ; None                        ; None                      ; 4.674 ns                ;
; N/A                                     ; 202.51 MHz ( period = 4.938 ns )                    ; \P1:count[10] ; \P1:count[17] ; clk        ; clk      ; None                        ; None                      ; 4.674 ns                ;
; N/A                                     ; 202.51 MHz ( period = 4.938 ns )                    ; \P1:count[10] ; \P1:count[10] ; clk        ; clk      ; None                        ; None                      ; 4.674 ns                ;
; N/A                                     ; 202.51 MHz ( period = 4.938 ns )                    ; \P1:count[10] ; \P1:count[12] ; clk        ; clk      ; None                        ; None                      ; 4.674 ns                ;
; N/A                                     ; 202.51 MHz ( period = 4.938 ns )                    ; \P1:count[10] ; \P1:count[11] ; clk        ; clk      ; None                        ; None                      ; 4.674 ns                ;
; N/A                                     ; 203.62 MHz ( period = 4.911 ns )                    ; \P1:count[7]  ; \P1:count[19] ; clk        ; clk      ; None                        ; None                      ; 4.656 ns                ;
; N/A                                     ; 203.62 MHz ( period = 4.911 ns )                    ; \P1:count[7]  ; \P1:count[14] ; clk        ; clk      ; None                        ; None                      ; 4.656 ns                ;
; N/A                                     ; 203.62 MHz ( period = 4.911 ns )                    ; \P1:count[7]  ; \P1:count[15] ; clk        ; clk      ; None                        ; None                      ; 4.656 ns                ;
; N/A                                     ; 203.62 MHz ( period = 4.911 ns )                    ; \P1:count[7]  ; \P1:count[13] ; clk        ; clk      ; None                        ; None                      ; 4.656 ns                ;
; N/A                                     ; 203.62 MHz ( period = 4.911 ns )                    ; \P1:count[7]  ; \P1:count[18] ; clk        ; clk      ; None                        ; None                      ; 4.656 ns                ;
; N/A                                     ; 203.62 MHz ( period = 4.911 ns )                    ; \P1:count[7]  ; \P1:count[16] ; clk        ; clk      ; None                        ; None                      ; 4.656 ns                ;
; N/A                                     ; 203.62 MHz ( period = 4.911 ns )                    ; \P1:count[7]  ; \P1:count[17] ; clk        ; clk      ; None                        ; None                      ; 4.656 ns                ;
; N/A                                     ; 203.62 MHz ( period = 4.911 ns )                    ; \P1:count[7]  ; \P1:count[10] ; clk        ; clk      ; None                        ; None                      ; 4.656 ns                ;
; N/A                                     ; 203.62 MHz ( period = 4.911 ns )                    ; \P1:count[7]  ; \P1:count[12] ; clk        ; clk      ; None                        ; None                      ; 4.656 ns                ;
; N/A                                     ; 203.62 MHz ( period = 4.911 ns )                    ; \P1:count[7]  ; \P1:count[11] ; clk        ; clk      ; None                        ; None                      ; 4.656 ns                ;
; N/A                                     ; 208.81 MHz ( period = 4.789 ns )                    ; \P1:count[16] ; \P1:count[19] ; clk        ; clk      ; None                        ; None                      ; 4.525 ns                ;
; N/A                                     ; 208.81 MHz ( period = 4.789 ns )                    ; \P1:count[16] ; \P1:count[14] ; clk        ; clk      ; None                        ; None                      ; 4.525 ns                ;
; N/A                                     ; 208.81 MHz ( period = 4.789 ns )                    ; \P1:count[16] ; \P1:count[15] ; clk        ; clk      ; None                        ; None                      ; 4.525 ns                ;
; N/A                                     ; 208.81 MHz ( period = 4.789 ns )                    ; \P1:count[16] ; \P1:count[13] ; clk        ; clk      ; None                        ; None                      ; 4.525 ns                ;
; N/A                                     ; 208.81 MHz ( period = 4.789 ns )                    ; \P1:count[16] ; \P1:count[18] ; clk        ; clk      ; None                        ; None                      ; 4.525 ns                ;
; N/A                                     ; 208.81 MHz ( period = 4.789 ns )                    ; \P1:count[16] ; \P1:count[16] ; clk        ; clk      ; None                        ; None                      ; 4.525 ns                ;
; N/A                                     ; 208.81 MHz ( period = 4.789 ns )                    ; \P1:count[16] ; \P1:count[17] ; clk        ; clk      ; None                        ; None                      ; 4.525 ns                ;
; N/A                                     ; 208.81 MHz ( period = 4.789 ns )                    ; \P1:count[16] ; \P1:count[10] ; clk        ; clk      ; None                        ; None                      ; 4.525 ns                ;
; N/A                                     ; 208.81 MHz ( period = 4.789 ns )                    ; \P1:count[16] ; \P1:count[12] ; clk        ; clk      ; None                        ; None                      ; 4.525 ns                ;
; N/A                                     ; 208.81 MHz ( period = 4.789 ns )                    ; \P1:count[16] ; \P1:count[11] ; clk        ; clk      ; None                        ; None                      ; 4.525 ns                ;
; N/A                                     ; 210.44 MHz ( period = 4.752 ns )                    ; \P1:count[13] ; \P1:count[19] ; clk        ; clk      ; None                        ; None                      ; 4.488 ns                ;
; N/A                                     ; 210.44 MHz ( period = 4.752 ns )                    ; \P1:count[13] ; \P1:count[14] ; clk        ; clk      ; None                        ; None                      ; 4.488 ns                ;
; N/A                                     ; 210.44 MHz ( period = 4.752 ns )                    ; \P1:count[13] ; \P1:count[15] ; clk        ; clk      ; None                        ; None                      ; 4.488 ns                ;
; N/A                                     ; 210.44 MHz ( period = 4.752 ns )                    ; \P1:count[13] ; \P1:count[13] ; clk        ; clk      ; None                        ; None                      ; 4.488 ns                ;
; N/A                                     ; 210.44 MHz ( period = 4.752 ns )                    ; \P1:count[13] ; \P1:count[18] ; clk        ; clk      ; None                        ; None                      ; 4.488 ns                ;
; N/A                                     ; 210.44 MHz ( period = 4.752 ns )                    ; \P1:count[13] ; \P1:count[16] ; clk        ; clk      ; None                        ; None                      ; 4.488 ns                ;
; N/A                                     ; 210.44 MHz ( period = 4.752 ns )                    ; \P1:count[13] ; \P1:count[17] ; clk        ; clk      ; None                        ; None                      ; 4.488 ns                ;
; N/A                                     ; 210.44 MHz ( period = 4.752 ns )                    ; \P1:count[13] ; \P1:count[10] ; clk        ; clk      ; None                        ; None                      ; 4.488 ns                ;
; N/A                                     ; 210.44 MHz ( period = 4.752 ns )                    ; \P1:count[13] ; \P1:count[12] ; clk        ; clk      ; None                        ; None                      ; 4.488 ns                ;
; N/A                                     ; 210.44 MHz ( period = 4.752 ns )                    ; \P1:count[13] ; \P1:count[11] ; clk        ; clk      ; None                        ; None                      ; 4.488 ns                ;
; N/A                                     ; 215.89 MHz ( period = 4.632 ns )                    ; \P1:count[15] ; \P1:count[19] ; clk        ; clk      ; None                        ; None                      ; 4.368 ns                ;
; N/A                                     ; 215.89 MHz ( period = 4.632 ns )                    ; \P1:count[15] ; \P1:count[14] ; clk        ; clk      ; None                        ; None                      ; 4.368 ns                ;
; N/A                                     ; 215.89 MHz ( period = 4.632 ns )                    ; \P1:count[15] ; \P1:count[15] ; clk        ; clk      ; None                        ; None                      ; 4.368 ns                ;
; N/A                                     ; 215.89 MHz ( period = 4.632 ns )                    ; \P1:count[15] ; \P1:count[13] ; clk        ; clk      ; None                        ; None                      ; 4.368 ns                ;
; N/A                                     ; 215.89 MHz ( period = 4.632 ns )                    ; \P1:count[15] ; \P1:count[18] ; clk        ; clk      ; None                        ; None                      ; 4.368 ns                ;
; N/A                                     ; 215.89 MHz ( period = 4.632 ns )                    ; \P1:count[15] ; \P1:count[16] ; clk        ; clk      ; None                        ; None                      ; 4.368 ns                ;
; N/A                                     ; 215.89 MHz ( period = 4.632 ns )                    ; \P1:count[15] ; \P1:count[17] ; clk        ; clk      ; None                        ; None                      ; 4.368 ns                ;
; N/A                                     ; 215.89 MHz ( period = 4.632 ns )                    ; \P1:count[15] ; \P1:count[10] ; clk        ; clk      ; None                        ; None                      ; 4.368 ns                ;
; N/A                                     ; 215.89 MHz ( period = 4.632 ns )                    ; \P1:count[15] ; \P1:count[12] ; clk        ; clk      ; None                        ; None                      ; 4.368 ns                ;
; N/A                                     ; 215.89 MHz ( period = 4.632 ns )                    ; \P1:count[15] ; \P1:count[11] ; clk        ; clk      ; None                        ; None                      ; 4.368 ns                ;
; N/A                                     ; 216.68 MHz ( period = 4.615 ns )                    ; \P1:count[17] ; \P1:count[19] ; clk        ; clk      ; None                        ; None                      ; 4.351 ns                ;
; N/A                                     ; 216.68 MHz ( period = 4.615 ns )                    ; \P1:count[17] ; \P1:count[14] ; clk        ; clk      ; None                        ; None                      ; 4.351 ns                ;
; N/A                                     ; 216.68 MHz ( period = 4.615 ns )                    ; \P1:count[17] ; \P1:count[15] ; clk        ; clk      ; None                        ; None                      ; 4.351 ns                ;
; N/A                                     ; 216.68 MHz ( period = 4.615 ns )                    ; \P1:count[17] ; \P1:count[13] ; clk        ; clk      ; None                        ; None                      ; 4.351 ns                ;
; N/A                                     ; 216.68 MHz ( period = 4.615 ns )                    ; \P1:count[17] ; \P1:count[18] ; clk        ; clk      ; None                        ; None                      ; 4.351 ns                ;
; N/A                                     ; 216.68 MHz ( period = 4.615 ns )                    ; \P1:count[17] ; \P1:count[16] ; clk        ; clk      ; None                        ; None                      ; 4.351 ns                ;
; N/A                                     ; 216.68 MHz ( period = 4.615 ns )                    ; \P1:count[17] ; \P1:count[17] ; clk        ; clk      ; None                        ; None                      ; 4.351 ns                ;
; N/A                                     ; 216.68 MHz ( period = 4.615 ns )                    ; \P1:count[17] ; \P1:count[10] ; clk        ; clk      ; None                        ; None                      ; 4.351 ns                ;
; N/A                                     ; 216.68 MHz ( period = 4.615 ns )                    ; \P1:count[17] ; \P1:count[12] ; clk        ; clk      ; None                        ; None                      ; 4.351 ns                ;
; N/A                                     ; 216.68 MHz ( period = 4.615 ns )                    ; \P1:count[17] ; \P1:count[11] ; clk        ; clk      ; None                        ; None                      ; 4.351 ns                ;
; N/A                                     ; 217.82 MHz ( period = 4.591 ns )                    ; \P1:count[6]  ; \P1:count[19] ; clk        ; clk      ; None                        ; None                      ; 4.336 ns                ;
; N/A                                     ; 217.82 MHz ( period = 4.591 ns )                    ; \P1:count[6]  ; \P1:count[14] ; clk        ; clk      ; None                        ; None                      ; 4.336 ns                ;
; N/A                                     ; 217.82 MHz ( period = 4.591 ns )                    ; \P1:count[6]  ; \P1:count[15] ; clk        ; clk      ; None                        ; None                      ; 4.336 ns                ;
; N/A                                     ; 217.82 MHz ( period = 4.591 ns )                    ; \P1:count[6]  ; \P1:count[13] ; clk        ; clk      ; None                        ; None                      ; 4.336 ns                ;
; N/A                                     ; 217.82 MHz ( period = 4.591 ns )                    ; \P1:count[6]  ; \P1:count[18] ; clk        ; clk      ; None                        ; None                      ; 4.336 ns                ;
; N/A                                     ; 217.82 MHz ( period = 4.591 ns )                    ; \P1:count[6]  ; \P1:count[16] ; clk        ; clk      ; None                        ; None                      ; 4.336 ns                ;
; N/A                                     ; 217.82 MHz ( period = 4.591 ns )                    ; \P1:count[6]  ; \P1:count[17] ; clk        ; clk      ; None                        ; None                      ; 4.336 ns                ;
; N/A                                     ; 217.82 MHz ( period = 4.591 ns )                    ; \P1:count[6]  ; \P1:count[10] ; clk        ; clk      ; None                        ; None                      ; 4.336 ns                ;
; N/A                                     ; 217.82 MHz ( period = 4.591 ns )                    ; \P1:count[6]  ; \P1:count[12] ; clk        ; clk      ; None                        ; None                      ; 4.336 ns                ;
; N/A                                     ; 217.82 MHz ( period = 4.591 ns )                    ; \P1:count[6]  ; \P1:count[11] ; clk        ; clk      ; None                        ; None                      ; 4.336 ns                ;
; N/A                                     ; 222.12 MHz ( period = 4.502 ns )                    ; \P1:count[12] ; \P1:count[9]  ; clk        ; clk      ; None                        ; None                      ; 4.229 ns                ;
; N/A                                     ; 222.12 MHz ( period = 4.502 ns )                    ; \P1:count[12] ; \P1:count[8]  ; clk        ; clk      ; None                        ; None                      ; 4.229 ns                ;
; N/A                                     ; 222.12 MHz ( period = 4.502 ns )                    ; \P1:count[12] ; \P1:count[7]  ; clk        ; clk      ; None                        ; None                      ; 4.229 ns                ;
; N/A                                     ; 222.12 MHz ( period = 4.502 ns )                    ; \P1:count[12] ; \P1:count[6]  ; clk        ; clk      ; None                        ; None                      ; 4.229 ns                ;
; N/A                                     ; 222.12 MHz ( period = 4.502 ns )                    ; \P1:count[12] ; \P1:count[5]  ; clk        ; clk      ; None                        ; None                      ; 4.229 ns                ;
; N/A                                     ; 222.12 MHz ( period = 4.502 ns )                    ; \P1:count[12] ; \P1:count[4]  ; clk        ; clk      ; None                        ; None                      ; 4.229 ns                ;
; N/A                                     ; 222.12 MHz ( period = 4.502 ns )                    ; \P1:count[12] ; \P1:count[3]  ; clk        ; clk      ; None                        ; None                      ; 4.229 ns                ;
; N/A                                     ; 222.12 MHz ( period = 4.502 ns )                    ; \P1:count[12] ; \P1:count[2]  ; clk        ; clk      ; None                        ; None                      ; 4.229 ns                ;
; N/A                                     ; 222.12 MHz ( period = 4.502 ns )                    ; \P1:count[12] ; \P1:count[1]  ; clk        ; clk      ; None                        ; None                      ; 4.229 ns                ;
; N/A                                     ; 222.12 MHz ( period = 4.502 ns )                    ; \P1:count[12] ; \P1:count[0]  ; clk        ; clk      ; None                        ; None                      ; 4.229 ns                ;
; N/A                                     ; 222.57 MHz ( period = 4.493 ns )                    ; \P1:count[18] ; clk1          ; clk        ; clk      ; None                        ; None                      ; 4.695 ns                ;
; N/A                                     ; 222.92 MHz ( period = 4.486 ns )                    ; \P1:count[8]  ; \P1:count[19] ; clk        ; clk      ; None                        ; None                      ; 4.231 ns                ;
; N/A                                     ; 222.92 MHz ( period = 4.486 ns )                    ; \P1:count[8]  ; \P1:count[14] ; clk        ; clk      ; None                        ; None                      ; 4.231 ns                ;
; N/A                                     ; 222.92 MHz ( period = 4.486 ns )                    ; \P1:count[8]  ; \P1:count[15] ; clk        ; clk      ; None                        ; None                      ; 4.231 ns                ;
; N/A                                     ; 222.92 MHz ( period = 4.486 ns )                    ; \P1:count[8]  ; \P1:count[13] ; clk        ; clk      ; None                        ; None                      ; 4.231 ns                ;
; N/A                                     ; 222.92 MHz ( period = 4.486 ns )                    ; \P1:count[8]  ; \P1:count[18] ; clk        ; clk      ; None                        ; None                      ; 4.231 ns                ;
; N/A                                     ; 222.92 MHz ( period = 4.486 ns )                    ; \P1:count[8]  ; \P1:count[16] ; clk        ; clk      ; None                        ; None                      ; 4.231 ns                ;
; N/A                                     ; 222.92 MHz ( period = 4.486 ns )                    ; \P1:count[8]  ; \P1:count[17] ; clk        ; clk      ; None                        ; None                      ; 4.231 ns                ;
; N/A                                     ; 222.92 MHz ( period = 4.486 ns )                    ; \P1:count[8]  ; \P1:count[10] ; clk        ; clk      ; None                        ; None                      ; 4.231 ns                ;
; N/A                                     ; 222.92 MHz ( period = 4.486 ns )                    ; \P1:count[8]  ; \P1:count[12] ; clk        ; clk      ; None                        ; None                      ; 4.231 ns                ;
; N/A                                     ; 222.92 MHz ( period = 4.486 ns )                    ; \P1:count[8]  ; \P1:count[11] ; clk        ; clk      ; None                        ; None                      ; 4.231 ns                ;
; N/A                                     ; 228.62 MHz ( period = 4.374 ns )                    ; \P2:count1[0] ; \P2:count1[4] ; clk        ; clk      ; None                        ; None                      ; 4.110 ns                ;
; N/A                                     ; 228.62 MHz ( period = 4.374 ns )                    ; \P2:count1[0] ; \P2:count1[3] ; clk        ; clk      ; None                        ; None                      ; 4.110 ns                ;
; N/A                                     ; 228.62 MHz ( period = 4.374 ns )                    ; \P2:count1[0] ; \P2:count1[1] ; clk        ; clk      ; None                        ; None                      ; 4.110 ns                ;
; N/A                                     ; 228.62 MHz ( period = 4.374 ns )                    ; \P2:count1[0] ; \P2:count1[2] ; clk        ; clk      ; None                        ; None                      ; 4.110 ns                ;
; N/A                                     ; 230.84 MHz ( period = 4.332 ns )                    ; \P1:count[12] ; clk1          ; clk        ; clk      ; None                        ; None                      ; 4.534 ns                ;
; N/A                                     ; 230.84 MHz ( period = 4.332 ns )                    ; \P1:count[18] ; \P1:count[9]  ; clk        ; clk      ; None                        ; None                      ; 4.059 ns                ;
; N/A                                     ; 230.84 MHz ( period = 4.332 ns )                    ; \P1:count[18] ; \P1:count[8]  ; clk        ; clk      ; None                        ; None                      ; 4.059 ns                ;
; N/A                                     ; 230.84 MHz ( period = 4.332 ns )                    ; \P1:count[18] ; \P1:count[7]  ; clk        ; clk      ; None                        ; None                      ; 4.059 ns                ;
; N/A                                     ; 230.84 MHz ( period = 4.332 ns )                    ; \P1:count[18] ; \P1:count[6]  ; clk        ; clk      ; None                        ; None                      ; 4.059 ns                ;
; N/A                                     ; 230.84 MHz ( period = 4.332 ns )                    ; \P1:count[18] ; \P1:count[5]  ; clk        ; clk      ; None                        ; None                      ; 4.059 ns                ;
; N/A                                     ; 230.84 MHz ( period = 4.332 ns )                    ; \P1:count[18] ; \P1:count[4]  ; clk        ; clk      ; None                        ; None                      ; 4.059 ns                ;
; N/A                                     ; 230.84 MHz ( period = 4.332 ns )                    ; \P1:count[18] ; \P1:count[3]  ; clk        ; clk      ; None                        ; None                      ; 4.059 ns                ;
; N/A                                     ; 230.84 MHz ( period = 4.332 ns )                    ; \P1:count[18] ; \P1:count[2]  ; clk        ; clk      ; None                        ; None                      ; 4.059 ns                ;
; N/A                                     ; 230.84 MHz ( period = 4.332 ns )                    ; \P1:count[18] ; \P1:count[1]  ; clk        ; clk      ; None                        ; None                      ; 4.059 ns                ;
; N/A                                     ; 230.84 MHz ( period = 4.332 ns )                    ; \P1:count[18] ; \P1:count[0]  ; clk        ; clk      ; None                        ; None                      ; 4.059 ns                ;
; N/A                                     ; 231.86 MHz ( period = 4.313 ns )                    ; \P1:count[11] ; \P1:count[9]  ; clk        ; clk      ; None                        ; None                      ; 4.040 ns                ;
; N/A                                     ; 231.86 MHz ( period = 4.313 ns )                    ; \P1:count[11] ; \P1:count[8]  ; clk        ; clk      ; None                        ; None                      ; 4.040 ns                ;
; N/A                                     ; 231.86 MHz ( period = 4.313 ns )                    ; \P1:count[11] ; \P1:count[7]  ; clk        ; clk      ; None                        ; None                      ; 4.040 ns                ;
; N/A                                     ; 231.86 MHz ( period = 4.313 ns )                    ; \P1:count[11] ; \P1:count[6]  ; clk        ; clk      ; None                        ; None                      ; 4.040 ns                ;
; N/A                                     ; 231.86 MHz ( period = 4.313 ns )                    ; \P1:count[11] ; \P1:count[5]  ; clk        ; clk      ; None                        ; None                      ; 4.040 ns                ;
; N/A                                     ; 231.86 MHz ( period = 4.313 ns )                    ; \P1:count[11] ; \P1:count[4]  ; clk        ; clk      ; None                        ; None                      ; 4.040 ns                ;
; N/A                                     ; 231.86 MHz ( period = 4.313 ns )                    ; \P1:count[11] ; \P1:count[3]  ; clk        ; clk      ; None                        ; None                      ; 4.040 ns                ;
; N/A                                     ; 231.86 MHz ( period = 4.313 ns )                    ; \P1:count[11] ; \P1:count[2]  ; clk        ; clk      ; None                        ; None                      ; 4.040 ns                ;
; N/A                                     ; 231.86 MHz ( period = 4.313 ns )                    ; \P1:count[11] ; \P1:count[1]  ; clk        ; clk      ; None                        ; None                      ; 4.040 ns                ;
; N/A                                     ; 231.86 MHz ( period = 4.313 ns )                    ; \P1:count[11] ; \P1:count[0]  ; clk        ; clk      ; None                        ; None                      ; 4.040 ns                ;
; N/A                                     ; 234.19 MHz ( period = 4.270 ns )                    ; \P1:count[16] ; clk1          ; clk        ; clk      ; None                        ; None                      ; 4.472 ns                ;
; N/A                                     ; 234.85 MHz ( period = 4.258 ns )                    ; \P1:count[10] ; \P1:count[9]  ; clk        ; clk      ; None                        ; None                      ; 3.985 ns                ;
; N/A                                     ; 234.85 MHz ( period = 4.258 ns )                    ; \P1:count[10] ; \P1:count[8]  ; clk        ; clk      ; None                        ; None                      ; 3.985 ns                ;
; N/A                                     ; 234.85 MHz ( period = 4.258 ns )                    ; \P1:count[10] ; \P1:count[7]  ; clk        ; clk      ; None                        ; None                      ; 3.985 ns                ;
; N/A                                     ; 234.85 MHz ( period = 4.258 ns )                    ; \P1:count[10] ; \P1:count[6]  ; clk        ; clk      ; None                        ; None                      ; 3.985 ns                ;
; N/A                                     ; 234.85 MHz ( period = 4.258 ns )                    ; \P1:count[10] ; \P1:count[5]  ; clk        ; clk      ; None                        ; None                      ; 3.985 ns                ;
; N/A                                     ; 234.85 MHz ( period = 4.258 ns )                    ; \P1:count[10] ; \P1:count[4]  ; clk        ; clk      ; None                        ; None                      ; 3.985 ns                ;
; N/A                                     ; 234.85 MHz ( period = 4.258 ns )                    ; \P1:count[10] ; \P1:count[3]  ; clk        ; clk      ; None                        ; None                      ; 3.985 ns                ;
; N/A                                     ; 234.85 MHz ( period = 4.258 ns )                    ; \P1:count[10] ; \P1:count[2]  ; clk        ; clk      ; None                        ; None                      ; 3.985 ns                ;
; N/A                                     ; 234.85 MHz ( period = 4.258 ns )                    ; \P1:count[10] ; \P1:count[1]  ; clk        ; clk      ; None                        ; None                      ; 3.985 ns                ;
; N/A                                     ; 234.85 MHz ( period = 4.258 ns )                    ; \P1:count[10] ; \P1:count[0]  ; clk        ; clk      ; None                        ; None                      ; 3.985 ns                ;
; N/A                                     ; 234.96 MHz ( period = 4.256 ns )                    ; \P1:count[14] ; \P1:count[19] ; clk        ; clk      ; None                        ; None                      ; 3.992 ns                ;
; N/A                                     ; 234.96 MHz ( period = 4.256 ns )                    ; \P1:count[14] ; \P1:count[14] ; clk        ; clk      ; None                        ; None                      ; 3.992 ns                ;
; N/A                                     ; 234.96 MHz ( period = 4.256 ns )                    ; \P1:count[14] ; \P1:count[15] ; clk        ; clk      ; None                        ; None                      ; 3.992 ns                ;
; N/A                                     ; 234.96 MHz ( period = 4.256 ns )                    ; \P1:count[14] ; \P1:count[13] ; clk        ; clk      ; None                        ; None                      ; 3.992 ns                ;
; N/A                                     ; 234.96 MHz ( period = 4.256 ns )                    ; \P1:count[14] ; \P1:count[18] ; clk        ; clk      ; None                        ; None                      ; 3.992 ns                ;
; N/A                                     ; 234.96 MHz ( period = 4.256 ns )                    ; \P1:count[14] ; \P1:count[16] ; clk        ; clk      ; None                        ; None                      ; 3.992 ns                ;
; N/A                                     ; 234.96 MHz ( period = 4.256 ns )                    ; \P1:count[14] ; \P1:count[17] ; clk        ; clk      ; None                        ; None                      ; 3.992 ns                ;
; N/A                                     ; 234.96 MHz ( period = 4.256 ns )                    ; \P1:count[14] ; \P1:count[10] ; clk        ; clk      ; None                        ; None                      ; 3.992 ns                ;
; N/A                                     ; 234.96 MHz ( period = 4.256 ns )                    ; \P1:count[14] ; \P1:count[12] ; clk        ; clk      ; None                        ; None                      ; 3.992 ns                ;
; N/A                                     ; 234.96 MHz ( period = 4.256 ns )                    ; \P1:count[14] ; \P1:count[11] ; clk        ; clk      ; None                        ; None                      ; 3.992 ns                ;
; N/A                                     ; 236.35 MHz ( period = 4.231 ns )                    ; \P1:count[7]  ; \P1:count[9]  ; clk        ; clk      ; None                        ; None                      ; 3.967 ns                ;
; N/A                                     ; 236.35 MHz ( period = 4.231 ns )                    ; \P1:count[7]  ; \P1:count[8]  ; clk        ; clk      ; None                        ; None                      ; 3.967 ns                ;
; N/A                                     ; 236.35 MHz ( period = 4.231 ns )                    ; \P1:count[7]  ; \P1:count[7]  ; clk        ; clk      ; None                        ; None                      ; 3.967 ns                ;
; N/A                                     ; 236.35 MHz ( period = 4.231 ns )                    ; \P1:count[7]  ; \P1:count[6]  ; clk        ; clk      ; None                        ; None                      ; 3.967 ns                ;
; N/A                                     ; 236.35 MHz ( period = 4.231 ns )                    ; \P1:count[7]  ; \P1:count[5]  ; clk        ; clk      ; None                        ; None                      ; 3.967 ns                ;
; N/A                                     ; 236.35 MHz ( period = 4.231 ns )                    ; \P1:count[7]  ; \P1:count[4]  ; clk        ; clk      ; None                        ; None                      ; 3.967 ns                ;
; N/A                                     ; 236.35 MHz ( period = 4.231 ns )                    ; \P1:count[7]  ; \P1:count[3]  ; clk        ; clk      ; None                        ; None                      ; 3.967 ns                ;
; N/A                                     ; 236.35 MHz ( period = 4.231 ns )                    ; \P1:count[7]  ; \P1:count[2]  ; clk        ; clk      ; None                        ; None                      ; 3.967 ns                ;
; N/A                                     ; 236.35 MHz ( period = 4.231 ns )                    ; \P1:count[7]  ; \P1:count[1]  ; clk        ; clk      ; None                        ; None                      ; 3.967 ns                ;
; N/A                                     ; 236.35 MHz ( period = 4.231 ns )                    ; \P1:count[7]  ; \P1:count[0]  ; clk        ; clk      ; None                        ; None                      ; 3.967 ns                ;
; N/A                                     ; 241.37 MHz ( period = 4.143 ns )                    ; \P1:count[11] ; clk1          ; clk        ; clk      ; None                        ; None                      ; 4.345 ns                ;
; N/A                                     ; 243.13 MHz ( period = 4.113 ns )                    ; \P1:count[9]  ; \P1:count[19] ; clk        ; clk      ; None                        ; None                      ; 3.858 ns                ;
; N/A                                     ; 243.13 MHz ( period = 4.113 ns )                    ; \P1:count[9]  ; \P1:count[14] ; clk        ; clk      ; None                        ; None                      ; 3.858 ns                ;
; N/A                                     ; 243.13 MHz ( period = 4.113 ns )                    ; \P1:count[9]  ; \P1:count[15] ; clk        ; clk      ; None                        ; None                      ; 3.858 ns                ;
; N/A                                     ; 243.13 MHz ( period = 4.113 ns )                    ; \P1:count[9]  ; \P1:count[13] ; clk        ; clk      ; None                        ; None                      ; 3.858 ns                ;
; N/A                                     ; 243.13 MHz ( period = 4.113 ns )                    ; \P1:count[9]  ; \P1:count[18] ; clk        ; clk      ; None                        ; None                      ; 3.858 ns                ;
; N/A                                     ; 243.13 MHz ( period = 4.113 ns )                    ; \P1:count[9]  ; \P1:count[16] ; clk        ; clk      ; None                        ; None                      ; 3.858 ns                ;
; N/A                                     ; 243.13 MHz ( period = 4.113 ns )                    ; \P1:count[9]  ; \P1:count[17] ; clk        ; clk      ; None                        ; None                      ; 3.858 ns                ;
; N/A                                     ; 243.13 MHz ( period = 4.113 ns )                    ; \P1:count[9]  ; \P1:count[10] ; clk        ; clk      ; None                        ; None                      ; 3.858 ns                ;
; N/A                                     ; 243.13 MHz ( period = 4.113 ns )                    ; \P1:count[9]  ; \P1:count[12] ; clk        ; clk      ; None                        ; None                      ; 3.858 ns                ;
; N/A                                     ; 243.13 MHz ( period = 4.113 ns )                    ; \P1:count[9]  ; \P1:count[11] ; clk        ; clk      ; None                        ; None                      ; 3.858 ns                ;
; N/A                                     ; 243.37 MHz ( period = 4.109 ns )                    ; \P1:count[16] ; \P1:count[9]  ; clk        ; clk      ; None                        ; None                      ; 3.836 ns                ;
; N/A                                     ; 243.37 MHz ( period = 4.109 ns )                    ; \P1:count[16] ; \P1:count[8]  ; clk        ; clk      ; None                        ; None                      ; 3.836 ns                ;
; N/A                                     ; 243.37 MHz ( period = 4.109 ns )                    ; \P1:count[16] ; \P1:count[7]  ; clk        ; clk      ; None                        ; None                      ; 3.836 ns                ;
; N/A                                     ; 243.37 MHz ( period = 4.109 ns )                    ; \P1:count[16] ; \P1:count[6]  ; clk        ; clk      ; None                        ; None                      ; 3.836 ns                ;
; N/A                                     ; 243.37 MHz ( period = 4.109 ns )                    ; \P1:count[16] ; \P1:count[5]  ; clk        ; clk      ; None                        ; None                      ; 3.836 ns                ;
; N/A                                     ; 243.37 MHz ( period = 4.109 ns )                    ; \P1:count[16] ; \P1:count[4]  ; clk        ; clk      ; None                        ; None                      ; 3.836 ns                ;
; N/A                                     ; 243.37 MHz ( period = 4.109 ns )                    ; \P1:count[16] ; \P1:count[3]  ; clk        ; clk      ; None                        ; None                      ; 3.836 ns                ;
; N/A                                     ; 243.37 MHz ( period = 4.109 ns )                    ; \P1:count[16] ; \P1:count[2]  ; clk        ; clk      ; None                        ; None                      ; 3.836 ns                ;
; N/A                                     ; 243.37 MHz ( period = 4.109 ns )                    ; \P1:count[16] ; \P1:count[1]  ; clk        ; clk      ; None                        ; None                      ; 3.836 ns                ;
; N/A                                     ; 243.37 MHz ( period = 4.109 ns )                    ; \P1:count[16] ; \P1:count[0]  ; clk        ; clk      ; None                        ; None                      ; 3.836 ns                ;
; N/A                                     ; 244.14 MHz ( period = 4.096 ns )                    ; \P1:count[17] ; clk1          ; clk        ; clk      ; None                        ; None                      ; 4.298 ns                ;
; N/A                                     ; 244.62 MHz ( period = 4.088 ns )                    ; \P1:count[10] ; clk1          ; clk        ; clk      ; None                        ; None                      ; 4.290 ns                ;
; Timing analysis restricted to 200 rows. ; To change the limit use Settings (Assignments menu) ;               ;               ;            ;          ;                             ;                           ;                         ;
+-----------------------------------------+-----------------------------------------------------+---------------+---------------+------------+----------+-----------------------------+---------------------------+-------------------------+


+-------------------------------------------------------------------------+
; tco                                                                     ;
+-------+--------------+------------+--------------+---------+------------+
; Slack ; Required tco ; Actual tco ; From         ; To      ; From Clock ;
+-------+--------------+------------+--------------+---------+------------+
; N/A   ; None         ; 18.225 ns  ; led1[5]~reg0 ; led1[5] ; clk        ;
; N/A   ; None         ; 17.944 ns  ; led1[7]~reg0 ; led1[7] ; clk        ;
; N/A   ; None         ; 17.848 ns  ; led1[6]~reg0 ; led1[6] ; clk        ;
; N/A   ; None         ; 17.395 ns  ; led1[4]~reg0 ; led1[4] ; clk        ;
; N/A   ; None         ; 17.306 ns  ; led1[3]~reg0 ; led1[3] ; clk        ;
; N/A   ; None         ; 16.861 ns  ; led1[2]~reg0 ; led1[2] ; clk        ;
; N/A   ; None         ; 16.070 ns  ; led1[1]~reg0 ; led1[1] ; clk        ;
; N/A   ; None         ; 15.363 ns  ; led1[0]~reg0 ; led1[0] ; clk        ;
+-------+--------------+------------+--------------+---------+------------+


+--------------------------+
; Timing Analyzer Messages ;
+--------------------------+
Info: *******************************************************************
Info: Running Quartus II Classic Timing Analyzer
    Info: Version 9.0 Build 235 06/17/2009 Service Pack 2 SJ Full Version
    Info: Processing started: Mon Aug 30 07:24:00 2010
Info: Command: quartus_tan --read_settings_files=off --write_settings_files=off LampsSequencer -c LampsSequencer --timing_analysis_only
Info: Parallel compilation is enabled and will use 2 of the 2 processors detected
Warning: Found pins functioning as undefined clocks and/or memory enables
    Info: Assuming node "clk" is an undefined clock
Warning: Found 2 node(s) in clock paths which may be acting as ripple and/or gated clocks -- node(s) analyzed as buffer(s) resulting in clock skew
    Info: Detected ripple clock "clk1" as buffer
    Info: Detected ripple clock "CLK2" as buffer
Info: Clock "clk" has Internal fmax of 192.98 MHz between source register "\P1:count[12]" and destination register "\P1:count[19]" (period= 5.182 ns)
    Info: + Longest register to register delay is 4.918 ns
        Info: 1: + IC(0.000 ns) + CELL(0.000 ns) = 0.000 ns; Loc. = LCFF_X9_Y7_N5; Fanout = 3; REG Node = '\P1:count[12]'
        Info: 2: + IC(1.152 ns) + CELL(0.370 ns) = 1.522 ns; Loc. = LCCOMB_X9_Y8_N10; Fanout = 2; COMB Node = 'LessThan2~0'
        Info: 3: + IC(0.372 ns) + CELL(0.206 ns) = 2.100 ns; Loc. = LCCOMB_X9_Y8_N6; Fanout = 1; COMB Node = 'count~42'
        Info: 4: + IC(0.363 ns) + CELL(0.206 ns) = 2.669 ns; Loc. = LCCOMB_X9_Y8_N0; Fanout = 2; COMB Node = 'count~43'
        Info: 5: + IC(0.358 ns) + CELL(0.206 ns) = 3.233 ns; Loc. = LCCOMB_X9_Y8_N2; Fanout = 20; COMB Node = 'count~44'
        Info: 6: + IC(1.025 ns) + CELL(0.660 ns) = 4.918 ns; Loc. = LCFF_X9_Y7_N19; Fanout = 4; REG Node = '\P1:count[19]'
        Info: Total cell delay = 1.648 ns ( 33.51 % )
        Info: Total interconnect delay = 3.270 ns ( 66.49 % )
    Info: - Smallest clock skew is 0.000 ns
        Info: + Shortest clock path from clock "clk" to destination register is 2.851 ns
            Info: 1: + IC(0.000 ns) + CELL(1.140 ns) = 1.140 ns; Loc. = PIN_23; Fanout = 2; CLK Node = 'clk'
            Info: 2: + IC(0.139 ns) + CELL(0.000 ns) = 1.279 ns; Loc. = CLKCTRL_G2; Fanout = 20; COMB Node = 'clk~clkctrl'
            Info: 3: + IC(0.906 ns) + CELL(0.666 ns) = 2.851 ns; Loc. = LCFF_X9_Y7_N19; Fanout = 4; REG Node = '\P1:count[19]'
            Info: Total cell delay = 1.806 ns ( 63.35 % )
            Info: Total interconnect delay = 1.045 ns ( 36.65 % )
        Info: - Longest clock path from clock "clk" to source register is 2.851 ns
            Info: 1: + IC(0.000 ns) + CELL(1.140 ns) = 1.140 ns; Loc. = PIN_23; Fanout = 2; CLK Node = 'clk'
            Info: 2: + IC(0.139 ns) + CELL(0.000 ns) = 1.279 ns; Loc. = CLKCTRL_G2; Fanout = 20; COMB Node = 'clk~clkctrl'
            Info: 3: + IC(0.906 ns) + CELL(0.666 ns) = 2.851 ns; Loc. = LCFF_X9_Y7_N5; Fanout = 3; REG Node = '\P1:count[12]'
            Info: Total cell delay = 1.806 ns ( 63.35 % )
            Info: Total interconnect delay = 1.045 ns ( 36.65 % )
    Info: + Micro clock to output delay of source is 0.304 ns
    Info: + Micro setup delay of destination is -0.040 ns
Info: tco from clock "clk" to destination pin "led1[5]" through register "led1[5]~reg0" is 18.225 ns
    Info: + Longest clock path from clock "clk" to source register is 9.074 ns
        Info: 1: + IC(0.000 ns) + CELL(1.140 ns) = 1.140 ns; Loc. = PIN_23; Fanout = 2; CLK Node = 'clk'
        Info: 2: + IC(1.511 ns) + CELL(0.970 ns) = 3.621 ns; Loc. = LCFF_X9_Y7_N25; Fanout = 2; REG Node = 'clk1'
        Info: 3: + IC(1.761 ns) + CELL(0.970 ns) = 6.352 ns; Loc. = LCFF_X3_Y9_N13; Fanout = 2; REG Node = 'CLK2'
        Info: 4: + IC(1.127 ns) + CELL(0.000 ns) = 7.479 ns; Loc. = CLKCTRL_G1; Fanout = 13; COMB Node = 'CLK2~clkctrl'
        Info: 5: + IC(0.929 ns) + CELL(0.666 ns) = 9.074 ns; Loc. = LCFF_X32_Y17_N19; Fanout = 1; REG Node = 'led1[5]~reg0'
        Info: Total cell delay = 3.746 ns ( 41.28 % )
        Info: Total interconnect delay = 5.328 ns ( 58.72 % )
    Info: + Micro clock to output delay of source is 0.304 ns
    Info: + Longest register to pin delay is 8.847 ns
        Info: 1: + IC(0.000 ns) + CELL(0.000 ns) = 0.000 ns; Loc. = LCFF_X32_Y17_N19; Fanout = 1; REG Node = 'led1[5]~reg0'
        Info: 2: + IC(5.551 ns) + CELL(3.296 ns) = 8.847 ns; Loc. = PIN_58; Fanout = 0; PIN Node = 'led1[5]'
        Info: Total cell delay = 3.296 ns ( 37.26 % )
        Info: Total interconnect delay = 5.551 ns ( 62.74 % )
Info: Quartus II Classic Timing Analyzer was successful. 0 errors, 2 warnings
    Info: Peak virtual memory: 144 megabytes
    Info: Processing ended: Mon Aug 30 07:24:01 2010
    Info: Elapsed time: 00:00:01
    Info: Total CPU time (on all processors): 00:00:01


