Classic Timing Analyzer report for LampsSequencer
Mon Aug 30 01:49:58 2010
Quartus II Version 9.0 Build 235 06/17/2009 Service Pack 2 SJ Full Version


---------------------
; Table of Contents ;
---------------------
  1. Legal Notice
  2. Timing Analyzer Summary
  3. Timing Analyzer Settings
  4. Clock Settings Summary
  5. Parallel Compilation
  6. Clock Setup: 'clk'
  7. tco
  8. Timing Analyzer Messages



----------------
; Legal Notice ;
----------------
Copyright (C) 1991-2009 Altera Corporation
Your use of Altera Corporation's design tools, logic functions 
and other software and tools, and its AMPP partner logic 
functions, and any output files from any of the foregoing 
(including device programming or simulation files), and any 
associated documentation or information are expressly subject 
to the terms and conditions of the Altera Program License 
Subscription Agreement, Altera MegaCore Function License 
Agreement, or other applicable license agreement, including, 
without limitation, that your use is for the sole purpose of 
programming logic devices manufactured by Altera and sold by 
Altera or its authorized distributors.  Please refer to the 
applicable agreement for further details.



+----------------------------------------------------------------------------------------------------------------------------------------------------------------+
; Timing Analyzer Summary                                                                                                                                        ;
+------------------------------+-------+---------------+----------------------------------+---------------+---------------+------------+----------+--------------+
; Type                         ; Slack ; Required Time ; Actual Time                      ; From          ; To            ; From Clock ; To Clock ; Failed Paths ;
+------------------------------+-------+---------------+----------------------------------+---------------+---------------+------------+----------+--------------+
; Worst-case tco               ; N/A   ; None          ; 16.202 ns                        ; led1[7]~reg0  ; led1[7]       ; clk        ; --       ; 0            ;
; Clock Setup: 'clk'           ; N/A   ; None          ; 194.06 MHz ( period = 5.153 ns ) ; \P1:count[12] ; \P1:count[11] ; clk        ; clk      ; 0            ;
; Total number of failed paths ;       ;               ;                                  ;               ;               ;            ;          ; 0            ;
+------------------------------+-------+---------------+----------------------------------+---------------+---------------+------------+----------+--------------+


+--------------------------------------------------------------------------------------------------------------------+
; Timing Analyzer Settings                                                                                           ;
+---------------------------------------------------------------------+--------------------+------+----+-------------+
; Option                                                              ; Setting            ; From ; To ; Entity Name ;
+---------------------------------------------------------------------+--------------------+------+----+-------------+
; Device Name                                                         ; EP2C5Q208C8        ;      ;    ;             ;
; Timing Models                                                       ; Final              ;      ;    ;             ;
; Default hold multicycle                                             ; Same as Multicycle ;      ;    ;             ;
; Cut paths between unrelated clock domains                           ; On                 ;      ;    ;             ;
; Cut off read during write signal paths                              ; On                 ;      ;    ;             ;
; Cut off feedback from I/O pins                                      ; On                 ;      ;    ;             ;
; Report Combined Fast/Slow Timing                                    ; Off                ;      ;    ;             ;
; Ignore Clock Settings                                               ; Off                ;      ;    ;             ;
; Analyze latches as synchronous elements                             ; On                 ;      ;    ;             ;
; Enable Recovery/Removal analysis                                    ; Off                ;      ;    ;             ;
; Enable Clock Latency                                                ; Off                ;      ;    ;             ;
; Use TimeQuest Timing Analyzer                                       ; Off                ;      ;    ;             ;
; Minimum Core Junction Temperature                                   ; 0                  ;      ;    ;             ;
; Maximum Core Junction Temperature                                   ; 85                 ;      ;    ;             ;
; Number of source nodes to report per destination node               ; 10                 ;      ;    ;             ;
; Number of destination nodes to report                               ; 10                 ;      ;    ;             ;
; Number of paths to report                                           ; 200                ;      ;    ;             ;
; Report Minimum Timing Checks                                        ; Off                ;      ;    ;             ;
; Use Fast Timing Models                                              ; Off                ;      ;    ;             ;
; Report IO Paths Separately                                          ; Off                ;      ;    ;             ;
; Perform Multicorner Analysis                                        ; On                 ;      ;    ;             ;
; Reports the worst-case path for each clock domain and analysis      ; Off                ;      ;    ;             ;
; Removes common clock path pessimism (CCPP) during slack computation ; Off                ;      ;    ;             ;
; Output I/O Timing Endpoint                                          ; Near End           ;      ;    ;             ;
+---------------------------------------------------------------------+--------------------+------+----+-------------+


+------------------------------------------------------------------------------------------------------------------------------------------------------------------------------------+
; Clock Settings Summary                                                                                                                                                             ;
+-----------------+--------------------+----------+------------------+---------------+--------------+----------+-----------------------+---------------------+--------+--------------+
; Clock Node Name ; Clock Setting Name ; Type     ; Fmax Requirement ; Early Latency ; Late Latency ; Based on ; Multiply Base Fmax by ; Divide Base Fmax by ; Offset ; Phase offset ;
+-----------------+--------------------+----------+------------------+---------------+--------------+----------+-----------------------+---------------------+--------+--------------+
; clk             ;                    ; User Pin ; None             ; 0.000 ns      ; 0.000 ns     ; --       ; N/A                   ; N/A                 ; N/A    ;              ;
+-----------------+--------------------+----------+------------------+---------------+--------------+----------+-----------------------+---------------------+--------+--------------+


+------------------------------------------+
; Parallel Compilation                     ;
+----------------------------+-------------+
; Processors                 ; Number      ;
+----------------------------+-------------+
; Number detected on machine ; 2           ;
; Maximum allowed            ; 2           ;
;                            ;             ;
; Average used               ; 1.00        ;
; Maximum used               ; 1           ;
;                            ;             ;
; Usage by Processor         ; % Time Used ;
;     1 processor            ; 100.0%      ;
;     2 processors           ;   0.0%      ;
+----------------------------+-------------+


+-------------------------------------------------------------------------------------------------------------------------------------------------------------------------------------------------------------------------------------------+
; Clock Setup: 'clk'                                                                                                                                                                                                                        ;
+-----------------------------------------+-----------------------------------------------------+---------------+---------------+------------+----------+-----------------------------+---------------------------+-------------------------+
; Slack                                   ; Actual fmax (period)                                ; From          ; To            ; From Clock ; To Clock ; Required Setup Relationship ; Required Longest P2P Time ; Actual Longest P2P Time ;
+-----------------------------------------+-----------------------------------------------------+---------------+---------------+------------+----------+-----------------------------+---------------------------+-------------------------+
; N/A                                     ; 194.06 MHz ( period = 5.153 ns )                    ; \P1:count[12] ; \P1:count[19] ; clk        ; clk      ; None                        ; None                      ; 4.889 ns                ;
; N/A                                     ; 194.06 MHz ( period = 5.153 ns )                    ; \P1:count[12] ; \P1:count[14] ; clk        ; clk      ; None                        ; None                      ; 4.889 ns                ;
; N/A                                     ; 194.06 MHz ( period = 5.153 ns )                    ; \P1:count[12] ; \P1:count[15] ; clk        ; clk      ; None                        ; None                      ; 4.889 ns                ;
; N/A                                     ; 194.06 MHz ( period = 5.153 ns )                    ; \P1:count[12] ; \P1:count[13] ; clk        ; clk      ; None                        ; None                      ; 4.889 ns                ;
; N/A                                     ; 194.06 MHz ( period = 5.153 ns )                    ; \P1:count[12] ; \P1:count[16] ; clk        ; clk      ; None                        ; None                      ; 4.889 ns                ;
; N/A                                     ; 194.06 MHz ( period = 5.153 ns )                    ; \P1:count[12] ; \P1:count[18] ; clk        ; clk      ; None                        ; None                      ; 4.889 ns                ;
; N/A                                     ; 194.06 MHz ( period = 5.153 ns )                    ; \P1:count[12] ; \P1:count[17] ; clk        ; clk      ; None                        ; None                      ; 4.889 ns                ;
; N/A                                     ; 194.06 MHz ( period = 5.153 ns )                    ; \P1:count[12] ; \P1:count[10] ; clk        ; clk      ; None                        ; None                      ; 4.889 ns                ;
; N/A                                     ; 194.06 MHz ( period = 5.153 ns )                    ; \P1:count[12] ; \P1:count[12] ; clk        ; clk      ; None                        ; None                      ; 4.889 ns                ;
; N/A                                     ; 194.06 MHz ( period = 5.153 ns )                    ; \P1:count[12] ; \P1:count[11] ; clk        ; clk      ; None                        ; None                      ; 4.889 ns                ;
; N/A                                     ; 201.01 MHz ( period = 4.975 ns )                    ; \P1:count[11] ; \P1:count[19] ; clk        ; clk      ; None                        ; None                      ; 4.711 ns                ;
; N/A                                     ; 201.01 MHz ( period = 4.975 ns )                    ; \P1:count[11] ; \P1:count[14] ; clk        ; clk      ; None                        ; None                      ; 4.711 ns                ;
; N/A                                     ; 201.01 MHz ( period = 4.975 ns )                    ; \P1:count[11] ; \P1:count[15] ; clk        ; clk      ; None                        ; None                      ; 4.711 ns                ;
; N/A                                     ; 201.01 MHz ( period = 4.975 ns )                    ; \P1:count[11] ; \P1:count[13] ; clk        ; clk      ; None                        ; None                      ; 4.711 ns                ;
; N/A                                     ; 201.01 MHz ( period = 4.975 ns )                    ; \P1:count[11] ; \P1:count[16] ; clk        ; clk      ; None                        ; None                      ; 4.711 ns                ;
; N/A                                     ; 201.01 MHz ( period = 4.975 ns )                    ; \P1:count[11] ; \P1:count[18] ; clk        ; clk      ; None                        ; None                      ; 4.711 ns                ;
; N/A                                     ; 201.01 MHz ( period = 4.975 ns )                    ; \P1:count[11] ; \P1:count[17] ; clk        ; clk      ; None                        ; None                      ; 4.711 ns                ;
; N/A                                     ; 201.01 MHz ( period = 4.975 ns )                    ; \P1:count[11] ; \P1:count[10] ; clk        ; clk      ; None                        ; None                      ; 4.711 ns                ;
; N/A                                     ; 201.01 MHz ( period = 4.975 ns )                    ; \P1:count[11] ; \P1:count[12] ; clk        ; clk      ; None                        ; None                      ; 4.711 ns                ;
; N/A                                     ; 201.01 MHz ( period = 4.975 ns )                    ; \P1:count[11] ; \P1:count[11] ; clk        ; clk      ; None                        ; None                      ; 4.711 ns                ;
; N/A                                     ; 201.17 MHz ( period = 4.971 ns )                    ; \P1:count[16] ; \P1:count[19] ; clk        ; clk      ; None                        ; None                      ; 4.707 ns                ;
; N/A                                     ; 201.17 MHz ( period = 4.971 ns )                    ; \P1:count[16] ; \P1:count[14] ; clk        ; clk      ; None                        ; None                      ; 4.707 ns                ;
; N/A                                     ; 201.17 MHz ( period = 4.971 ns )                    ; \P1:count[16] ; \P1:count[15] ; clk        ; clk      ; None                        ; None                      ; 4.707 ns                ;
; N/A                                     ; 201.17 MHz ( period = 4.971 ns )                    ; \P1:count[16] ; \P1:count[13] ; clk        ; clk      ; None                        ; None                      ; 4.707 ns                ;
; N/A                                     ; 201.17 MHz ( period = 4.971 ns )                    ; \P1:count[16] ; \P1:count[16] ; clk        ; clk      ; None                        ; None                      ; 4.707 ns                ;
; N/A                                     ; 201.17 MHz ( period = 4.971 ns )                    ; \P1:count[16] ; \P1:count[18] ; clk        ; clk      ; None                        ; None                      ; 4.707 ns                ;
; N/A                                     ; 201.17 MHz ( period = 4.971 ns )                    ; \P1:count[16] ; \P1:count[17] ; clk        ; clk      ; None                        ; None                      ; 4.707 ns                ;
; N/A                                     ; 201.17 MHz ( period = 4.971 ns )                    ; \P1:count[16] ; \P1:count[10] ; clk        ; clk      ; None                        ; None                      ; 4.707 ns                ;
; N/A                                     ; 201.17 MHz ( period = 4.971 ns )                    ; \P1:count[16] ; \P1:count[12] ; clk        ; clk      ; None                        ; None                      ; 4.707 ns                ;
; N/A                                     ; 201.17 MHz ( period = 4.971 ns )                    ; \P1:count[16] ; \P1:count[11] ; clk        ; clk      ; None                        ; None                      ; 4.707 ns                ;
; N/A                                     ; 201.98 MHz ( period = 4.951 ns )                    ; \P1:count[10] ; \P1:count[19] ; clk        ; clk      ; None                        ; None                      ; 4.687 ns                ;
; N/A                                     ; 201.98 MHz ( period = 4.951 ns )                    ; \P1:count[10] ; \P1:count[14] ; clk        ; clk      ; None                        ; None                      ; 4.687 ns                ;
; N/A                                     ; 201.98 MHz ( period = 4.951 ns )                    ; \P1:count[10] ; \P1:count[15] ; clk        ; clk      ; None                        ; None                      ; 4.687 ns                ;
; N/A                                     ; 201.98 MHz ( period = 4.951 ns )                    ; \P1:count[10] ; \P1:count[13] ; clk        ; clk      ; None                        ; None                      ; 4.687 ns                ;
; N/A                                     ; 201.98 MHz ( period = 4.951 ns )                    ; \P1:count[10] ; \P1:count[16] ; clk        ; clk      ; None                        ; None                      ; 4.687 ns                ;
; N/A                                     ; 201.98 MHz ( period = 4.951 ns )                    ; \P1:count[10] ; \P1:count[18] ; clk        ; clk      ; None                        ; None                      ; 4.687 ns                ;
; N/A                                     ; 201.98 MHz ( period = 4.951 ns )                    ; \P1:count[10] ; \P1:count[17] ; clk        ; clk      ; None                        ; None                      ; 4.687 ns                ;
; N/A                                     ; 201.98 MHz ( period = 4.951 ns )                    ; \P1:count[10] ; \P1:count[10] ; clk        ; clk      ; None                        ; None                      ; 4.687 ns                ;
; N/A                                     ; 201.98 MHz ( period = 4.951 ns )                    ; \P1:count[10] ; \P1:count[12] ; clk        ; clk      ; None                        ; None                      ; 4.687 ns                ;
; N/A                                     ; 201.98 MHz ( period = 4.951 ns )                    ; \P1:count[10] ; \P1:count[11] ; clk        ; clk      ; None                        ; None                      ; 4.687 ns                ;
; N/A                                     ; 204.00 MHz ( period = 4.902 ns )                    ; \P1:count[8]  ; \P1:count[19] ; clk        ; clk      ; None                        ; None                      ; 4.650 ns                ;
; N/A                                     ; 204.00 MHz ( period = 4.902 ns )                    ; \P1:count[8]  ; \P1:count[14] ; clk        ; clk      ; None                        ; None                      ; 4.650 ns                ;
; N/A                                     ; 204.00 MHz ( period = 4.902 ns )                    ; \P1:count[8]  ; \P1:count[15] ; clk        ; clk      ; None                        ; None                      ; 4.650 ns                ;
; N/A                                     ; 204.00 MHz ( period = 4.902 ns )                    ; \P1:count[8]  ; \P1:count[13] ; clk        ; clk      ; None                        ; None                      ; 4.650 ns                ;
; N/A                                     ; 204.00 MHz ( period = 4.902 ns )                    ; \P1:count[8]  ; \P1:count[16] ; clk        ; clk      ; None                        ; None                      ; 4.650 ns                ;
; N/A                                     ; 204.00 MHz ( period = 4.902 ns )                    ; \P1:count[8]  ; \P1:count[18] ; clk        ; clk      ; None                        ; None                      ; 4.650 ns                ;
; N/A                                     ; 204.00 MHz ( period = 4.902 ns )                    ; \P1:count[8]  ; \P1:count[17] ; clk        ; clk      ; None                        ; None                      ; 4.650 ns                ;
; N/A                                     ; 204.00 MHz ( period = 4.902 ns )                    ; \P1:count[8]  ; \P1:count[10] ; clk        ; clk      ; None                        ; None                      ; 4.650 ns                ;
; N/A                                     ; 204.00 MHz ( period = 4.902 ns )                    ; \P1:count[8]  ; \P1:count[12] ; clk        ; clk      ; None                        ; None                      ; 4.650 ns                ;
; N/A                                     ; 204.00 MHz ( period = 4.902 ns )                    ; \P1:count[8]  ; \P1:count[11] ; clk        ; clk      ; None                        ; None                      ; 4.650 ns                ;
; N/A                                     ; 209.78 MHz ( period = 4.767 ns )                    ; \P1:count[18] ; \P1:count[19] ; clk        ; clk      ; None                        ; None                      ; 4.503 ns                ;
; N/A                                     ; 209.78 MHz ( period = 4.767 ns )                    ; \P1:count[18] ; \P1:count[14] ; clk        ; clk      ; None                        ; None                      ; 4.503 ns                ;
; N/A                                     ; 209.78 MHz ( period = 4.767 ns )                    ; \P1:count[18] ; \P1:count[15] ; clk        ; clk      ; None                        ; None                      ; 4.503 ns                ;
; N/A                                     ; 209.78 MHz ( period = 4.767 ns )                    ; \P1:count[18] ; \P1:count[13] ; clk        ; clk      ; None                        ; None                      ; 4.503 ns                ;
; N/A                                     ; 209.78 MHz ( period = 4.767 ns )                    ; \P1:count[18] ; \P1:count[16] ; clk        ; clk      ; None                        ; None                      ; 4.503 ns                ;
; N/A                                     ; 209.78 MHz ( period = 4.767 ns )                    ; \P1:count[18] ; \P1:count[18] ; clk        ; clk      ; None                        ; None                      ; 4.503 ns                ;
; N/A                                     ; 209.78 MHz ( period = 4.767 ns )                    ; \P1:count[18] ; \P1:count[17] ; clk        ; clk      ; None                        ; None                      ; 4.503 ns                ;
; N/A                                     ; 209.78 MHz ( period = 4.767 ns )                    ; \P1:count[18] ; \P1:count[10] ; clk        ; clk      ; None                        ; None                      ; 4.503 ns                ;
; N/A                                     ; 209.78 MHz ( period = 4.767 ns )                    ; \P1:count[18] ; \P1:count[12] ; clk        ; clk      ; None                        ; None                      ; 4.503 ns                ;
; N/A                                     ; 209.78 MHz ( period = 4.767 ns )                    ; \P1:count[18] ; \P1:count[11] ; clk        ; clk      ; None                        ; None                      ; 4.503 ns                ;
; N/A                                     ; 212.36 MHz ( period = 4.709 ns )                    ; \P1:count[13] ; \P1:count[19] ; clk        ; clk      ; None                        ; None                      ; 4.445 ns                ;
; N/A                                     ; 212.36 MHz ( period = 4.709 ns )                    ; \P1:count[13] ; \P1:count[14] ; clk        ; clk      ; None                        ; None                      ; 4.445 ns                ;
; N/A                                     ; 212.36 MHz ( period = 4.709 ns )                    ; \P1:count[13] ; \P1:count[15] ; clk        ; clk      ; None                        ; None                      ; 4.445 ns                ;
; N/A                                     ; 212.36 MHz ( period = 4.709 ns )                    ; \P1:count[13] ; \P1:count[13] ; clk        ; clk      ; None                        ; None                      ; 4.445 ns                ;
; N/A                                     ; 212.36 MHz ( period = 4.709 ns )                    ; \P1:count[13] ; \P1:count[16] ; clk        ; clk      ; None                        ; None                      ; 4.445 ns                ;
; N/A                                     ; 212.36 MHz ( period = 4.709 ns )                    ; \P1:count[13] ; \P1:count[18] ; clk        ; clk      ; None                        ; None                      ; 4.445 ns                ;
; N/A                                     ; 212.36 MHz ( period = 4.709 ns )                    ; \P1:count[13] ; \P1:count[17] ; clk        ; clk      ; None                        ; None                      ; 4.445 ns                ;
; N/A                                     ; 212.36 MHz ( period = 4.709 ns )                    ; \P1:count[13] ; \P1:count[10] ; clk        ; clk      ; None                        ; None                      ; 4.445 ns                ;
; N/A                                     ; 212.36 MHz ( period = 4.709 ns )                    ; \P1:count[13] ; \P1:count[12] ; clk        ; clk      ; None                        ; None                      ; 4.445 ns                ;
; N/A                                     ; 212.36 MHz ( period = 4.709 ns )                    ; \P1:count[13] ; \P1:count[11] ; clk        ; clk      ; None                        ; None                      ; 4.445 ns                ;
; N/A                                     ; 217.72 MHz ( period = 4.593 ns )                    ; \P1:count[6]  ; \P1:count[19] ; clk        ; clk      ; None                        ; None                      ; 4.341 ns                ;
; N/A                                     ; 217.72 MHz ( period = 4.593 ns )                    ; \P1:count[6]  ; \P1:count[14] ; clk        ; clk      ; None                        ; None                      ; 4.341 ns                ;
; N/A                                     ; 217.72 MHz ( period = 4.593 ns )                    ; \P1:count[6]  ; \P1:count[15] ; clk        ; clk      ; None                        ; None                      ; 4.341 ns                ;
; N/A                                     ; 217.72 MHz ( period = 4.593 ns )                    ; \P1:count[6]  ; \P1:count[13] ; clk        ; clk      ; None                        ; None                      ; 4.341 ns                ;
; N/A                                     ; 217.72 MHz ( period = 4.593 ns )                    ; \P1:count[6]  ; \P1:count[16] ; clk        ; clk      ; None                        ; None                      ; 4.341 ns                ;
; N/A                                     ; 217.72 MHz ( period = 4.593 ns )                    ; \P1:count[6]  ; \P1:count[18] ; clk        ; clk      ; None                        ; None                      ; 4.341 ns                ;
; N/A                                     ; 217.72 MHz ( period = 4.593 ns )                    ; \P1:count[6]  ; \P1:count[17] ; clk        ; clk      ; None                        ; None                      ; 4.341 ns                ;
; N/A                                     ; 217.72 MHz ( period = 4.593 ns )                    ; \P1:count[6]  ; \P1:count[10] ; clk        ; clk      ; None                        ; None                      ; 4.341 ns                ;
; N/A                                     ; 217.72 MHz ( period = 4.593 ns )                    ; \P1:count[6]  ; \P1:count[12] ; clk        ; clk      ; None                        ; None                      ; 4.341 ns                ;
; N/A                                     ; 217.72 MHz ( period = 4.593 ns )                    ; \P1:count[6]  ; \P1:count[11] ; clk        ; clk      ; None                        ; None                      ; 4.341 ns                ;
; N/A                                     ; 218.15 MHz ( period = 4.584 ns )                    ; \P1:count[17] ; \P1:count[19] ; clk        ; clk      ; None                        ; None                      ; 4.320 ns                ;
; N/A                                     ; 218.15 MHz ( period = 4.584 ns )                    ; \P1:count[17] ; \P1:count[14] ; clk        ; clk      ; None                        ; None                      ; 4.320 ns                ;
; N/A                                     ; 218.15 MHz ( period = 4.584 ns )                    ; \P1:count[17] ; \P1:count[15] ; clk        ; clk      ; None                        ; None                      ; 4.320 ns                ;
; N/A                                     ; 218.15 MHz ( period = 4.584 ns )                    ; \P1:count[17] ; \P1:count[13] ; clk        ; clk      ; None                        ; None                      ; 4.320 ns                ;
; N/A                                     ; 218.15 MHz ( period = 4.584 ns )                    ; \P1:count[17] ; \P1:count[16] ; clk        ; clk      ; None                        ; None                      ; 4.320 ns                ;
; N/A                                     ; 218.15 MHz ( period = 4.584 ns )                    ; \P1:count[17] ; \P1:count[18] ; clk        ; clk      ; None                        ; None                      ; 4.320 ns                ;
; N/A                                     ; 218.15 MHz ( period = 4.584 ns )                    ; \P1:count[17] ; \P1:count[17] ; clk        ; clk      ; None                        ; None                      ; 4.320 ns                ;
; N/A                                     ; 218.15 MHz ( period = 4.584 ns )                    ; \P1:count[17] ; \P1:count[10] ; clk        ; clk      ; None                        ; None                      ; 4.320 ns                ;
; N/A                                     ; 218.15 MHz ( period = 4.584 ns )                    ; \P1:count[17] ; \P1:count[12] ; clk        ; clk      ; None                        ; None                      ; 4.320 ns                ;
; N/A                                     ; 218.15 MHz ( period = 4.584 ns )                    ; \P1:count[17] ; \P1:count[11] ; clk        ; clk      ; None                        ; None                      ; 4.320 ns                ;
; N/A                                     ; 220.75 MHz ( period = 4.530 ns )                    ; \P1:count[12] ; clk1          ; clk        ; clk      ; None                        ; None                      ; 4.497 ns                ;
; N/A                                     ; 223.21 MHz ( period = 4.480 ns )                    ; \P1:count[12] ; \P1:count[9]  ; clk        ; clk      ; None                        ; None                      ; 4.204 ns                ;
; N/A                                     ; 223.21 MHz ( period = 4.480 ns )                    ; \P1:count[12] ; \P1:count[8]  ; clk        ; clk      ; None                        ; None                      ; 4.204 ns                ;
; N/A                                     ; 223.21 MHz ( period = 4.480 ns )                    ; \P1:count[12] ; \P1:count[6]  ; clk        ; clk      ; None                        ; None                      ; 4.204 ns                ;
; N/A                                     ; 223.21 MHz ( period = 4.480 ns )                    ; \P1:count[12] ; \P1:count[7]  ; clk        ; clk      ; None                        ; None                      ; 4.204 ns                ;
; N/A                                     ; 223.21 MHz ( period = 4.480 ns )                    ; \P1:count[12] ; \P1:count[5]  ; clk        ; clk      ; None                        ; None                      ; 4.204 ns                ;
; N/A                                     ; 223.21 MHz ( period = 4.480 ns )                    ; \P1:count[12] ; \P1:count[4]  ; clk        ; clk      ; None                        ; None                      ; 4.204 ns                ;
; N/A                                     ; 223.21 MHz ( period = 4.480 ns )                    ; \P1:count[12] ; \P1:count[3]  ; clk        ; clk      ; None                        ; None                      ; 4.204 ns                ;
; N/A                                     ; 223.21 MHz ( period = 4.480 ns )                    ; \P1:count[12] ; \P1:count[2]  ; clk        ; clk      ; None                        ; None                      ; 4.204 ns                ;
; N/A                                     ; 223.21 MHz ( period = 4.480 ns )                    ; \P1:count[12] ; \P1:count[1]  ; clk        ; clk      ; None                        ; None                      ; 4.204 ns                ;
; N/A                                     ; 223.21 MHz ( period = 4.480 ns )                    ; \P1:count[12] ; \P1:count[0]  ; clk        ; clk      ; None                        ; None                      ; 4.204 ns                ;
; N/A                                     ; 223.36 MHz ( period = 4.477 ns )                    ; \P1:count[7]  ; \P1:count[19] ; clk        ; clk      ; None                        ; None                      ; 4.225 ns                ;
; N/A                                     ; 223.36 MHz ( period = 4.477 ns )                    ; \P1:count[7]  ; \P1:count[14] ; clk        ; clk      ; None                        ; None                      ; 4.225 ns                ;
; N/A                                     ; 223.36 MHz ( period = 4.477 ns )                    ; \P1:count[7]  ; \P1:count[15] ; clk        ; clk      ; None                        ; None                      ; 4.225 ns                ;
; N/A                                     ; 223.36 MHz ( period = 4.477 ns )                    ; \P1:count[7]  ; \P1:count[13] ; clk        ; clk      ; None                        ; None                      ; 4.225 ns                ;
; N/A                                     ; 223.36 MHz ( period = 4.477 ns )                    ; \P1:count[7]  ; \P1:count[16] ; clk        ; clk      ; None                        ; None                      ; 4.225 ns                ;
; N/A                                     ; 223.36 MHz ( period = 4.477 ns )                    ; \P1:count[7]  ; \P1:count[18] ; clk        ; clk      ; None                        ; None                      ; 4.225 ns                ;
; N/A                                     ; 223.36 MHz ( period = 4.477 ns )                    ; \P1:count[7]  ; \P1:count[17] ; clk        ; clk      ; None                        ; None                      ; 4.225 ns                ;
; N/A                                     ; 223.36 MHz ( period = 4.477 ns )                    ; \P1:count[7]  ; \P1:count[10] ; clk        ; clk      ; None                        ; None                      ; 4.225 ns                ;
; N/A                                     ; 223.36 MHz ( period = 4.477 ns )                    ; \P1:count[7]  ; \P1:count[12] ; clk        ; clk      ; None                        ; None                      ; 4.225 ns                ;
; N/A                                     ; 223.36 MHz ( period = 4.477 ns )                    ; \P1:count[7]  ; \P1:count[11] ; clk        ; clk      ; None                        ; None                      ; 4.225 ns                ;
; N/A                                     ; 223.56 MHz ( period = 4.473 ns )                    ; \P1:count[7]  ; clk1          ; clk        ; clk      ; None                        ; None                      ; 4.452 ns                ;
; N/A                                     ; 228.15 MHz ( period = 4.383 ns )                    ; \P1:count[9]  ; \P1:count[19] ; clk        ; clk      ; None                        ; None                      ; 4.131 ns                ;
; N/A                                     ; 228.15 MHz ( period = 4.383 ns )                    ; \P1:count[9]  ; \P1:count[14] ; clk        ; clk      ; None                        ; None                      ; 4.131 ns                ;
; N/A                                     ; 228.15 MHz ( period = 4.383 ns )                    ; \P1:count[9]  ; \P1:count[15] ; clk        ; clk      ; None                        ; None                      ; 4.131 ns                ;
; N/A                                     ; 228.15 MHz ( period = 4.383 ns )                    ; \P1:count[9]  ; \P1:count[13] ; clk        ; clk      ; None                        ; None                      ; 4.131 ns                ;
; N/A                                     ; 228.15 MHz ( period = 4.383 ns )                    ; \P1:count[9]  ; \P1:count[16] ; clk        ; clk      ; None                        ; None                      ; 4.131 ns                ;
; N/A                                     ; 228.15 MHz ( period = 4.383 ns )                    ; \P1:count[9]  ; \P1:count[18] ; clk        ; clk      ; None                        ; None                      ; 4.131 ns                ;
; N/A                                     ; 228.15 MHz ( period = 4.383 ns )                    ; \P1:count[9]  ; \P1:count[17] ; clk        ; clk      ; None                        ; None                      ; 4.131 ns                ;
; N/A                                     ; 228.15 MHz ( period = 4.383 ns )                    ; \P1:count[9]  ; \P1:count[10] ; clk        ; clk      ; None                        ; None                      ; 4.131 ns                ;
; N/A                                     ; 228.15 MHz ( period = 4.383 ns )                    ; \P1:count[9]  ; \P1:count[12] ; clk        ; clk      ; None                        ; None                      ; 4.131 ns                ;
; N/A                                     ; 228.15 MHz ( period = 4.383 ns )                    ; \P1:count[9]  ; \P1:count[11] ; clk        ; clk      ; None                        ; None                      ; 4.131 ns                ;
; N/A                                     ; 229.78 MHz ( period = 4.352 ns )                    ; \P1:count[11] ; clk1          ; clk        ; clk      ; None                        ; None                      ; 4.319 ns                ;
; N/A                                     ; 229.99 MHz ( period = 4.348 ns )                    ; \P1:count[16] ; clk1          ; clk        ; clk      ; None                        ; None                      ; 4.315 ns                ;
; N/A                                     ; 231.05 MHz ( period = 4.328 ns )                    ; \P1:count[10] ; clk1          ; clk        ; clk      ; None                        ; None                      ; 4.295 ns                ;
; N/A                                     ; 232.45 MHz ( period = 4.302 ns )                    ; \P1:count[11] ; \P1:count[9]  ; clk        ; clk      ; None                        ; None                      ; 4.026 ns                ;
; N/A                                     ; 232.45 MHz ( period = 4.302 ns )                    ; \P1:count[11] ; \P1:count[8]  ; clk        ; clk      ; None                        ; None                      ; 4.026 ns                ;
; N/A                                     ; 232.45 MHz ( period = 4.302 ns )                    ; \P1:count[11] ; \P1:count[6]  ; clk        ; clk      ; None                        ; None                      ; 4.026 ns                ;
; N/A                                     ; 232.45 MHz ( period = 4.302 ns )                    ; \P1:count[11] ; \P1:count[7]  ; clk        ; clk      ; None                        ; None                      ; 4.026 ns                ;
; N/A                                     ; 232.45 MHz ( period = 4.302 ns )                    ; \P1:count[11] ; \P1:count[5]  ; clk        ; clk      ; None                        ; None                      ; 4.026 ns                ;
; N/A                                     ; 232.45 MHz ( period = 4.302 ns )                    ; \P1:count[11] ; \P1:count[4]  ; clk        ; clk      ; None                        ; None                      ; 4.026 ns                ;
; N/A                                     ; 232.45 MHz ( period = 4.302 ns )                    ; \P1:count[11] ; \P1:count[3]  ; clk        ; clk      ; None                        ; None                      ; 4.026 ns                ;
; N/A                                     ; 232.45 MHz ( period = 4.302 ns )                    ; \P1:count[11] ; \P1:count[2]  ; clk        ; clk      ; None                        ; None                      ; 4.026 ns                ;
; N/A                                     ; 232.45 MHz ( period = 4.302 ns )                    ; \P1:count[11] ; \P1:count[1]  ; clk        ; clk      ; None                        ; None                      ; 4.026 ns                ;
; N/A                                     ; 232.45 MHz ( period = 4.302 ns )                    ; \P1:count[11] ; \P1:count[0]  ; clk        ; clk      ; None                        ; None                      ; 4.026 ns                ;
; N/A                                     ; 232.67 MHz ( period = 4.298 ns )                    ; \P1:count[16] ; \P1:count[9]  ; clk        ; clk      ; None                        ; None                      ; 4.022 ns                ;
; N/A                                     ; 232.67 MHz ( period = 4.298 ns )                    ; \P1:count[16] ; \P1:count[8]  ; clk        ; clk      ; None                        ; None                      ; 4.022 ns                ;
; N/A                                     ; 232.67 MHz ( period = 4.298 ns )                    ; \P1:count[16] ; \P1:count[6]  ; clk        ; clk      ; None                        ; None                      ; 4.022 ns                ;
; N/A                                     ; 232.67 MHz ( period = 4.298 ns )                    ; \P1:count[16] ; \P1:count[7]  ; clk        ; clk      ; None                        ; None                      ; 4.022 ns                ;
; N/A                                     ; 232.67 MHz ( period = 4.298 ns )                    ; \P1:count[16] ; \P1:count[5]  ; clk        ; clk      ; None                        ; None                      ; 4.022 ns                ;
; N/A                                     ; 232.67 MHz ( period = 4.298 ns )                    ; \P1:count[16] ; \P1:count[4]  ; clk        ; clk      ; None                        ; None                      ; 4.022 ns                ;
; N/A                                     ; 232.67 MHz ( period = 4.298 ns )                    ; \P1:count[16] ; \P1:count[3]  ; clk        ; clk      ; None                        ; None                      ; 4.022 ns                ;
; N/A                                     ; 232.67 MHz ( period = 4.298 ns )                    ; \P1:count[16] ; \P1:count[2]  ; clk        ; clk      ; None                        ; None                      ; 4.022 ns                ;
; N/A                                     ; 232.67 MHz ( period = 4.298 ns )                    ; \P1:count[16] ; \P1:count[1]  ; clk        ; clk      ; None                        ; None                      ; 4.022 ns                ;
; N/A                                     ; 232.67 MHz ( period = 4.298 ns )                    ; \P1:count[16] ; \P1:count[0]  ; clk        ; clk      ; None                        ; None                      ; 4.022 ns                ;
; N/A                                     ; 232.83 MHz ( period = 4.295 ns )                    ; \P1:count[14] ; \P1:count[19] ; clk        ; clk      ; None                        ; None                      ; 4.031 ns                ;
; N/A                                     ; 232.83 MHz ( period = 4.295 ns )                    ; \P1:count[14] ; \P1:count[14] ; clk        ; clk      ; None                        ; None                      ; 4.031 ns                ;
; N/A                                     ; 232.83 MHz ( period = 4.295 ns )                    ; \P1:count[14] ; \P1:count[15] ; clk        ; clk      ; None                        ; None                      ; 4.031 ns                ;
; N/A                                     ; 232.83 MHz ( period = 4.295 ns )                    ; \P1:count[14] ; \P1:count[13] ; clk        ; clk      ; None                        ; None                      ; 4.031 ns                ;
; N/A                                     ; 232.83 MHz ( period = 4.295 ns )                    ; \P1:count[14] ; \P1:count[16] ; clk        ; clk      ; None                        ; None                      ; 4.031 ns                ;
; N/A                                     ; 232.83 MHz ( period = 4.295 ns )                    ; \P1:count[14] ; \P1:count[18] ; clk        ; clk      ; None                        ; None                      ; 4.031 ns                ;
; N/A                                     ; 232.83 MHz ( period = 4.295 ns )                    ; \P1:count[14] ; \P1:count[17] ; clk        ; clk      ; None                        ; None                      ; 4.031 ns                ;
; N/A                                     ; 232.83 MHz ( period = 4.295 ns )                    ; \P1:count[14] ; \P1:count[10] ; clk        ; clk      ; None                        ; None                      ; 4.031 ns                ;
; N/A                                     ; 232.83 MHz ( period = 4.295 ns )                    ; \P1:count[14] ; \P1:count[12] ; clk        ; clk      ; None                        ; None                      ; 4.031 ns                ;
; N/A                                     ; 232.83 MHz ( period = 4.295 ns )                    ; \P1:count[14] ; \P1:count[11] ; clk        ; clk      ; None                        ; None                      ; 4.031 ns                ;
; N/A                                     ; 233.70 MHz ( period = 4.279 ns )                    ; \P1:count[8]  ; clk1          ; clk        ; clk      ; None                        ; None                      ; 4.258 ns                ;
; N/A                                     ; 233.75 MHz ( period = 4.278 ns )                    ; \P1:count[10] ; \P1:count[9]  ; clk        ; clk      ; None                        ; None                      ; 4.002 ns                ;
; N/A                                     ; 233.75 MHz ( period = 4.278 ns )                    ; \P1:count[10] ; \P1:count[8]  ; clk        ; clk      ; None                        ; None                      ; 4.002 ns                ;
; N/A                                     ; 233.75 MHz ( period = 4.278 ns )                    ; \P1:count[10] ; \P1:count[6]  ; clk        ; clk      ; None                        ; None                      ; 4.002 ns                ;
; N/A                                     ; 233.75 MHz ( period = 4.278 ns )                    ; \P1:count[10] ; \P1:count[7]  ; clk        ; clk      ; None                        ; None                      ; 4.002 ns                ;
; N/A                                     ; 233.75 MHz ( period = 4.278 ns )                    ; \P1:count[10] ; \P1:count[5]  ; clk        ; clk      ; None                        ; None                      ; 4.002 ns                ;
; N/A                                     ; 233.75 MHz ( period = 4.278 ns )                    ; \P1:count[10] ; \P1:count[4]  ; clk        ; clk      ; None                        ; None                      ; 4.002 ns                ;
; N/A                                     ; 233.75 MHz ( period = 4.278 ns )                    ; \P1:count[10] ; \P1:count[3]  ; clk        ; clk      ; None                        ; None                      ; 4.002 ns                ;
; N/A                                     ; 233.75 MHz ( period = 4.278 ns )                    ; \P1:count[10] ; \P1:count[2]  ; clk        ; clk      ; None                        ; None                      ; 4.002 ns                ;
; N/A                                     ; 233.75 MHz ( period = 4.278 ns )                    ; \P1:count[10] ; \P1:count[1]  ; clk        ; clk      ; None                        ; None                      ; 4.002 ns                ;
; N/A                                     ; 233.75 MHz ( period = 4.278 ns )                    ; \P1:count[10] ; \P1:count[0]  ; clk        ; clk      ; None                        ; None                      ; 4.002 ns                ;
; N/A                                     ; 234.96 MHz ( period = 4.256 ns )                    ; \P1:count[15] ; \P1:count[19] ; clk        ; clk      ; None                        ; None                      ; 3.992 ns                ;
; N/A                                     ; 234.96 MHz ( period = 4.256 ns )                    ; \P1:count[15] ; \P1:count[14] ; clk        ; clk      ; None                        ; None                      ; 3.992 ns                ;
; N/A                                     ; 234.96 MHz ( period = 4.256 ns )                    ; \P1:count[15] ; \P1:count[15] ; clk        ; clk      ; None                        ; None                      ; 3.992 ns                ;
; N/A                                     ; 234.96 MHz ( period = 4.256 ns )                    ; \P1:count[15] ; \P1:count[13] ; clk        ; clk      ; None                        ; None                      ; 3.992 ns                ;
; N/A                                     ; 234.96 MHz ( period = 4.256 ns )                    ; \P1:count[15] ; \P1:count[16] ; clk        ; clk      ; None                        ; None                      ; 3.992 ns                ;
; N/A                                     ; 234.96 MHz ( period = 4.256 ns )                    ; \P1:count[15] ; \P1:count[18] ; clk        ; clk      ; None                        ; None                      ; 3.992 ns                ;
; N/A                                     ; 234.96 MHz ( period = 4.256 ns )                    ; \P1:count[15] ; \P1:count[17] ; clk        ; clk      ; None                        ; None                      ; 3.992 ns                ;
; N/A                                     ; 234.96 MHz ( period = 4.256 ns )                    ; \P1:count[15] ; \P1:count[10] ; clk        ; clk      ; None                        ; None                      ; 3.992 ns                ;
; N/A                                     ; 234.96 MHz ( period = 4.256 ns )                    ; \P1:count[15] ; \P1:count[12] ; clk        ; clk      ; None                        ; None                      ; 3.992 ns                ;
; N/A                                     ; 234.96 MHz ( period = 4.256 ns )                    ; \P1:count[15] ; \P1:count[11] ; clk        ; clk      ; None                        ; None                      ; 3.992 ns                ;
; N/A                                     ; 236.46 MHz ( period = 4.229 ns )                    ; \P1:count[8]  ; \P1:count[9]  ; clk        ; clk      ; None                        ; None                      ; 3.965 ns                ;
; N/A                                     ; 236.46 MHz ( period = 4.229 ns )                    ; \P1:count[8]  ; \P1:count[8]  ; clk        ; clk      ; None                        ; None                      ; 3.965 ns                ;
; N/A                                     ; 236.46 MHz ( period = 4.229 ns )                    ; \P1:count[8]  ; \P1:count[6]  ; clk        ; clk      ; None                        ; None                      ; 3.965 ns                ;
; N/A                                     ; 236.46 MHz ( period = 4.229 ns )                    ; \P1:count[8]  ; \P1:count[7]  ; clk        ; clk      ; None                        ; None                      ; 3.965 ns                ;
; N/A                                     ; 236.46 MHz ( period = 4.229 ns )                    ; \P1:count[8]  ; \P1:count[5]  ; clk        ; clk      ; None                        ; None                      ; 3.965 ns                ;
; N/A                                     ; 236.46 MHz ( period = 4.229 ns )                    ; \P1:count[8]  ; \P1:count[4]  ; clk        ; clk      ; None                        ; None                      ; 3.965 ns                ;
; N/A                                     ; 236.46 MHz ( period = 4.229 ns )                    ; \P1:count[8]  ; \P1:count[3]  ; clk        ; clk      ; None                        ; None                      ; 3.965 ns                ;
; N/A                                     ; 236.46 MHz ( period = 4.229 ns )                    ; \P1:count[8]  ; \P1:count[2]  ; clk        ; clk      ; None                        ; None                      ; 3.965 ns                ;
; N/A                                     ; 236.46 MHz ( period = 4.229 ns )                    ; \P1:count[8]  ; \P1:count[1]  ; clk        ; clk      ; None                        ; None                      ; 3.965 ns                ;
; N/A                                     ; 236.46 MHz ( period = 4.229 ns )                    ; \P1:count[8]  ; \P1:count[0]  ; clk        ; clk      ; None                        ; None                      ; 3.965 ns                ;
; N/A                                     ; 241.31 MHz ( period = 4.144 ns )                    ; \P1:count[18] ; clk1          ; clk        ; clk      ; None                        ; None                      ; 4.111 ns                ;
; N/A                                     ; 242.01 MHz ( period = 4.132 ns )                    ; \P1:count[6]  ; clk1          ; clk        ; clk      ; None                        ; None                      ; 4.111 ns                ;
; N/A                                     ; 244.26 MHz ( period = 4.094 ns )                    ; \P1:count[18] ; \P1:count[9]  ; clk        ; clk      ; None                        ; None                      ; 3.818 ns                ;
; N/A                                     ; 244.26 MHz ( period = 4.094 ns )                    ; \P1:count[18] ; \P1:count[8]  ; clk        ; clk      ; None                        ; None                      ; 3.818 ns                ;
; N/A                                     ; 244.26 MHz ( period = 4.094 ns )                    ; \P1:count[18] ; \P1:count[6]  ; clk        ; clk      ; None                        ; None                      ; 3.818 ns                ;
; N/A                                     ; 244.26 MHz ( period = 4.094 ns )                    ; \P1:count[18] ; \P1:count[7]  ; clk        ; clk      ; None                        ; None                      ; 3.818 ns                ;
; N/A                                     ; 244.26 MHz ( period = 4.094 ns )                    ; \P1:count[18] ; \P1:count[5]  ; clk        ; clk      ; None                        ; None                      ; 3.818 ns                ;
; N/A                                     ; 244.26 MHz ( period = 4.094 ns )                    ; \P1:count[18] ; \P1:count[4]  ; clk        ; clk      ; None                        ; None                      ; 3.818 ns                ;
; N/A                                     ; 244.26 MHz ( period = 4.094 ns )                    ; \P1:count[18] ; \P1:count[3]  ; clk        ; clk      ; None                        ; None                      ; 3.818 ns                ;
; N/A                                     ; 244.26 MHz ( period = 4.094 ns )                    ; \P1:count[18] ; \P1:count[2]  ; clk        ; clk      ; None                        ; None                      ; 3.818 ns                ;
; N/A                                     ; 244.26 MHz ( period = 4.094 ns )                    ; \P1:count[18] ; \P1:count[1]  ; clk        ; clk      ; None                        ; None                      ; 3.818 ns                ;
; N/A                                     ; 244.26 MHz ( period = 4.094 ns )                    ; \P1:count[18] ; \P1:count[0]  ; clk        ; clk      ; None                        ; None                      ; 3.818 ns                ;
; N/A                                     ; 244.74 MHz ( period = 4.086 ns )                    ; \P1:count[13] ; clk1          ; clk        ; clk      ; None                        ; None                      ; 4.053 ns                ;
; N/A                                     ; 245.70 MHz ( period = 4.070 ns )                    ; \P2:count1[1] ; \P2:count1[1] ; clk        ; clk      ; None                        ; None                      ; 3.806 ns                ;
; Timing analysis restricted to 200 rows. ; To change the limit use Settings (Assignments menu) ;               ;               ;            ;          ;                             ;                           ;                         ;
+-----------------------------------------+-----------------------------------------------------+---------------+---------------+------------+----------+-----------------------------+---------------------------+-------------------------+


+-------------------------------------------------------------------------+
; tco                                                                     ;
+-------+--------------+------------+--------------+---------+------------+
; Slack ; Required tco ; Actual tco ; From         ; To      ; From Clock ;
+-------+--------------+------------+--------------+---------+------------+
; N/A   ; None         ; 16.202 ns  ; led1[7]~reg0 ; led1[7] ; clk        ;
; N/A   ; None         ; 16.138 ns  ; led1[5]~reg0 ; led1[5] ; clk        ;
; N/A   ; None         ; 16.090 ns  ; led1[6]~reg0 ; led1[6] ; clk        ;
; N/A   ; None         ; 15.903 ns  ; led1[2]~reg0 ; led1[2] ; clk        ;
; N/A   ; None         ; 15.317 ns  ; led1[4]~reg0 ; led1[4] ; clk        ;
; N/A   ; None         ; 15.164 ns  ; led1[0]~reg0 ; led1[0] ; clk        ;
; N/A   ; None         ; 14.805 ns  ; led1[3]~reg0 ; led1[3] ; clk        ;
; N/A   ; None         ; 14.328 ns  ; led1[1]~reg0 ; led1[1] ; clk        ;
+-------+--------------+------------+--------------+---------+------------+


+--------------------------+
; Timing Analyzer Messages ;
+--------------------------+
Info: *******************************************************************
Info: Running Quartus II Classic Timing Analyzer
    Info: Version 9.0 Build 235 06/17/2009 Service Pack 2 SJ Full Version
    Info: Processing started: Mon Aug 30 01:49:56 2010
Info: Command: quartus_tan --read_settings_files=off --write_settings_files=off LampsSequencer -c LampsSequencer --timing_analysis_only
Info: Parallel compilation is enabled and will use 2 of the 2 processors detected
Warning: Found pins functioning as undefined clocks and/or memory enables
    Info: Assuming node "clk" is an undefined clock
Warning: Found 2 node(s) in clock paths which may be acting as ripple and/or gated clocks -- node(s) analyzed as buffer(s) resulting in clock skew
    Info: Detected ripple clock "clk1" as buffer
    Info: Detected ripple clock "CLK2" as buffer
Info: Clock "clk" has Internal fmax of 194.06 MHz between source register "\P1:count[12]" and destination register "\P1:count[19]" (period= 5.153 ns)
    Info: + Longest register to register delay is 4.889 ns
        Info: 1: + IC(0.000 ns) + CELL(0.000 ns) = 0.000 ns; Loc. = LCFF_X2_Y5_N5; Fanout = 3; REG Node = '\P1:count[12]'
        Info: 2: + IC(1.119 ns) + CELL(0.370 ns) = 1.489 ns; Loc. = LCCOMB_X2_Y6_N2; Fanout = 2; COMB Node = 'LessThan2~0'
        Info: 3: + IC(0.371 ns) + CELL(0.206 ns) = 2.066 ns; Loc. = LCCOMB_X2_Y6_N6; Fanout = 1; COMB Node = 'count~42'
        Info: 4: + IC(0.363 ns) + CELL(0.206 ns) = 2.635 ns; Loc. = LCCOMB_X2_Y6_N0; Fanout = 2; COMB Node = 'count~43'
        Info: 5: + IC(0.368 ns) + CELL(0.206 ns) = 3.209 ns; Loc. = LCCOMB_X2_Y6_N10; Fanout = 20; COMB Node = 'count~44'
        Info: 6: + IC(1.020 ns) + CELL(0.660 ns) = 4.889 ns; Loc. = LCFF_X2_Y5_N19; Fanout = 4; REG Node = '\P1:count[19]'
        Info: Total cell delay = 1.648 ns ( 33.71 % )
        Info: Total interconnect delay = 3.241 ns ( 66.29 % )
    Info: - Smallest clock skew is 0.000 ns
        Info: + Shortest clock path from clock "clk" to destination register is 2.773 ns
            Info: 1: + IC(0.000 ns) + CELL(1.140 ns) = 1.140 ns; Loc. = PIN_23; Fanout = 2; CLK Node = 'clk'
            Info: 2: + IC(0.143 ns) + CELL(0.000 ns) = 1.283 ns; Loc. = CLKCTRL_G2; Fanout = 20; COMB Node = 'clk~clkctrl'
            Info: 3: + IC(0.824 ns) + CELL(0.666 ns) = 2.773 ns; Loc. = LCFF_X2_Y5_N19; Fanout = 4; REG Node = '\P1:count[19]'
            Info: Total cell delay = 1.806 ns ( 65.13 % )
            Info: Total interconnect delay = 0.967 ns ( 34.87 % )
        Info: - Longest clock path from clock "clk" to source register is 2.773 ns
            Info: 1: + IC(0.000 ns) + CELL(1.140 ns) = 1.140 ns; Loc. = PIN_23; Fanout = 2; CLK Node = 'clk'
            Info: 2: + IC(0.143 ns) + CELL(0.000 ns) = 1.283 ns; Loc. = CLKCTRL_G2; Fanout = 20; COMB Node = 'clk~clkctrl'
            Info: 3: + IC(0.824 ns) + CELL(0.666 ns) = 2.773 ns; Loc. = LCFF_X2_Y5_N5; Fanout = 3; REG Node = '\P1:count[12]'
            Info: Total cell delay = 1.806 ns ( 65.13 % )
            Info: Total interconnect delay = 0.967 ns ( 34.87 % )
    Info: + Micro clock to output delay of source is 0.304 ns
    Info: + Micro setup delay of destination is -0.040 ns
Info: tco from clock "clk" to destination pin "led1[7]" through register "led1[7]~reg0" is 16.202 ns
    Info: + Longest clock path from clock "clk" to source register is 8.445 ns
        Info: 1: + IC(0.000 ns) + CELL(1.140 ns) = 1.140 ns; Loc. = PIN_23; Fanout = 2; CLK Node = 'clk'
        Info: 2: + IC(1.198 ns) + CELL(0.970 ns) = 3.308 ns; Loc. = LCFF_X2_Y5_N25; Fanout = 2; REG Node = 'clk1'
        Info: 3: + IC(1.093 ns) + CELL(0.970 ns) = 5.371 ns; Loc. = LCFF_X2_Y3_N21; Fanout = 2; REG Node = 'CLK2'
        Info: 4: + IC(1.549 ns) + CELL(0.000 ns) = 6.920 ns; Loc. = CLKCTRL_G1; Fanout = 13; COMB Node = 'CLK2~clkctrl'
        Info: 5: + IC(0.859 ns) + CELL(0.666 ns) = 8.445 ns; Loc. = LCFF_X27_Y12_N7; Fanout = 1; REG Node = 'led1[7]~reg0'
        Info: Total cell delay = 3.746 ns ( 44.36 % )
        Info: Total interconnect delay = 4.699 ns ( 55.64 % )
    Info: + Micro clock to output delay of source is 0.304 ns
    Info: + Longest register to pin delay is 7.453 ns
        Info: 1: + IC(0.000 ns) + CELL(0.000 ns) = 0.000 ns; Loc. = LCFF_X27_Y12_N7; Fanout = 1; REG Node = 'led1[7]~reg0'
        Info: 2: + IC(4.147 ns) + CELL(3.306 ns) = 7.453 ns; Loc. = PIN_60; Fanout = 0; PIN Node = 'led1[7]'
        Info: Total cell delay = 3.306 ns ( 44.36 % )
        Info: Total interconnect delay = 4.147 ns ( 55.64 % )
Info: Quartus II Classic Timing Analyzer was successful. 0 errors, 2 warnings
    Info: Peak virtual memory: 144 megabytes
    Info: Processing ended: Mon Aug 30 01:49:58 2010
    Info: Elapsed time: 00:00:02
    Info: Total CPU time (on all processors): 00:00:01


