Classic Timing Analyzer report for keyled1
Tue Aug 17 01:56:26 2010
Quartus II Version 9.0 Build 235 06/17/2009 Service Pack 2 SJ Full Version


---------------------
; Table of Contents ;
---------------------
  1. Legal Notice
  2. Timing Analyzer Summary
  3. Timing Analyzer Settings
  4. Parallel Compilation
  5. tpd
  6. Timing Analyzer Messages



----------------
; Legal Notice ;
----------------
Copyright (C) 1991-2009 Altera Corporation
Your use of Altera Corporation's design tools, logic functions 
and other software and tools, and its AMPP partner logic 
functions, and any output files from any of the foregoing 
(including device programming or simulation files), and any 
associated documentation or information are expressly subject 
to the terms and conditions of the Altera Program License 
Subscription Agreement, Altera MegaCore Function License 
Agreement, or other applicable license agreement, including, 
without limitation, that your use is for the sole purpose of 
programming logic devices manufactured by Altera and sold by 
Altera or its authorized distributors.  Please refer to the 
applicable agreement for further details.



+-----------------------------------------------------------------------------------------------------------------------------------+
; Timing Analyzer Summary                                                                                                           ;
+------------------------------+-------+---------------+-------------+-------------+---------+------------+----------+--------------+
; Type                         ; Slack ; Required Time ; Actual Time ; From        ; To      ; From Clock ; To Clock ; Failed Paths ;
+------------------------------+-------+---------------+-------------+-------------+---------+------------+----------+--------------+
; Worst-case tpd               ; N/A   ; None          ; 13.084 ns   ; key_data[0] ; LED7[2] ; --         ; --       ; 0            ;
; Total number of failed paths ;       ;               ;             ;             ;         ;            ;          ; 0            ;
+------------------------------+-------+---------------+-------------+-------------+---------+------------+----------+--------------+


+--------------------------------------------------------------------------------------------------------------------+
; Timing Analyzer Settings                                                                                           ;
+---------------------------------------------------------------------+--------------------+------+----+-------------+
; Option                                                              ; Setting            ; From ; To ; Entity Name ;
+---------------------------------------------------------------------+--------------------+------+----+-------------+
; Device Name                                                         ; EP2C5Q208C8        ;      ;    ;             ;
; Timing Models                                                       ; Final              ;      ;    ;             ;
; Default hold multicycle                                             ; Same as Multicycle ;      ;    ;             ;
; Cut paths between unrelated clock domains                           ; On                 ;      ;    ;             ;
; Cut off read during write signal paths                              ; On                 ;      ;    ;             ;
; Cut off feedback from I/O pins                                      ; On                 ;      ;    ;             ;
; Report Combined Fast/Slow Timing                                    ; Off                ;      ;    ;             ;
; Ignore Clock Settings                                               ; Off                ;      ;    ;             ;
; Analyze latches as synchronous elements                             ; On                 ;      ;    ;             ;
; Enable Recovery/Removal analysis                                    ; Off                ;      ;    ;             ;
; Enable Clock Latency                                                ; Off                ;      ;    ;             ;
; Use TimeQuest Timing Analyzer                                       ; Off                ;      ;    ;             ;
; Minimum Core Junction Temperature                                   ; 0                  ;      ;    ;             ;
; Maximum Core Junction Temperature                                   ; 85                 ;      ;    ;             ;
; Number of source nodes to report per destination node               ; 10                 ;      ;    ;             ;
; Number of destination nodes to report                               ; 10                 ;      ;    ;             ;
; Number of paths to report                                           ; 200                ;      ;    ;             ;
; Report Minimum Timing Checks                                        ; Off                ;      ;    ;             ;
; Use Fast Timing Models                                              ; Off                ;      ;    ;             ;
; Report IO Paths Separately                                          ; Off                ;      ;    ;             ;
; Perform Multicorner Analysis                                        ; On                 ;      ;    ;             ;
; Reports the worst-case path for each clock domain and analysis      ; Off                ;      ;    ;             ;
; Removes common clock path pessimism (CCPP) during slack computation ; Off                ;      ;    ;             ;
; Output I/O Timing Endpoint                                          ; Near End           ;      ;    ;             ;
+---------------------------------------------------------------------+--------------------+------+----+-------------+


+------------------------------------------+
; Parallel Compilation                     ;
+----------------------------+-------------+
; Processors                 ; Number      ;
+----------------------------+-------------+
; Number detected on machine ; 2           ;
; Maximum allowed            ; 2           ;
;                            ;             ;
; Average used               ; 1.00        ;
; Maximum used               ; 1           ;
;                            ;             ;
; Usage by Processor         ; % Time Used ;
;     1 processor            ; 100.0%      ;
;     2 processors           ;   0.0%      ;
+----------------------------+-------------+


+---------------------------------------------------------------------+
; tpd                                                                 ;
+-------+-------------------+-----------------+-------------+---------+
; Slack ; Required P2P Time ; Actual P2P Time ; From        ; To      ;
+-------+-------------------+-----------------+-------------+---------+
; N/A   ; None              ; 13.084 ns       ; key_data[0] ; LED7[2] ;
; N/A   ; None              ; 13.081 ns       ; key_data[0] ; LED7[1] ;
; N/A   ; None              ; 12.640 ns       ; key_data[0] ; LED7[3] ;
; N/A   ; None              ; 12.635 ns       ; key_data[0] ; LED7[4] ;
; N/A   ; None              ; 12.510 ns       ; key_data[0] ; LED7[0] ;
; N/A   ; None              ; 8.739 ns        ; key_data[1] ; LED7[4] ;
; N/A   ; None              ; 8.724 ns        ; key_data[3] ; LED7[4] ;
; N/A   ; None              ; 8.719 ns        ; key_data[4] ; LED7[2] ;
; N/A   ; None              ; 8.716 ns        ; key_data[4] ; LED7[1] ;
; N/A   ; None              ; 8.568 ns        ; key_data[1] ; LED7[0] ;
; N/A   ; None              ; 8.553 ns        ; key_data[3] ; LED7[0] ;
; N/A   ; None              ; 8.275 ns        ; key_data[4] ; LED7[3] ;
; N/A   ; None              ; 8.258 ns        ; key_data[4] ; LED7[4] ;
; N/A   ; None              ; 8.135 ns        ; key_data[4] ; LED7[0] ;
; N/A   ; None              ; 8.041 ns        ; key_data[2] ; LED7[4] ;
; N/A   ; None              ; 7.965 ns        ; key_data[3] ; LED7[2] ;
; N/A   ; None              ; 7.958 ns        ; key_data[3] ; LED7[1] ;
; N/A   ; None              ; 7.870 ns        ; key_data[2] ; LED7[1] ;
; N/A   ; None              ; 7.868 ns        ; key_data[2] ; LED7[0] ;
; N/A   ; None              ; 7.768 ns        ; key_data[2] ; LED7[2] ;
; N/A   ; None              ; 7.604 ns        ; key_data[1] ; LED7[2] ;
; N/A   ; None              ; 7.601 ns        ; key_data[1] ; LED7[1] ;
; N/A   ; None              ; 7.443 ns        ; key_data[3] ; LED7[3] ;
; N/A   ; None              ; 7.436 ns        ; key_data[2] ; LED7[3] ;
; N/A   ; None              ; 7.163 ns        ; key_data[1] ; LED7[3] ;
+-------+-------------------+-----------------+-------------+---------+


+--------------------------+
; Timing Analyzer Messages ;
+--------------------------+
Info: *******************************************************************
Info: Running Quartus II Classic Timing Analyzer
    Info: Version 9.0 Build 235 06/17/2009 Service Pack 2 SJ Full Version
    Info: Processing started: Tue Aug 17 01:56:24 2010
Info: Command: quartus_tan --read_settings_files=off --write_settings_files=off keyled1 -c keyled1 --timing_analysis_only
Info: Parallel compilation is enabled and will use 2 of the 2 processors detected
Info: Longest tpd from source pin "key_data[0]" to destination pin "LED7[2]" is 13.084 ns
    Info: 1: + IC(0.000 ns) + CELL(0.985 ns) = 0.985 ns; Loc. = PIN_30; Fanout = 3; PIN Node = 'key_data[0]'
    Info: 2: + IC(6.337 ns) + CELL(0.366 ns) = 7.688 ns; Loc. = LCCOMB_X5_Y6_N12; Fanout = 3; COMB Node = 'Mux1~0'
    Info: 3: + IC(0.373 ns) + CELL(0.206 ns) = 8.267 ns; Loc. = LCCOMB_X5_Y6_N4; Fanout = 1; COMB Node = 'Mux2~5'
    Info: 4: + IC(1.711 ns) + CELL(3.106 ns) = 13.084 ns; Loc. = PIN_13; Fanout = 0; PIN Node = 'LED7[2]'
    Info: Total cell delay = 4.663 ns ( 35.64 % )
    Info: Total interconnect delay = 8.421 ns ( 64.36 % )
Info: Quartus II Classic Timing Analyzer was successful. 0 errors, 0 warnings
    Info: Peak virtual memory: 143 megabytes
    Info: Processing ended: Tue Aug 17 01:56:26 2010
    Info: Elapsed time: 00:00:02
    Info: Total CPU time (on all processors): 00:00:01


