Classic Timing Analyzer report for mux
Tue Oct 26 09:24:52 2010
Quartus II Version 9.0 Build 235 06/17/2009 Service Pack 2 SJ Full Version


---------------------
; Table of Contents ;
---------------------
  1. Legal Notice
  2. Timing Analyzer Summary
  3. Timing Analyzer Settings
  4. Parallel Compilation
  5. tpd
  6. Timing Analyzer Messages



----------------
; Legal Notice ;
----------------
Copyright (C) 1991-2009 Altera Corporation
Your use of Altera Corporation's design tools, logic functions 
and other software and tools, and its AMPP partner logic 
functions, and any output files from any of the foregoing 
(including device programming or simulation files), and any 
associated documentation or information are expressly subject 
to the terms and conditions of the Altera Program License 
Subscription Agreement, Altera MegaCore Function License 
Agreement, or other applicable license agreement, including, 
without limitation, that your use is for the sole purpose of 
programming logic devices manufactured by Altera and sold by 
Altera or its authorized distributors.  Please refer to the 
applicable agreement for further details.



+-------------------------------------------------------------------------------------------------------------------------+
; Timing Analyzer Summary                                                                                                 ;
+------------------------------+-------+---------------+-------------+------+------+------------+----------+--------------+
; Type                         ; Slack ; Required Time ; Actual Time ; From ; To   ; From Clock ; To Clock ; Failed Paths ;
+------------------------------+-------+---------------+-------------+------+------+------------+----------+--------------+
; Worst-case tpd               ; N/A   ; None          ; 10.275 ns   ; c[0] ; d[5] ; --         ; --       ; 0            ;
; Total number of failed paths ;       ;               ;             ;      ;      ;            ;          ; 0            ;
+------------------------------+-------+---------------+-------------+------+------+------------+----------+--------------+


+--------------------------------------------------------------------------------------------------------------------+
; Timing Analyzer Settings                                                                                           ;
+---------------------------------------------------------------------+--------------------+------+----+-------------+
; Option                                                              ; Setting            ; From ; To ; Entity Name ;
+---------------------------------------------------------------------+--------------------+------+----+-------------+
; Device Name                                                         ; EP2C8Q208C8        ;      ;    ;             ;
; Timing Models                                                       ; Final              ;      ;    ;             ;
; Default hold multicycle                                             ; Same as Multicycle ;      ;    ;             ;
; Cut paths between unrelated clock domains                           ; On                 ;      ;    ;             ;
; Cut off read during write signal paths                              ; On                 ;      ;    ;             ;
; Cut off feedback from I/O pins                                      ; On                 ;      ;    ;             ;
; Report Combined Fast/Slow Timing                                    ; Off                ;      ;    ;             ;
; Ignore Clock Settings                                               ; Off                ;      ;    ;             ;
; Analyze latches as synchronous elements                             ; Off                ;      ;    ;             ;
; Enable Recovery/Removal analysis                                    ; Off                ;      ;    ;             ;
; Enable Clock Latency                                                ; Off                ;      ;    ;             ;
; Use TimeQuest Timing Analyzer                                       ; Off                ;      ;    ;             ;
; Minimum Core Junction Temperature                                   ; 0                  ;      ;    ;             ;
; Maximum Core Junction Temperature                                   ; 85                 ;      ;    ;             ;
; Number of source nodes to report per destination node               ; 10                 ;      ;    ;             ;
; Number of destination nodes to report                               ; 10                 ;      ;    ;             ;
; Number of paths to report                                           ; 200                ;      ;    ;             ;
; Report Minimum Timing Checks                                        ; Off                ;      ;    ;             ;
; Use Fast Timing Models                                              ; Off                ;      ;    ;             ;
; Report IO Paths Separately                                          ; Off                ;      ;    ;             ;
; Perform Multicorner Analysis                                        ; On                 ;      ;    ;             ;
; Reports the worst-case path for each clock domain and analysis      ; Off                ;      ;    ;             ;
; Removes common clock path pessimism (CCPP) during slack computation ; Off                ;      ;    ;             ;
; Output I/O Timing Endpoint                                          ; Near End           ;      ;    ;             ;
+---------------------------------------------------------------------+--------------------+------+----+-------------+


+------------------------------------------+
; Parallel Compilation                     ;
+----------------------------+-------------+
; Processors                 ; Number      ;
+----------------------------+-------------+
; Number detected on machine ; 2           ;
; Maximum allowed            ; 2           ;
;                            ;             ;
; Average used               ; 1.00        ;
; Maximum used               ; 1           ;
;                            ;             ;
; Usage by Processor         ; % Time Used ;
;     1 processor            ; 100.0%      ;
;     2 processors           ;   0.0%      ;
+----------------------------+-------------+


+-----------------------------------------------------------+
; tpd                                                       ;
+-------+-------------------+-----------------+------+------+
; Slack ; Required P2P Time ; Actual P2P Time ; From ; To   ;
+-------+-------------------+-----------------+------+------+
; N/A   ; None              ; 10.275 ns       ; c[0] ; d[5] ;
; N/A   ; None              ; 9.981 ns        ; c[0] ; d[2] ;
; N/A   ; None              ; 9.767 ns        ; c[1] ; d[4] ;
; N/A   ; None              ; 9.742 ns        ; c[1] ; d[7] ;
; N/A   ; None              ; 9.711 ns        ; c[0] ; d[4] ;
; N/A   ; None              ; 9.686 ns        ; c[0] ; d[7] ;
; N/A   ; None              ; 9.601 ns        ; b[0] ; d[5] ;
; N/A   ; None              ; 9.564 ns        ; a    ; d[4] ;
; N/A   ; None              ; 9.539 ns        ; a    ; d[7] ;
; N/A   ; None              ; 9.307 ns        ; b[0] ; d[2] ;
; N/A   ; None              ; 9.262 ns        ; a    ; d[5] ;
; N/A   ; None              ; 9.237 ns        ; b[1] ; d[4] ;
; N/A   ; None              ; 9.212 ns        ; b[1] ; d[7] ;
; N/A   ; None              ; 9.036 ns        ; b[0] ; d[4] ;
; N/A   ; None              ; 9.011 ns        ; b[0] ; d[7] ;
; N/A   ; None              ; 8.980 ns        ; c[0] ; d[3] ;
; N/A   ; None              ; 8.968 ns        ; a    ; d[2] ;
; N/A   ; None              ; 8.844 ns        ; c[1] ; d[5] ;
; N/A   ; None              ; 8.491 ns        ; c[1] ; d[1] ;
; N/A   ; None              ; 8.473 ns        ; c[1] ; d[2] ;
; N/A   ; None              ; 8.331 ns        ; b[1] ; d[5] ;
; N/A   ; None              ; 8.306 ns        ; b[0] ; d[3] ;
; N/A   ; None              ; 8.288 ns        ; a    ; d[1] ;
; N/A   ; None              ; 7.967 ns        ; a    ; d[3] ;
; N/A   ; None              ; 7.961 ns        ; b[1] ; d[1] ;
; N/A   ; None              ; 7.945 ns        ; b[1] ; d[2] ;
+-------+-------------------+-----------------+------+------+


+--------------------------+
; Timing Analyzer Messages ;
+--------------------------+
Info: *******************************************************************
Info: Running Quartus II Classic Timing Analyzer
    Info: Version 9.0 Build 235 06/17/2009 Service Pack 2 SJ Full Version
    Info: Processing started: Tue Oct 26 09:24:51 2010
Info: Command: quartus_tan --read_settings_files=off --write_settings_files=off mux -c mux --timing_analysis_only
Info: Parallel compilation is enabled and will use 2 of the 2 processors detected
Info: Longest tpd from source pin "c[0]" to destination pin "d[5]" is 10.275 ns
    Info: 1: + IC(0.000 ns) + CELL(1.150 ns) = 1.150 ns; Loc. = PIN_130; Fanout = 2; PIN Node = 'c[0]'
    Info: 2: + IC(2.611 ns) + CELL(0.650 ns) = 4.411 ns; Loc. = LCCOMB_X7_Y4_N18; Fanout = 3; COMB Node = 'temp_xhd[0]~1'
    Info: 3: + IC(0.376 ns) + CELL(0.544 ns) = 5.331 ns; Loc. = LCCOMB_X7_Y4_N16; Fanout = 1; COMB Node = 'Mux0~9'
    Info: 4: + IC(1.658 ns) + CELL(3.286 ns) = 10.275 ns; Loc. = PIN_69; Fanout = 0; PIN Node = 'd[5]'
    Info: Total cell delay = 5.630 ns ( 54.79 % )
    Info: Total interconnect delay = 4.645 ns ( 45.21 % )
Info: Quartus II Classic Timing Analyzer was successful. 0 errors, 0 warnings
    Info: Peak virtual memory: 140 megabytes
    Info: Processing ended: Tue Oct 26 09:24:52 2010
    Info: Elapsed time: 00:00:01
    Info: Total CPU time (on all processors): 00:00:01


