Flow report for seg2
Mon Aug 30 19:50:33 2010
Quartus II Version 9.0 Build 235 06/17/2009 Service Pack 2 SJ Full Version


---------------------
; Table of Contents ;
---------------------
  1. Legal Notice
  2. Flow Summary
  3. Flow Settings
  4. Flow Non-Default Global Settings
  5. Flow Elapsed Time
  6. Flow OS Summary
  7. Flow Log



----------------
; Legal Notice ;
----------------
Copyright (C) 1991-2009 Altera Corporation
Your use of Altera Corporation's design tools, logic functions 
and other software and tools, and its AMPP partner logic 
functions, and any output files from any of the foregoing 
(including device programming or simulation files), and any 
associated documentation or information are expressly subject 
to the terms and conditions of the Altera Program License 
Subscription Agreement, Altera MegaCore Function License 
Agreement, or other applicable license agreement, including, 
without limitation, that your use is for the sole purpose of 
programming logic devices manufactured by Altera and sold by 
Altera or its authorized distributors.  Please refer to the 
applicable agreement for further details.



+------------------------------------------------------------------------------------+
; Flow Summary                                                                       ;
+------------------------------------+-----------------------------------------------+
; Flow Status                        ; Successful - Mon Aug 30 19:50:33 2010         ;
; Quartus II Version                 ; 9.0 Build 235 06/17/2009 SP 2 SJ Full Version ;
; Revision Name                      ; seg2                                          ;
; Top-level Entity Name              ; seg2                                          ;
; Family                             ; Cyclone II                                    ;
; Device                             ; EP2C8Q208C8                                   ;
; Timing Models                      ; Final                                         ;
; Met timing requirements            ; Yes                                           ;
; Total logic elements               ; 30 / 8,256 ( < 1 % )                          ;
;     Total combinational functions  ; 30 / 8,256 ( < 1 % )                          ;
;     Dedicated logic registers      ; 16 / 8,256 ( < 1 % )                          ;
; Total registers                    ; 16                                            ;
; Total pins                         ; 18 / 138 ( 13 % )                             ;
; Total virtual pins                 ; 0                                             ;
; Total memory bits                  ; 0 / 165,888 ( 0 % )                           ;
; Embedded Multiplier 9-bit elements ; 0 / 36 ( 0 % )                                ;
; Total PLLs                         ; 0 / 2 ( 0 % )                                 ;
+------------------------------------+-----------------------------------------------+


+-----------------------------------------+
; Flow Settings                           ;
+-------------------+---------------------+
; Option            ; Setting             ;
+-------------------+---------------------+
; Start date & time ; 08/30/2010 19:50:08 ;
; Main task         ; Compilation         ;
; Revision Name     ; seg2                ;
+-------------------+---------------------+


+----------------------------------------------------------------------------------------------------------------------+
; Flow Non-Default Global Settings                                                                                     ;
+------------------------------------+----------------------------------+---------------+-------------+----------------+
; Assignment Name                    ; Value                            ; Default Value ; Entity Name ; Section Id     ;
+------------------------------------+----------------------------------+---------------+-------------+----------------+
; COMPILER_SIGNATURE_ID              ; 107943335897.128316900703240     ; --            ; --          ; --             ;
; MAX_CORE_JUNCTION_TEMP             ; 85                               ; --            ; --          ; --             ;
; MIN_CORE_JUNCTION_TEMP             ; 0                                ; --            ; --          ; --             ;
; MISC_FILE                          ; E:/ep2c8q208/demo3-seg2/seg2.dpf ; --            ; --          ; --             ;
; PARTITION_COLOR                    ; 16764057                         ; --            ; --          ; Top            ;
; PARTITION_NETLIST_TYPE             ; SOURCE                           ; --            ; --          ; Top            ;
; USE_GENERATED_PHYSICAL_CONSTRAINTS ; Off                              ; --            ; --          ; eda_blast_fpga ;
+------------------------------------+----------------------------------+---------------+-------------+----------------+


+-----------------------------------------------------------------------------------------------------------------------------+
; Flow Elapsed Time                                                                                                           ;
+-------------------------+--------------+-------------------------+---------------------+------------------------------------+
; Module Name             ; Elapsed Time ; Average Processors Used ; Peak Virtual Memory ; Total CPU Time (on all processors) ;
+-------------------------+--------------+-------------------------+---------------------+------------------------------------+
; Analysis & Synthesis    ; 00:00:04     ; 1.0                     ; 196 MB              ; 00:00:02                           ;
; Fitter                  ; 00:00:07     ; 1.0                     ; 209 MB              ; 00:00:04                           ;
; Assembler               ; 00:00:03     ; 1.0                     ; 173 MB              ; 00:00:02                           ;
; Classic Timing Analyzer ; 00:00:01     ; 1.0                     ; 130 MB              ; 00:00:01                           ;
; Total                   ; 00:00:15     ; --                      ; --                  ; 00:00:09                           ;
+-------------------------+--------------+-------------------------+---------------------+------------------------------------+


+---------------------------------------------------------------------------------------+
; Flow OS Summary                                                                       ;
+-------------------------+------------------+------------+------------+----------------+
; Module Name             ; Machine Hostname ; OS Name    ; OS Version ; Processor type ;
+-------------------------+------------------+------------+------------+----------------+
; Analysis & Synthesis    ; workpc           ; Windows XP ; 5.1        ; i686           ;
; Fitter                  ; workpc           ; Windows XP ; 5.1        ; i686           ;
; Assembler               ; workpc           ; Windows XP ; 5.1        ; i686           ;
; Classic Timing Analyzer ; workpc           ; Windows XP ; 5.1        ; i686           ;
+-------------------------+------------------+------------+------------+----------------+


------------
; Flow Log ;
------------
quartus_map --read_settings_files=on --write_settings_files=off seg2 -c seg2
quartus_fit --read_settings_files=off --write_settings_files=off seg2 -c seg2
quartus_asm --read_settings_files=off --write_settings_files=off seg2 -c seg2
quartus_tan --read_settings_files=off --write_settings_files=off seg2 -c seg2 --timing_analysis_only



