Classic Timing Analyzer report for mlt1
Tue Oct 26 09:16:56 2010
Quartus II Version 9.0 Build 235 06/17/2009 Service Pack 2 SJ Full Version


---------------------
; Table of Contents ;
---------------------
  1. Legal Notice
  2. Timing Analyzer Summary
  3. Timing Analyzer Settings
  4. Parallel Compilation
  5. tpd
  6. Timing Analyzer Messages



----------------
; Legal Notice ;
----------------
Copyright (C) 1991-2009 Altera Corporation
Your use of Altera Corporation's design tools, logic functions 
and other software and tools, and its AMPP partner logic 
functions, and any output files from any of the foregoing 
(including device programming or simulation files), and any 
associated documentation or information are expressly subject 
to the terms and conditions of the Altera Program License 
Subscription Agreement, Altera MegaCore Function License 
Agreement, or other applicable license agreement, including, 
without limitation, that your use is for the sole purpose of 
programming logic devices manufactured by Altera and sold by 
Altera or its authorized distributors.  Please refer to the 
applicable agreement for further details.



+-------------------------------------------------------------------------------------------------------------------------+
; Timing Analyzer Summary                                                                                                 ;
+------------------------------+-------+---------------+-------------+------+------+------------+----------+--------------+
; Type                         ; Slack ; Required Time ; Actual Time ; From ; To   ; From Clock ; To Clock ; Failed Paths ;
+------------------------------+-------+---------------+-------------+------+------+------------+----------+--------------+
; Worst-case tpd               ; N/A   ; None          ; 9.611 ns    ; b[0] ; c[7] ; --         ; --       ; 0            ;
; Total number of failed paths ;       ;               ;             ;      ;      ;            ;          ; 0            ;
+------------------------------+-------+---------------+-------------+------+------+------------+----------+--------------+


+--------------------------------------------------------------------------------------------------------------------+
; Timing Analyzer Settings                                                                                           ;
+---------------------------------------------------------------------+--------------------+------+----+-------------+
; Option                                                              ; Setting            ; From ; To ; Entity Name ;
+---------------------------------------------------------------------+--------------------+------+----+-------------+
; Device Name                                                         ; EP2C8Q208C8        ;      ;    ;             ;
; Timing Models                                                       ; Final              ;      ;    ;             ;
; Default hold multicycle                                             ; Same as Multicycle ;      ;    ;             ;
; Cut paths between unrelated clock domains                           ; On                 ;      ;    ;             ;
; Cut off read during write signal paths                              ; On                 ;      ;    ;             ;
; Cut off feedback from I/O pins                                      ; On                 ;      ;    ;             ;
; Report Combined Fast/Slow Timing                                    ; Off                ;      ;    ;             ;
; Ignore Clock Settings                                               ; Off                ;      ;    ;             ;
; Analyze latches as synchronous elements                             ; On                 ;      ;    ;             ;
; Enable Recovery/Removal analysis                                    ; Off                ;      ;    ;             ;
; Enable Clock Latency                                                ; Off                ;      ;    ;             ;
; Use TimeQuest Timing Analyzer                                       ; Off                ;      ;    ;             ;
; Minimum Core Junction Temperature                                   ; 0                  ;      ;    ;             ;
; Maximum Core Junction Temperature                                   ; 85                 ;      ;    ;             ;
; Number of source nodes to report per destination node               ; 10                 ;      ;    ;             ;
; Number of destination nodes to report                               ; 10                 ;      ;    ;             ;
; Number of paths to report                                           ; 200                ;      ;    ;             ;
; Report Minimum Timing Checks                                        ; Off                ;      ;    ;             ;
; Use Fast Timing Models                                              ; Off                ;      ;    ;             ;
; Report IO Paths Separately                                          ; Off                ;      ;    ;             ;
; Perform Multicorner Analysis                                        ; On                 ;      ;    ;             ;
; Reports the worst-case path for each clock domain and analysis      ; Off                ;      ;    ;             ;
; Removes common clock path pessimism (CCPP) during slack computation ; Off                ;      ;    ;             ;
; Output I/O Timing Endpoint                                          ; Near End           ;      ;    ;             ;
+---------------------------------------------------------------------+--------------------+------+----+-------------+


+------------------------------------------+
; Parallel Compilation                     ;
+----------------------------+-------------+
; Processors                 ; Number      ;
+----------------------------+-------------+
; Number detected on machine ; 2           ;
; Maximum allowed            ; 2           ;
;                            ;             ;
; Average used               ; 1.00        ;
; Maximum used               ; 1           ;
;                            ;             ;
; Usage by Processor         ; % Time Used ;
;     1 processor            ; 100.0%      ;
;     2 processors           ;   0.0%      ;
+----------------------------+-------------+


+-----------------------------------------------------------+
; tpd                                                       ;
+-------+-------------------+-----------------+------+------+
; Slack ; Required P2P Time ; Actual P2P Time ; From ; To   ;
+-------+-------------------+-----------------+------+------+
; N/A   ; None              ; 9.611 ns        ; b[0] ; c[7] ;
; N/A   ; None              ; 9.268 ns        ; b[0] ; c[4] ;
; N/A   ; None              ; 9.260 ns        ; b[0] ; c[5] ;
; N/A   ; None              ; 9.231 ns        ; b[0] ; c[6] ;
; N/A   ; None              ; 9.194 ns        ; b[1] ; c[7] ;
; N/A   ; None              ; 9.034 ns        ; b[0] ; c[1] ;
; N/A   ; None              ; 8.857 ns        ; b[1] ; c[6] ;
; N/A   ; None              ; 8.851 ns        ; b[1] ; c[4] ;
; N/A   ; None              ; 8.847 ns        ; b[1] ; c[5] ;
; N/A   ; None              ; 8.616 ns        ; b[1] ; c[1] ;
; N/A   ; None              ; 8.350 ns        ; b[0] ; c[2] ;
; N/A   ; None              ; 8.349 ns        ; b[0] ; c[3] ;
; N/A   ; None              ; 7.930 ns        ; b[1] ; c[2] ;
; N/A   ; None              ; 7.929 ns        ; b[1] ; c[3] ;
; N/A   ; None              ; 7.863 ns        ; a[0] ; c[7] ;
; N/A   ; None              ; 7.521 ns        ; a[0] ; c[4] ;
; N/A   ; None              ; 7.513 ns        ; a[1] ; c[7] ;
; N/A   ; None              ; 7.493 ns        ; a[0] ; c[6] ;
; N/A   ; None              ; 7.490 ns        ; a[0] ; c[5] ;
; N/A   ; None              ; 7.292 ns        ; a[0] ; c[1] ;
; N/A   ; None              ; 7.175 ns        ; a[1] ; c[6] ;
; N/A   ; None              ; 7.171 ns        ; a[1] ; c[5] ;
; N/A   ; None              ; 7.169 ns        ; a[1] ; c[4] ;
; N/A   ; None              ; 6.931 ns        ; a[1] ; c[1] ;
; N/A   ; None              ; 6.615 ns        ; a[0] ; c[2] ;
; N/A   ; None              ; 6.613 ns        ; a[0] ; c[3] ;
; N/A   ; None              ; 6.253 ns        ; a[1] ; c[2] ;
; N/A   ; None              ; 6.250 ns        ; a[1] ; c[3] ;
+-------+-------------------+-----------------+------+------+


+--------------------------+
; Timing Analyzer Messages ;
+--------------------------+
Info: *******************************************************************
Info: Running Quartus II Classic Timing Analyzer
    Info: Version 9.0 Build 235 06/17/2009 Service Pack 2 SJ Full Version
    Info: Processing started: Tue Oct 26 09:16:55 2010
Info: Command: quartus_tan --read_settings_files=off --write_settings_files=off mlt1 -c mlt1 --timing_analysis_only
Info: Parallel compilation is enabled and will use 2 of the 2 processors detected
Info: Longest tpd from source pin "b[0]" to destination pin "c[7]" is 9.611 ns
    Info: 1: + IC(0.000 ns) + CELL(1.150 ns) = 1.150 ns; Loc. = PIN_130; Fanout = 7; PIN Node = 'b[0]'
    Info: 2: + IC(2.845 ns) + CELL(0.623 ns) = 4.618 ns; Loc. = LCCOMB_X1_Y8_N20; Fanout = 1; COMB Node = 'Mux0~0'
    Info: 3: + IC(1.697 ns) + CELL(3.296 ns) = 9.611 ns; Loc. = PIN_60; Fanout = 0; PIN Node = 'c[7]'
    Info: Total cell delay = 5.069 ns ( 52.74 % )
    Info: Total interconnect delay = 4.542 ns ( 47.26 % )
Info: Quartus II Classic Timing Analyzer was successful. 0 errors, 0 warnings
    Info: Peak virtual memory: 140 megabytes
    Info: Processing ended: Tue Oct 26 09:16:56 2010
    Info: Elapsed time: 00:00:01
    Info: Total CPU time (on all processors): 00:00:01


