Classic Timing Analyzer report for seg1
Mon Aug 30 01:53:57 2010
Quartus II Version 9.0 Build 235 06/17/2009 Service Pack 2 SJ Full Version


---------------------
; Table of Contents ;
---------------------
  1. Legal Notice
  2. Timing Analyzer Summary
  3. Timing Analyzer Settings
  4. Clock Settings Summary
  5. Parallel Compilation
  6. Clock Setup: 'clk'
  7. tco
  8. Timing Analyzer Messages



----------------
; Legal Notice ;
----------------
Copyright (C) 1991-2009 Altera Corporation
Your use of Altera Corporation's design tools, logic functions 
and other software and tools, and its AMPP partner logic 
functions, and any output files from any of the foregoing 
(including device programming or simulation files), and any 
associated documentation or information are expressly subject 
to the terms and conditions of the Altera Program License 
Subscription Agreement, Altera MegaCore Function License 
Agreement, or other applicable license agreement, including, 
without limitation, that your use is for the sole purpose of 
programming logic devices manufactured by Altera and sold by 
Altera or its authorized distributors.  Please refer to the 
applicable agreement for further details.



+----------------------------------------------------------------------------------------------------------------------------------------------------------+
; Timing Analyzer Summary                                                                                                                                  ;
+------------------------------+-------+---------------+----------------------------------+------------+------------+------------+----------+--------------+
; Type                         ; Slack ; Required Time ; Actual Time                      ; From       ; To         ; From Clock ; To Clock ; Failed Paths ;
+------------------------------+-------+---------------+----------------------------------+------------+------------+------------+----------+--------------+
; Worst-case tco               ; N/A   ; None          ; 25.892 ns                        ; cntlast[1] ; dataout[4] ; clk        ; --       ; 0            ;
; Clock Setup: 'clk'           ; N/A   ; None          ; 94.69 MHz ( period = 10.561 ns ) ; last_over  ; first_over ; clk        ; clk      ; 0            ;
; Total number of failed paths ;       ;               ;                                  ;            ;            ;            ;          ; 0            ;
+------------------------------+-------+---------------+----------------------------------+------------+------------+------------+----------+--------------+


+--------------------------------------------------------------------------------------------------------------------+
; Timing Analyzer Settings                                                                                           ;
+---------------------------------------------------------------------+--------------------+------+----+-------------+
; Option                                                              ; Setting            ; From ; To ; Entity Name ;
+---------------------------------------------------------------------+--------------------+------+----+-------------+
; Device Name                                                         ; EP2C5Q208C8        ;      ;    ;             ;
; Timing Models                                                       ; Final              ;      ;    ;             ;
; Default hold multicycle                                             ; Same as Multicycle ;      ;    ;             ;
; Cut paths between unrelated clock domains                           ; On                 ;      ;    ;             ;
; Cut off read during write signal paths                              ; On                 ;      ;    ;             ;
; Cut off feedback from I/O pins                                      ; On                 ;      ;    ;             ;
; Report Combined Fast/Slow Timing                                    ; Off                ;      ;    ;             ;
; Ignore Clock Settings                                               ; Off                ;      ;    ;             ;
; Analyze latches as synchronous elements                             ; On                 ;      ;    ;             ;
; Enable Recovery/Removal analysis                                    ; Off                ;      ;    ;             ;
; Enable Clock Latency                                                ; Off                ;      ;    ;             ;
; Use TimeQuest Timing Analyzer                                       ; Off                ;      ;    ;             ;
; Minimum Core Junction Temperature                                   ; 0                  ;      ;    ;             ;
; Maximum Core Junction Temperature                                   ; 85                 ;      ;    ;             ;
; Number of source nodes to report per destination node               ; 10                 ;      ;    ;             ;
; Number of destination nodes to report                               ; 10                 ;      ;    ;             ;
; Number of paths to report                                           ; 200                ;      ;    ;             ;
; Report Minimum Timing Checks                                        ; Off                ;      ;    ;             ;
; Use Fast Timing Models                                              ; Off                ;      ;    ;             ;
; Report IO Paths Separately                                          ; Off                ;      ;    ;             ;
; Perform Multicorner Analysis                                        ; On                 ;      ;    ;             ;
; Reports the worst-case path for each clock domain and analysis      ; Off                ;      ;    ;             ;
; Removes common clock path pessimism (CCPP) during slack computation ; Off                ;      ;    ;             ;
; Output I/O Timing Endpoint                                          ; Near End           ;      ;    ;             ;
+---------------------------------------------------------------------+--------------------+------+----+-------------+


+------------------------------------------------------------------------------------------------------------------------------------------------------------------------------------+
; Clock Settings Summary                                                                                                                                                             ;
+-----------------+--------------------+----------+------------------+---------------+--------------+----------+-----------------------+---------------------+--------+--------------+
; Clock Node Name ; Clock Setting Name ; Type     ; Fmax Requirement ; Early Latency ; Late Latency ; Based on ; Multiply Base Fmax by ; Divide Base Fmax by ; Offset ; Phase offset ;
+-----------------+--------------------+----------+------------------+---------------+--------------+----------+-----------------------+---------------------+--------+--------------+
; clk             ;                    ; User Pin ; None             ; 0.000 ns      ; 0.000 ns     ; --       ; N/A                   ; N/A                 ; N/A    ;              ;
+-----------------+--------------------+----------+------------------+---------------+--------------+----------+-----------------------+---------------------+--------+--------------+


+------------------------------------------+
; Parallel Compilation                     ;
+----------------------------+-------------+
; Processors                 ; Number      ;
+----------------------------+-------------+
; Number detected on machine ; 2           ;
; Maximum allowed            ; 2           ;
;                            ;             ;
; Average used               ; 1.00        ;
; Maximum used               ; 1           ;
;                            ;             ;
; Usage by Processor         ; % Time Used ;
;     1 processor            ; 100.0%      ;
;     2 processors           ;   0.0%      ;
+----------------------------+-------------+


+----------------------------------------------------------------------------------------------------------------------------------------------------------------------------------------------------------------------------------------+
; Clock Setup: 'clk'                                                                                                                                                                                                                     ;
+-----------------------------------------+-----------------------------------------------------+--------------+-------------+------------+----------+-----------------------------+---------------------------+-------------------------+
; Slack                                   ; Actual fmax (period)                                ; From         ; To          ; From Clock ; To Clock ; Required Setup Relationship ; Required Longest P2P Time ; Actual Longest P2P Time ;
+-----------------------------------------+-----------------------------------------------------+--------------+-------------+------------+----------+-----------------------------+---------------------------+-------------------------+
; N/A                                     ; 94.69 MHz ( period = 10.561 ns )                    ; last_over    ; first_over  ; clk        ; clk      ; None                        ; None                      ; 2.257 ns                ;
; N/A                                     ; 146.48 MHz ( period = 6.827 ns )                    ; last_over    ; cntfirst[2] ; clk        ; clk      ; None                        ; None                      ; 2.463 ns                ;
; N/A                                     ; 146.54 MHz ( period = 6.824 ns )                    ; last_over    ; cntfirst[3] ; clk        ; clk      ; None                        ; None                      ; 2.460 ns                ;
; N/A                                     ; 146.65 MHz ( period = 6.819 ns )                    ; last_over    ; cntfirst[1] ; clk        ; clk      ; None                        ; None                      ; 2.455 ns                ;
; N/A                                     ; 149.93 MHz ( period = 6.670 ns )                    ; cntfirst[1]  ; first_over  ; clk        ; clk      ; None                        ; None                      ; 2.466 ns                ;
; N/A                                     ; 154.27 MHz ( period = 6.482 ns )                    ; cntfirst[0]  ; first_over  ; clk        ; clk      ; None                        ; None                      ; 2.278 ns                ;
; N/A                                     ; 162.15 MHz ( period = 6.167 ns )                    ; cntfirst[2]  ; first_over  ; clk        ; clk      ; None                        ; None                      ; 1.963 ns                ;
; N/A                                     ; 163.05 MHz ( period = 6.133 ns )                    ; cntfirst[3]  ; first_over  ; clk        ; clk      ; None                        ; None                      ; 1.929 ns                ;
; N/A                                     ; 170.85 MHz ( period = 5.853 ns )                    ; last_over    ; cntfirst[0] ; clk        ; clk      ; None                        ; None                      ; 1.489 ns                ;
; N/A                                     ; 228.26 MHz ( period = 4.381 ns )                    ; div_cnt[0]   ; div_cnt[23] ; clk        ; clk      ; None                        ; None                      ; 4.123 ns                ;
; N/A                                     ; 232.83 MHz ( period = 4.295 ns )                    ; div_cnt[0]   ; div_cnt[22] ; clk        ; clk      ; None                        ; None                      ; 4.037 ns                ;
; N/A                                     ; 237.59 MHz ( period = 4.209 ns )                    ; div_cnt[0]   ; div_cnt[21] ; clk        ; clk      ; None                        ; None                      ; 3.951 ns                ;
; N/A                                     ; 248.82 MHz ( period = 4.019 ns )                    ; div_cnt[0]   ; div_cnt[20] ; clk        ; clk      ; None                        ; None                      ; 3.761 ns                ;
; N/A                                     ; 249.63 MHz ( period = 4.006 ns )                    ; div_cnt[1]   ; div_cnt[23] ; clk        ; clk      ; None                        ; None                      ; 3.748 ns                ;
; N/A                                     ; 251.89 MHz ( period = 3.970 ns )                    ; div_cnt[2]   ; div_cnt[23] ; clk        ; clk      ; None                        ; None                      ; 3.712 ns                ;
; N/A                                     ; 254.26 MHz ( period = 3.933 ns )                    ; div_cnt[0]   ; div_cnt[19] ; clk        ; clk      ; None                        ; None                      ; 3.675 ns                ;
; N/A                                     ; 255.10 MHz ( period = 3.920 ns )                    ; div_cnt[1]   ; div_cnt[22] ; clk        ; clk      ; None                        ; None                      ; 3.662 ns                ;
; N/A                                     ; 257.47 MHz ( period = 3.884 ns )                    ; div_cnt[3]   ; div_cnt[23] ; clk        ; clk      ; None                        ; None                      ; 3.626 ns                ;
; N/A                                     ; 257.47 MHz ( period = 3.884 ns )                    ; div_cnt[2]   ; div_cnt[22] ; clk        ; clk      ; None                        ; None                      ; 3.626 ns                ;
; N/A                                     ; 257.53 MHz ( period = 3.883 ns )                    ; div_cnt[5]   ; div_cnt[23] ; clk        ; clk      ; None                        ; None                      ; 3.625 ns                ;
; N/A                                     ; 259.94 MHz ( period = 3.847 ns )                    ; div_cnt[0]   ; div_cnt[18] ; clk        ; clk      ; None                        ; None                      ; 3.589 ns                ;
; N/A                                     ; 260.82 MHz ( period = 3.834 ns )                    ; div_cnt[1]   ; div_cnt[21] ; clk        ; clk      ; None                        ; None                      ; 3.576 ns                ;
; N/A                                     ; 263.30 MHz ( period = 3.798 ns )                    ; div_cnt[3]   ; div_cnt[22] ; clk        ; clk      ; None                        ; None                      ; 3.540 ns                ;
; N/A                                     ; 263.30 MHz ( period = 3.798 ns )                    ; div_cnt[2]   ; div_cnt[21] ; clk        ; clk      ; None                        ; None                      ; 3.540 ns                ;
; N/A                                     ; 263.37 MHz ( period = 3.797 ns )                    ; div_cnt[5]   ; div_cnt[22] ; clk        ; clk      ; None                        ; None                      ; 3.539 ns                ;
; N/A                                     ; 265.89 MHz ( period = 3.761 ns )                    ; div_cnt[0]   ; div_cnt[17] ; clk        ; clk      ; None                        ; None                      ; 3.503 ns                ;
; N/A                                     ; 266.38 MHz ( period = 3.754 ns )                    ; div_cnt[4]   ; div_cnt[23] ; clk        ; clk      ; None                        ; None                      ; 3.496 ns                ;
; N/A                                     ; 268.17 MHz ( period = 3.729 ns )                    ; div_cnt[0]   ; div_cnt[24] ; clk        ; clk      ; None                        ; None                      ; 4.209 ns                ;
; N/A                                     ; 269.40 MHz ( period = 3.712 ns )                    ; div_cnt[3]   ; div_cnt[21] ; clk        ; clk      ; None                        ; None                      ; 3.454 ns                ;
; N/A                                     ; 269.47 MHz ( period = 3.711 ns )                    ; div_cnt[5]   ; div_cnt[21] ; clk        ; clk      ; None                        ; None                      ; 3.453 ns                ;
; N/A                                     ; 272.11 MHz ( period = 3.675 ns )                    ; div_cnt[0]   ; div_cnt[16] ; clk        ; clk      ; None                        ; None                      ; 3.417 ns                ;
; N/A                                     ; 272.63 MHz ( period = 3.668 ns )                    ; div_cnt[4]   ; div_cnt[22] ; clk        ; clk      ; None                        ; None                      ; 3.410 ns                ;
; N/A                                     ; 274.42 MHz ( period = 3.644 ns )                    ; div_cnt[1]   ; div_cnt[20] ; clk        ; clk      ; None                        ; None                      ; 3.386 ns                ;
; N/A                                     ; 277.16 MHz ( period = 3.608 ns )                    ; div_cnt[2]   ; div_cnt[20] ; clk        ; clk      ; None                        ; None                      ; 3.350 ns                ;
; N/A                                     ; 278.63 MHz ( period = 3.589 ns )                    ; div_cnt[0]   ; div_cnt[15] ; clk        ; clk      ; None                        ; None                      ; 3.331 ns                ;
; N/A                                     ; 279.17 MHz ( period = 3.582 ns )                    ; div_cnt[4]   ; div_cnt[21] ; clk        ; clk      ; None                        ; None                      ; 3.324 ns                ;
; N/A                                     ; 281.06 MHz ( period = 3.558 ns )                    ; div_cnt[1]   ; div_cnt[19] ; clk        ; clk      ; None                        ; None                      ; 3.300 ns                ;
; N/A                                     ; 282.57 MHz ( period = 3.539 ns )                    ; div_cnt[9]   ; div_cnt[23] ; clk        ; clk      ; None                        ; None                      ; 3.281 ns                ;
; N/A                                     ; 283.93 MHz ( period = 3.522 ns )                    ; div_cnt[2]   ; div_cnt[19] ; clk        ; clk      ; None                        ; None                      ; 3.264 ns                ;
; N/A                                     ; 283.93 MHz ( period = 3.522 ns )                    ; div_cnt[3]   ; div_cnt[20] ; clk        ; clk      ; None                        ; None                      ; 3.264 ns                ;
; N/A                                     ; 284.01 MHz ( period = 3.521 ns )                    ; div_cnt[5]   ; div_cnt[20] ; clk        ; clk      ; None                        ; None                      ; 3.263 ns                ;
; N/A                                     ; 285.47 MHz ( period = 3.503 ns )                    ; div_cnt[0]   ; div_cnt[14] ; clk        ; clk      ; None                        ; None                      ; 3.245 ns                ;
; N/A                                     ; 288.02 MHz ( period = 3.472 ns )                    ; div_cnt[1]   ; div_cnt[18] ; clk        ; clk      ; None                        ; None                      ; 3.214 ns                ;
; N/A                                     ; 288.02 MHz ( period = 3.472 ns )                    ; div_cnt[6]   ; div_cnt[23] ; clk        ; clk      ; None                        ; None                      ; 3.214 ns                ;
; N/A                                     ; 289.60 MHz ( period = 3.453 ns )                    ; div_cnt[9]   ; div_cnt[22] ; clk        ; clk      ; None                        ; None                      ; 3.195 ns                ;
; N/A                                     ; 290.19 MHz ( period = 3.446 ns )                    ; cntthird[3]  ; third_over  ; clk        ; clk      ; None                        ; None                      ; 1.132 ns                ;
; N/A                                     ; 291.04 MHz ( period = 3.436 ns )                    ; div_cnt[2]   ; div_cnt[18] ; clk        ; clk      ; None                        ; None                      ; 3.178 ns                ;
; N/A                                     ; 291.04 MHz ( period = 3.436 ns )                    ; div_cnt[3]   ; div_cnt[19] ; clk        ; clk      ; None                        ; None                      ; 3.178 ns                ;
; N/A                                     ; 291.12 MHz ( period = 3.435 ns )                    ; div_cnt[5]   ; div_cnt[19] ; clk        ; clk      ; None                        ; None                      ; 3.177 ns                ;
; N/A                                     ; 291.72 MHz ( period = 3.428 ns )                    ; div_cnt[7]   ; div_cnt[23] ; clk        ; clk      ; None                        ; None                      ; 3.170 ns                ;
; N/A                                     ; 292.40 MHz ( period = 3.420 ns )                    ; cntthird[2]  ; third_over  ; clk        ; clk      ; None                        ; None                      ; 1.106 ns                ;
; N/A                                     ; 292.65 MHz ( period = 3.417 ns )                    ; div_cnt[0]   ; div_cnt[13] ; clk        ; clk      ; None                        ; None                      ; 3.159 ns                ;
; N/A                                     ; 294.81 MHz ( period = 3.392 ns )                    ; div_cnt[4]   ; div_cnt[20] ; clk        ; clk      ; None                        ; None                      ; 3.134 ns                ;
; N/A                                     ; 295.33 MHz ( period = 3.386 ns )                    ; div_cnt[1]   ; div_cnt[17] ; clk        ; clk      ; None                        ; None                      ; 3.128 ns                ;
; N/A                                     ; 295.33 MHz ( period = 3.386 ns )                    ; div_cnt[6]   ; div_cnt[22] ; clk        ; clk      ; None                        ; None                      ; 3.128 ns                ;
; N/A                                     ; 297.00 MHz ( period = 3.367 ns )                    ; div_cnt[9]   ; div_cnt[21] ; clk        ; clk      ; None                        ; None                      ; 3.109 ns                ;
; N/A                                     ; 298.15 MHz ( period = 3.354 ns )                    ; div_cnt[1]   ; div_cnt[24] ; clk        ; clk      ; None                        ; None                      ; 3.834 ns                ;
; N/A                                     ; 298.51 MHz ( period = 3.350 ns )                    ; div_cnt[3]   ; div_cnt[18] ; clk        ; clk      ; None                        ; None                      ; 3.092 ns                ;
; N/A                                     ; 298.51 MHz ( period = 3.350 ns )                    ; div_cnt[2]   ; div_cnt[17] ; clk        ; clk      ; None                        ; None                      ; 3.092 ns                ;
; N/A                                     ; 298.60 MHz ( period = 3.349 ns )                    ; div_cnt[5]   ; div_cnt[18] ; clk        ; clk      ; None                        ; None                      ; 3.091 ns                ;
; N/A                                     ; 299.22 MHz ( period = 3.342 ns )                    ; div_cnt[7]   ; div_cnt[22] ; clk        ; clk      ; None                        ; None                      ; 3.084 ns                ;
; N/A                                     ; 301.39 MHz ( period = 3.318 ns )                    ; div_cnt[2]   ; div_cnt[24] ; clk        ; clk      ; None                        ; None                      ; 3.798 ns                ;
; N/A                                     ; 302.48 MHz ( period = 3.306 ns )                    ; div_cnt[4]   ; div_cnt[19] ; clk        ; clk      ; None                        ; None                      ; 3.048 ns                ;
; N/A                                     ; 303.03 MHz ( period = 3.300 ns )                    ; div_cnt[1]   ; div_cnt[16] ; clk        ; clk      ; None                        ; None                      ; 3.042 ns                ;
; N/A                                     ; 303.03 MHz ( period = 3.300 ns )                    ; div_cnt[8]   ; div_cnt[23] ; clk        ; clk      ; None                        ; None                      ; 3.042 ns                ;
; N/A                                     ; 303.03 MHz ( period = 3.300 ns )                    ; div_cnt[6]   ; div_cnt[21] ; clk        ; clk      ; None                        ; None                      ; 3.042 ns                ;
; N/A                                     ; 306.37 MHz ( period = 3.264 ns )                    ; div_cnt[3]   ; div_cnt[17] ; clk        ; clk      ; None                        ; None                      ; 3.006 ns                ;
; N/A                                     ; 306.37 MHz ( period = 3.264 ns )                    ; div_cnt[2]   ; div_cnt[16] ; clk        ; clk      ; None                        ; None                      ; 3.006 ns                ;
; N/A                                     ; 306.47 MHz ( period = 3.263 ns )                    ; div_cnt[5]   ; div_cnt[17] ; clk        ; clk      ; None                        ; None                      ; 3.005 ns                ;
; N/A                                     ; 307.13 MHz ( period = 3.256 ns )                    ; div_cnt[7]   ; div_cnt[21] ; clk        ; clk      ; None                        ; None                      ; 2.998 ns                ;
; N/A                                     ; 307.88 MHz ( period = 3.248 ns )                    ; div_cnt[0]   ; div_cnt[12] ; clk        ; clk      ; None                        ; None                      ; 2.984 ns                ;
; N/A                                     ; 309.21 MHz ( period = 3.234 ns )                    ; cntthird[1]  ; third_over  ; clk        ; clk      ; None                        ; None                      ; 0.920 ns                ;
; N/A                                     ; 309.41 MHz ( period = 3.232 ns )                    ; div_cnt[3]   ; div_cnt[24] ; clk        ; clk      ; None                        ; None                      ; 3.712 ns                ;
; N/A                                     ; 309.50 MHz ( period = 3.231 ns )                    ; div_cnt[5]   ; div_cnt[24] ; clk        ; clk      ; None                        ; None                      ; 3.711 ns                ;
; N/A                                     ; 310.56 MHz ( period = 3.220 ns )                    ; div_cnt[4]   ; div_cnt[18] ; clk        ; clk      ; None                        ; None                      ; 2.962 ns                ;
; N/A                                     ; 311.14 MHz ( period = 3.214 ns )                    ; div_cnt[1]   ; div_cnt[15] ; clk        ; clk      ; None                        ; None                      ; 2.956 ns                ;
; N/A                                     ; 311.14 MHz ( period = 3.214 ns )                    ; div_cnt[8]   ; div_cnt[22] ; clk        ; clk      ; None                        ; None                      ; 2.956 ns                ;
; N/A                                     ; 314.66 MHz ( period = 3.178 ns )                    ; div_cnt[3]   ; div_cnt[16] ; clk        ; clk      ; None                        ; None                      ; 2.920 ns                ;
; N/A                                     ; 314.66 MHz ( period = 3.178 ns )                    ; div_cnt[2]   ; div_cnt[15] ; clk        ; clk      ; None                        ; None                      ; 2.920 ns                ;
; N/A                                     ; 314.76 MHz ( period = 3.177 ns )                    ; div_cnt[5]   ; div_cnt[16] ; clk        ; clk      ; None                        ; None                      ; 2.919 ns                ;
; N/A                                     ; 314.76 MHz ( period = 3.177 ns )                    ; div_cnt[9]   ; div_cnt[20] ; clk        ; clk      ; None                        ; None                      ; 2.919 ns                ;
; N/A                                     ; 316.26 MHz ( period = 3.162 ns )                    ; div_cnt[0]   ; div_cnt[11] ; clk        ; clk      ; None                        ; None                      ; 2.898 ns                ;
; N/A                                     ; 319.08 MHz ( period = 3.134 ns )                    ; div_cnt[4]   ; div_cnt[17] ; clk        ; clk      ; None                        ; None                      ; 2.876 ns                ;
; N/A                                     ; 319.18 MHz ( period = 3.133 ns )                    ; div_cnt[10]  ; div_cnt[23] ; clk        ; clk      ; None                        ; None                      ; 2.875 ns                ;
; N/A                                     ; 319.69 MHz ( period = 3.128 ns )                    ; div_cnt[1]   ; div_cnt[14] ; clk        ; clk      ; None                        ; None                      ; 2.870 ns                ;
; N/A                                     ; 319.69 MHz ( period = 3.128 ns )                    ; div_cnt[8]   ; div_cnt[21] ; clk        ; clk      ; None                        ; None                      ; 2.870 ns                ;
; N/A                                     ; 321.54 MHz ( period = 3.110 ns )                    ; div_cnt[6]   ; div_cnt[20] ; clk        ; clk      ; None                        ; None                      ; 2.852 ns                ;
; N/A                                     ; 322.37 MHz ( period = 3.102 ns )                    ; div_cnt[4]   ; div_cnt[24] ; clk        ; clk      ; None                        ; None                      ; 3.582 ns                ;
; N/A                                     ; 323.42 MHz ( period = 3.092 ns )                    ; div_cnt[3]   ; div_cnt[15] ; clk        ; clk      ; None                        ; None                      ; 2.834 ns                ;
; N/A                                     ; 323.42 MHz ( period = 3.092 ns )                    ; div_cnt[2]   ; div_cnt[14] ; clk        ; clk      ; None                        ; None                      ; 2.834 ns                ;
; N/A                                     ; 323.52 MHz ( period = 3.091 ns )                    ; div_cnt[5]   ; div_cnt[15] ; clk        ; clk      ; None                        ; None                      ; 2.833 ns                ;
; N/A                                     ; 323.52 MHz ( period = 3.091 ns )                    ; div_cnt[9]   ; div_cnt[19] ; clk        ; clk      ; None                        ; None                      ; 2.833 ns                ;
; N/A                                     ; 325.10 MHz ( period = 3.076 ns )                    ; div_cnt[0]   ; div_cnt[10] ; clk        ; clk      ; None                        ; None                      ; 2.812 ns                ;
; N/A                                     ; 326.16 MHz ( period = 3.066 ns )                    ; div_cnt[7]   ; div_cnt[20] ; clk        ; clk      ; None                        ; None                      ; 2.808 ns                ;
; N/A                                     ; 326.48 MHz ( period = 3.063 ns )                    ; cntthird[0]  ; third_over  ; clk        ; clk      ; None                        ; None                      ; 0.749 ns                ;
; N/A                                     ; 328.08 MHz ( period = 3.048 ns )                    ; div_cnt[4]   ; div_cnt[16] ; clk        ; clk      ; None                        ; None                      ; 2.790 ns                ;
; N/A                                     ; 328.19 MHz ( period = 3.047 ns )                    ; div_cnt[11]  ; div_cnt[23] ; clk        ; clk      ; None                        ; None                      ; 2.789 ns                ;
; N/A                                     ; 328.19 MHz ( period = 3.047 ns )                    ; div_cnt[10]  ; div_cnt[22] ; clk        ; clk      ; None                        ; None                      ; 2.789 ns                ;
; N/A                                     ; 328.73 MHz ( period = 3.042 ns )                    ; div_cnt[1]   ; div_cnt[13] ; clk        ; clk      ; None                        ; None                      ; 2.784 ns                ;
; N/A                                     ; 330.69 MHz ( period = 3.024 ns )                    ; div_cnt[6]   ; div_cnt[19] ; clk        ; clk      ; None                        ; None                      ; 2.766 ns                ;
; N/A                                     ; 332.67 MHz ( period = 3.006 ns )                    ; div_cnt[3]   ; div_cnt[14] ; clk        ; clk      ; None                        ; None                      ; 2.748 ns                ;
; N/A                                     ; 332.67 MHz ( period = 3.006 ns )                    ; div_cnt[2]   ; div_cnt[13] ; clk        ; clk      ; None                        ; None                      ; 2.748 ns                ;
; N/A                                     ; 332.78 MHz ( period = 3.005 ns )                    ; div_cnt[9]   ; div_cnt[18] ; clk        ; clk      ; None                        ; None                      ; 2.747 ns                ;
; N/A                                     ; 332.78 MHz ( period = 3.005 ns )                    ; div_cnt[5]   ; div_cnt[14] ; clk        ; clk      ; None                        ; None                      ; 2.747 ns                ;
; N/A                                     ; 334.45 MHz ( period = 2.990 ns )                    ; div_cnt[0]   ; div_cnt[9]  ; clk        ; clk      ; None                        ; None                      ; 2.726 ns                ;
; N/A                                     ; 335.46 MHz ( period = 2.981 ns )                    ; div_cnt[12]  ; div_cnt[23] ; clk        ; clk      ; None                        ; None                      ; 2.723 ns                ;
; N/A                                     ; 335.57 MHz ( period = 2.980 ns )                    ; div_cnt[7]   ; div_cnt[19] ; clk        ; clk      ; None                        ; None                      ; 2.722 ns                ;
; N/A                                     ; 337.61 MHz ( period = 2.962 ns )                    ; div_cnt[4]   ; div_cnt[15] ; clk        ; clk      ; None                        ; None                      ; 2.704 ns                ;
; N/A                                     ; 337.72 MHz ( period = 2.961 ns )                    ; div_cnt[11]  ; div_cnt[22] ; clk        ; clk      ; None                        ; None                      ; 2.703 ns                ;
; N/A                                     ; 337.72 MHz ( period = 2.961 ns )                    ; div_cnt[10]  ; div_cnt[21] ; clk        ; clk      ; None                        ; None                      ; 2.703 ns                ;
; N/A                                     ; Restricted to 340.02 MHz ( period = 2.941 ns )      ; div_cnt[6]   ; div_cnt[18] ; clk        ; clk      ; None                        ; None                      ; 2.680 ns                ;
; N/A                                     ; Restricted to 340.02 MHz ( period = 2.941 ns )      ; div_cnt[8]   ; div_cnt[20] ; clk        ; clk      ; None                        ; None                      ; 2.680 ns                ;
; N/A                                     ; Restricted to 340.02 MHz ( period = 2.941 ns )      ; cntfirst[1]  ; cntfirst[2] ; clk        ; clk      ; None                        ; None                      ; 2.672 ns                ;
; N/A                                     ; Restricted to 340.02 MHz ( period = 2.941 ns )      ; cntfirst[1]  ; cntfirst[3] ; clk        ; clk      ; None                        ; None                      ; 2.669 ns                ;
; N/A                                     ; Restricted to 340.02 MHz ( period = 2.941 ns )      ; cntfirst[1]  ; cntfirst[1] ; clk        ; clk      ; None                        ; None                      ; 2.664 ns                ;
; N/A                                     ; Restricted to 340.02 MHz ( period = 2.941 ns )      ; div_cnt[3]   ; div_cnt[13] ; clk        ; clk      ; None                        ; None                      ; 2.662 ns                ;
; N/A                                     ; Restricted to 340.02 MHz ( period = 2.941 ns )      ; div_cnt[9]   ; div_cnt[17] ; clk        ; clk      ; None                        ; None                      ; 2.661 ns                ;
; N/A                                     ; Restricted to 340.02 MHz ( period = 2.941 ns )      ; div_cnt[5]   ; div_cnt[13] ; clk        ; clk      ; None                        ; None                      ; 2.661 ns                ;
; N/A                                     ; Restricted to 340.02 MHz ( period = 2.941 ns )      ; div_cnt[0]   ; div_cnt[8]  ; clk        ; clk      ; None                        ; None                      ; 2.640 ns                ;
; N/A                                     ; Restricted to 340.02 MHz ( period = 2.941 ns )      ; div_cnt[12]  ; div_cnt[22] ; clk        ; clk      ; None                        ; None                      ; 2.637 ns                ;
; N/A                                     ; Restricted to 340.02 MHz ( period = 2.941 ns )      ; div_cnt[7]   ; div_cnt[18] ; clk        ; clk      ; None                        ; None                      ; 2.636 ns                ;
; N/A                                     ; Restricted to 340.02 MHz ( period = 2.941 ns )      ; div_cnt[9]   ; div_cnt[24] ; clk        ; clk      ; None                        ; None                      ; 3.367 ns                ;
; N/A                                     ; Restricted to 340.02 MHz ( period = 2.941 ns )      ; div_cnt[4]   ; div_cnt[14] ; clk        ; clk      ; None                        ; None                      ; 2.618 ns                ;
; N/A                                     ; Restricted to 340.02 MHz ( period = 2.941 ns )      ; div_cnt[11]  ; div_cnt[21] ; clk        ; clk      ; None                        ; None                      ; 2.617 ns                ;
; N/A                                     ; Restricted to 340.02 MHz ( period = 2.941 ns )      ; div_cnt[1]   ; div_cnt[12] ; clk        ; clk      ; None                        ; None                      ; 2.609 ns                ;
; N/A                                     ; Restricted to 340.02 MHz ( period = 2.941 ns )      ; div_cnt[6]   ; div_cnt[17] ; clk        ; clk      ; None                        ; None                      ; 2.594 ns                ;
; N/A                                     ; Restricted to 340.02 MHz ( period = 2.941 ns )      ; div_cnt[8]   ; div_cnt[19] ; clk        ; clk      ; None                        ; None                      ; 2.594 ns                ;
; N/A                                     ; Restricted to 340.02 MHz ( period = 2.941 ns )      ; div_cnt[2]   ; div_cnt[12] ; clk        ; clk      ; None                        ; None                      ; 2.573 ns                ;
; N/A                                     ; Restricted to 340.02 MHz ( period = 2.941 ns )      ; div_cnt[9]   ; div_cnt[16] ; clk        ; clk      ; None                        ; None                      ; 2.575 ns                ;
; N/A                                     ; Restricted to 340.02 MHz ( period = 2.941 ns )      ; div_cnt[6]   ; div_cnt[24] ; clk        ; clk      ; None                        ; None                      ; 3.300 ns                ;
; N/A                                     ; Restricted to 340.02 MHz ( period = 2.941 ns )      ; div_cnt[0]   ; div_cnt[7]  ; clk        ; clk      ; None                        ; None                      ; 2.554 ns                ;
; N/A                                     ; Restricted to 340.02 MHz ( period = 2.941 ns )      ; div_cnt[12]  ; div_cnt[21] ; clk        ; clk      ; None                        ; None                      ; 2.551 ns                ;
; N/A                                     ; Restricted to 340.02 MHz ( period = 2.941 ns )      ; div_cnt[7]   ; div_cnt[17] ; clk        ; clk      ; None                        ; None                      ; 2.550 ns                ;
; N/A                                     ; Restricted to 340.02 MHz ( period = 2.941 ns )      ; div_cnt[4]   ; div_cnt[13] ; clk        ; clk      ; None                        ; None                      ; 2.532 ns                ;
; N/A                                     ; Restricted to 340.02 MHz ( period = 2.941 ns )      ; div_cnt[1]   ; div_cnt[11] ; clk        ; clk      ; None                        ; None                      ; 2.523 ns                ;
; N/A                                     ; Restricted to 340.02 MHz ( period = 2.941 ns )      ; div_cnt[13]  ; div_cnt[23] ; clk        ; clk      ; None                        ; None                      ; 2.517 ns                ;
; N/A                                     ; Restricted to 340.02 MHz ( period = 2.941 ns )      ; div_cnt[7]   ; div_cnt[24] ; clk        ; clk      ; None                        ; None                      ; 3.256 ns                ;
; N/A                                     ; Restricted to 340.02 MHz ( period = 2.941 ns )      ; div_cnt[10]  ; div_cnt[20] ; clk        ; clk      ; None                        ; None                      ; 2.513 ns                ;
; N/A                                     ; Restricted to 340.02 MHz ( period = 2.941 ns )      ; div_cnt[8]   ; div_cnt[18] ; clk        ; clk      ; None                        ; None                      ; 2.508 ns                ;
; N/A                                     ; Restricted to 340.02 MHz ( period = 2.941 ns )      ; div_cnt[6]   ; div_cnt[16] ; clk        ; clk      ; None                        ; None                      ; 2.508 ns                ;
; N/A                                     ; Restricted to 340.02 MHz ( period = 2.941 ns )      ; div_cnt[3]   ; div_cnt[12] ; clk        ; clk      ; None                        ; None                      ; 2.487 ns                ;
; N/A                                     ; Restricted to 340.02 MHz ( period = 2.941 ns )      ; div_cnt[2]   ; div_cnt[11] ; clk        ; clk      ; None                        ; None                      ; 2.487 ns                ;
; N/A                                     ; Restricted to 340.02 MHz ( period = 2.941 ns )      ; div_cnt[5]   ; div_cnt[12] ; clk        ; clk      ; None                        ; None                      ; 2.486 ns                ;
; N/A                                     ; Restricted to 340.02 MHz ( period = 2.941 ns )      ; cntfirst[0]  ; cntfirst[2] ; clk        ; clk      ; None                        ; None                      ; 2.484 ns                ;
; N/A                                     ; Restricted to 340.02 MHz ( period = 2.941 ns )      ; div_cnt[9]   ; div_cnt[15] ; clk        ; clk      ; None                        ; None                      ; 2.489 ns                ;
; N/A                                     ; Restricted to 340.02 MHz ( period = 2.941 ns )      ; cntfirst[0]  ; cntfirst[3] ; clk        ; clk      ; None                        ; None                      ; 2.481 ns                ;
; N/A                                     ; Restricted to 340.02 MHz ( period = 2.941 ns )      ; cntfirst[0]  ; cntfirst[1] ; clk        ; clk      ; None                        ; None                      ; 2.476 ns                ;
; N/A                                     ; Restricted to 340.02 MHz ( period = 2.941 ns )      ; div_cnt[0]   ; div_cnt[6]  ; clk        ; clk      ; None                        ; None                      ; 2.468 ns                ;
; N/A                                     ; Restricted to 340.02 MHz ( period = 2.941 ns )      ; div_cnt[7]   ; div_cnt[16] ; clk        ; clk      ; None                        ; None                      ; 2.464 ns                ;
; N/A                                     ; Restricted to 340.02 MHz ( period = 2.941 ns )      ; div_cnt[14]  ; div_cnt[23] ; clk        ; clk      ; None                        ; None                      ; 2.440 ns                ;
; N/A                                     ; Restricted to 340.02 MHz ( period = 2.941 ns )      ; div_cnt[1]   ; div_cnt[10] ; clk        ; clk      ; None                        ; None                      ; 2.437 ns                ;
; N/A                                     ; Restricted to 340.02 MHz ( period = 2.941 ns )      ; div_cnt[13]  ; div_cnt[22] ; clk        ; clk      ; None                        ; None                      ; 2.431 ns                ;
; N/A                                     ; Restricted to 340.02 MHz ( period = 2.941 ns )      ; div_cnt[10]  ; div_cnt[19] ; clk        ; clk      ; None                        ; None                      ; 2.427 ns                ;
; N/A                                     ; Restricted to 340.02 MHz ( period = 2.941 ns )      ; div_cnt[11]  ; div_cnt[20] ; clk        ; clk      ; None                        ; None                      ; 2.427 ns                ;
; N/A                                     ; Restricted to 340.02 MHz ( period = 2.941 ns )      ; div_cnt[8]   ; div_cnt[17] ; clk        ; clk      ; None                        ; None                      ; 2.422 ns                ;
; N/A                                     ; Restricted to 340.02 MHz ( period = 2.941 ns )      ; div_cnt[6]   ; div_cnt[15] ; clk        ; clk      ; None                        ; None                      ; 2.422 ns                ;
; N/A                                     ; Restricted to 340.02 MHz ( period = 2.941 ns )      ; div_cnt[3]   ; div_cnt[11] ; clk        ; clk      ; None                        ; None                      ; 2.401 ns                ;
; N/A                                     ; Restricted to 340.02 MHz ( period = 2.941 ns )      ; div_cnt[2]   ; div_cnt[10] ; clk        ; clk      ; None                        ; None                      ; 2.401 ns                ;
; N/A                                     ; Restricted to 340.02 MHz ( period = 2.941 ns )      ; div_cnt[5]   ; div_cnt[11] ; clk        ; clk      ; None                        ; None                      ; 2.400 ns                ;
; N/A                                     ; Restricted to 340.02 MHz ( period = 2.941 ns )      ; div_cnt[9]   ; div_cnt[14] ; clk        ; clk      ; None                        ; None                      ; 2.403 ns                ;
; N/A                                     ; Restricted to 340.02 MHz ( period = 2.941 ns )      ; cntsecond[2] ; second_over ; clk        ; clk      ; None                        ; None                      ; 1.401 ns                ;
; N/A                                     ; Restricted to 340.02 MHz ( period = 2.941 ns )      ; div_cnt[8]   ; div_cnt[24] ; clk        ; clk      ; None                        ; None                      ; 3.128 ns                ;
; N/A                                     ; Restricted to 340.02 MHz ( period = 2.941 ns )      ; div_cnt[0]   ; div_cnt[5]  ; clk        ; clk      ; None                        ; None                      ; 2.382 ns                ;
; N/A                                     ; Restricted to 340.02 MHz ( period = 2.941 ns )      ; div_cnt[7]   ; div_cnt[15] ; clk        ; clk      ; None                        ; None                      ; 2.378 ns                ;
; N/A                                     ; Restricted to 340.02 MHz ( period = 2.941 ns )      ; div_cnt[4]   ; div_cnt[12] ; clk        ; clk      ; None                        ; None                      ; 2.357 ns                ;
; N/A                                     ; Restricted to 340.02 MHz ( period = 2.941 ns )      ; div_cnt[16]  ; div_cnt[23] ; clk        ; clk      ; None                        ; None                      ; 2.355 ns                ;
; N/A                                     ; Restricted to 340.02 MHz ( period = 2.941 ns )      ; div_cnt[15]  ; div_cnt[23] ; clk        ; clk      ; None                        ; None                      ; 2.355 ns                ;
; N/A                                     ; Restricted to 340.02 MHz ( period = 2.941 ns )      ; div_cnt[12]  ; div_cnt[20] ; clk        ; clk      ; None                        ; None                      ; 2.361 ns                ;
; N/A                                     ; Restricted to 340.02 MHz ( period = 2.941 ns )      ; div_cnt[14]  ; div_cnt[22] ; clk        ; clk      ; None                        ; None                      ; 2.354 ns                ;
; N/A                                     ; Restricted to 340.02 MHz ( period = 2.941 ns )      ; div_cnt[1]   ; div_cnt[9]  ; clk        ; clk      ; None                        ; None                      ; 2.351 ns                ;
; N/A                                     ; Restricted to 340.02 MHz ( period = 2.941 ns )      ; div_cnt[13]  ; div_cnt[21] ; clk        ; clk      ; None                        ; None                      ; 2.345 ns                ;
; N/A                                     ; Restricted to 340.02 MHz ( period = 2.941 ns )      ; div_cnt[10]  ; div_cnt[18] ; clk        ; clk      ; None                        ; None                      ; 2.341 ns                ;
; N/A                                     ; Restricted to 340.02 MHz ( period = 2.941 ns )      ; div_cnt[11]  ; div_cnt[19] ; clk        ; clk      ; None                        ; None                      ; 2.341 ns                ;
; N/A                                     ; Restricted to 340.02 MHz ( period = 2.941 ns )      ; div_cnt[8]   ; div_cnt[16] ; clk        ; clk      ; None                        ; None                      ; 2.336 ns                ;
; N/A                                     ; Restricted to 340.02 MHz ( period = 2.941 ns )      ; div_cnt[6]   ; div_cnt[14] ; clk        ; clk      ; None                        ; None                      ; 2.336 ns                ;
; N/A                                     ; Restricted to 340.02 MHz ( period = 2.941 ns )      ; div_cnt[3]   ; div_cnt[10] ; clk        ; clk      ; None                        ; None                      ; 2.315 ns                ;
; N/A                                     ; Restricted to 340.02 MHz ( period = 2.941 ns )      ; div_cnt[2]   ; div_cnt[9]  ; clk        ; clk      ; None                        ; None                      ; 2.315 ns                ;
; N/A                                     ; Restricted to 340.02 MHz ( period = 2.941 ns )      ; div_cnt[5]   ; div_cnt[10] ; clk        ; clk      ; None                        ; None                      ; 2.314 ns                ;
; N/A                                     ; Restricted to 340.02 MHz ( period = 2.941 ns )      ; div_cnt[9]   ; div_cnt[13] ; clk        ; clk      ; None                        ; None                      ; 2.317 ns                ;
; N/A                                     ; Restricted to 340.02 MHz ( period = 2.941 ns )      ; div_cnt[7]   ; div_cnt[14] ; clk        ; clk      ; None                        ; None                      ; 2.292 ns                ;
; N/A                                     ; Restricted to 340.02 MHz ( period = 2.941 ns )      ; div_cnt[4]   ; div_cnt[11] ; clk        ; clk      ; None                        ; None                      ; 2.271 ns                ;
; N/A                                     ; Restricted to 340.02 MHz ( period = 2.941 ns )      ; div_cnt[12]  ; div_cnt[19] ; clk        ; clk      ; None                        ; None                      ; 2.275 ns                ;
; N/A                                     ; Restricted to 340.02 MHz ( period = 2.941 ns )      ; div_cnt[16]  ; div_cnt[22] ; clk        ; clk      ; None                        ; None                      ; 2.269 ns                ;
; N/A                                     ; Restricted to 340.02 MHz ( period = 2.941 ns )      ; div_cnt[15]  ; div_cnt[22] ; clk        ; clk      ; None                        ; None                      ; 2.269 ns                ;
; N/A                                     ; Restricted to 340.02 MHz ( period = 2.941 ns )      ; div_cnt[14]  ; div_cnt[21] ; clk        ; clk      ; None                        ; None                      ; 2.268 ns                ;
; N/A                                     ; Restricted to 340.02 MHz ( period = 2.941 ns )      ; div_cnt[1]   ; div_cnt[8]  ; clk        ; clk      ; None                        ; None                      ; 2.265 ns                ;
; N/A                                     ; Restricted to 340.02 MHz ( period = 2.941 ns )      ; div_cnt[11]  ; div_cnt[18] ; clk        ; clk      ; None                        ; None                      ; 2.255 ns                ;
; N/A                                     ; Restricted to 340.02 MHz ( period = 2.941 ns )      ; div_cnt[10]  ; div_cnt[17] ; clk        ; clk      ; None                        ; None                      ; 2.255 ns                ;
; N/A                                     ; Restricted to 340.02 MHz ( period = 2.941 ns )      ; div_cnt[8]   ; div_cnt[15] ; clk        ; clk      ; None                        ; None                      ; 2.250 ns                ;
; N/A                                     ; Restricted to 340.02 MHz ( period = 2.941 ns )      ; div_cnt[6]   ; div_cnt[13] ; clk        ; clk      ; None                        ; None                      ; 2.250 ns                ;
; N/A                                     ; Restricted to 340.02 MHz ( period = 2.941 ns )      ; div_cnt[3]   ; div_cnt[9]  ; clk        ; clk      ; None                        ; None                      ; 2.229 ns                ;
; N/A                                     ; Restricted to 340.02 MHz ( period = 2.941 ns )      ; div_cnt[2]   ; div_cnt[8]  ; clk        ; clk      ; None                        ; None                      ; 2.229 ns                ;
; N/A                                     ; Restricted to 340.02 MHz ( period = 2.941 ns )      ; div_cnt[5]   ; div_cnt[9]  ; clk        ; clk      ; None                        ; None                      ; 2.228 ns                ;
; N/A                                     ; Restricted to 340.02 MHz ( period = 2.941 ns )      ; div_cnt[10]  ; div_cnt[24] ; clk        ; clk      ; None                        ; None                      ; 2.961 ns                ;
; N/A                                     ; Restricted to 340.02 MHz ( period = 2.941 ns )      ; div_cnt[7]   ; div_cnt[13] ; clk        ; clk      ; None                        ; None                      ; 2.206 ns                ;
; N/A                                     ; Restricted to 340.02 MHz ( period = 2.941 ns )      ; div_cnt[18]  ; div_cnt[23] ; clk        ; clk      ; None                        ; None                      ; 2.197 ns                ;
; N/A                                     ; Restricted to 340.02 MHz ( period = 2.941 ns )      ; div_cnt[0]   ; div_cnt[4]  ; clk        ; clk      ; None                        ; None                      ; 2.192 ns                ;
; N/A                                     ; Restricted to 340.02 MHz ( period = 2.941 ns )      ; div_cnt[4]   ; div_cnt[10] ; clk        ; clk      ; None                        ; None                      ; 2.185 ns                ;
; N/A                                     ; Restricted to 340.02 MHz ( period = 2.941 ns )      ; div_cnt[17]  ; div_cnt[23] ; clk        ; clk      ; None                        ; None                      ; 2.184 ns                ;
; N/A                                     ; Restricted to 340.02 MHz ( period = 2.941 ns )      ; div_cnt[16]  ; div_cnt[21] ; clk        ; clk      ; None                        ; None                      ; 2.183 ns                ;
; Timing analysis restricted to 200 rows. ; To change the limit use Settings (Assignments menu) ;              ;             ;            ;          ;                             ;                           ;                         ;
+-----------------------------------------+-----------------------------------------------------+--------------+-------------+------------+----------+-----------------------------+---------------------------+-------------------------+


+----------------------------------------------------------------------------+
; tco                                                                        ;
+-------+--------------+------------+--------------+------------+------------+
; Slack ; Required tco ; Actual tco ; From         ; To         ; From Clock ;
+-------+--------------+------------+--------------+------------+------------+
; N/A   ; None         ; 25.892 ns  ; cntlast[1]   ; dataout[4] ; clk        ;
; N/A   ; None         ; 25.890 ns  ; cntlast[1]   ; dataout[5] ; clk        ;
; N/A   ; None         ; 25.743 ns  ; cntlast[3]   ; dataout[4] ; clk        ;
; N/A   ; None         ; 25.740 ns  ; cntlast[3]   ; dataout[5] ; clk        ;
; N/A   ; None         ; 25.655 ns  ; cntlast[1]   ; dataout[3] ; clk        ;
; N/A   ; None         ; 25.532 ns  ; cntlast[1]   ; dataout[6] ; clk        ;
; N/A   ; None         ; 25.512 ns  ; cntlast[1]   ; dataout[7] ; clk        ;
; N/A   ; None         ; 25.505 ns  ; cntlast[3]   ; dataout[3] ; clk        ;
; N/A   ; None         ; 25.482 ns  ; cntlast[1]   ; dataout[2] ; clk        ;
; N/A   ; None         ; 25.382 ns  ; cntlast[3]   ; dataout[6] ; clk        ;
; N/A   ; None         ; 25.362 ns  ; cntlast[3]   ; dataout[7] ; clk        ;
; N/A   ; None         ; 25.346 ns  ; cntlast[1]   ; dataout[1] ; clk        ;
; N/A   ; None         ; 25.344 ns  ; cntlast[3]   ; dataout[2] ; clk        ;
; N/A   ; None         ; 25.251 ns  ; cntlast[3]   ; dataout[1] ; clk        ;
; N/A   ; None         ; 25.203 ns  ; cntlast[1]   ; dataout[0] ; clk        ;
; N/A   ; None         ; 25.087 ns  ; cntlast[3]   ; dataout[0] ; clk        ;
; N/A   ; None         ; 24.491 ns  ; cntlast[2]   ; dataout[4] ; clk        ;
; N/A   ; None         ; 24.489 ns  ; cntlast[2]   ; dataout[5] ; clk        ;
; N/A   ; None         ; 24.367 ns  ; cntlast[0]   ; dataout[4] ; clk        ;
; N/A   ; None         ; 24.353 ns  ; cntlast[0]   ; dataout[5] ; clk        ;
; N/A   ; None         ; 24.256 ns  ; cntlast[2]   ; dataout[3] ; clk        ;
; N/A   ; None         ; 24.133 ns  ; cntlast[2]   ; dataout[6] ; clk        ;
; N/A   ; None         ; 24.122 ns  ; cntlast[0]   ; dataout[3] ; clk        ;
; N/A   ; None         ; 24.110 ns  ; cntlast[2]   ; dataout[7] ; clk        ;
; N/A   ; None         ; 24.004 ns  ; cntlast[0]   ; dataout[6] ; clk        ;
; N/A   ; None         ; 23.968 ns  ; cntsecond[0] ; dataout[4] ; clk        ;
; N/A   ; None         ; 23.954 ns  ; cntsecond[0] ; dataout[5] ; clk        ;
; N/A   ; None         ; 23.948 ns  ; cntlast[0]   ; dataout[7] ; clk        ;
; N/A   ; None         ; 23.750 ns  ; cntsecond[2] ; dataout[4] ; clk        ;
; N/A   ; None         ; 23.748 ns  ; cntsecond[2] ; dataout[5] ; clk        ;
; N/A   ; None         ; 23.723 ns  ; cntsecond[0] ; dataout[3] ; clk        ;
; N/A   ; None         ; 23.696 ns  ; cntlast[0]   ; dataout[2] ; clk        ;
; N/A   ; None         ; 23.689 ns  ; cntfirst[3]  ; dataout[4] ; clk        ;
; N/A   ; None         ; 23.686 ns  ; cntfirst[3]  ; dataout[5] ; clk        ;
; N/A   ; None         ; 23.605 ns  ; cntsecond[0] ; dataout[6] ; clk        ;
; N/A   ; None         ; 23.600 ns  ; cntlast[0]   ; dataout[1] ; clk        ;
; N/A   ; None         ; 23.549 ns  ; cntsecond[0] ; dataout[7] ; clk        ;
; N/A   ; None         ; 23.515 ns  ; cntsecond[2] ; dataout[3] ; clk        ;
; N/A   ; None         ; 23.476 ns  ; cntlast[0]   ; dataout[0] ; clk        ;
; N/A   ; None         ; 23.451 ns  ; cntfirst[3]  ; dataout[3] ; clk        ;
; N/A   ; None         ; 23.392 ns  ; cntsecond[2] ; dataout[6] ; clk        ;
; N/A   ; None         ; 23.369 ns  ; cntsecond[2] ; dataout[7] ; clk        ;
; N/A   ; None         ; 23.328 ns  ; cntfirst[3]  ; dataout[6] ; clk        ;
; N/A   ; None         ; 23.308 ns  ; cntfirst[3]  ; dataout[7] ; clk        ;
; N/A   ; None         ; 23.297 ns  ; cntsecond[0] ; dataout[2] ; clk        ;
; N/A   ; None         ; 23.290 ns  ; cntfirst[3]  ; dataout[2] ; clk        ;
; N/A   ; None         ; 23.201 ns  ; cntsecond[0] ; dataout[1] ; clk        ;
; N/A   ; None         ; 23.197 ns  ; cntfirst[3]  ; dataout[1] ; clk        ;
; N/A   ; None         ; 23.177 ns  ; cntlast[2]   ; dataout[2] ; clk        ;
; N/A   ; None         ; 23.090 ns  ; cntlast[2]   ; dataout[1] ; clk        ;
; N/A   ; None         ; 23.077 ns  ; cntsecond[0] ; dataout[0] ; clk        ;
; N/A   ; None         ; 23.055 ns  ; cntthird[2]  ; dataout[4] ; clk        ;
; N/A   ; None         ; 23.053 ns  ; cntthird[2]  ; dataout[5] ; clk        ;
; N/A   ; None         ; 23.033 ns  ; cntfirst[3]  ; dataout[0] ; clk        ;
; N/A   ; None         ; 22.926 ns  ; cntlast[2]   ; dataout[0] ; clk        ;
; N/A   ; None         ; 22.841 ns  ; cntfirst[1]  ; dataout[4] ; clk        ;
; N/A   ; None         ; 22.839 ns  ; cntfirst[1]  ; dataout[5] ; clk        ;
; N/A   ; None         ; 22.820 ns  ; cntthird[2]  ; dataout[3] ; clk        ;
; N/A   ; None         ; 22.791 ns  ; cntthird[0]  ; dataout[4] ; clk        ;
; N/A   ; None         ; 22.777 ns  ; cntthird[0]  ; dataout[5] ; clk        ;
; N/A   ; None         ; 22.697 ns  ; cntthird[2]  ; dataout[6] ; clk        ;
; N/A   ; None         ; 22.674 ns  ; cntthird[2]  ; dataout[7] ; clk        ;
; N/A   ; None         ; 22.656 ns  ; cntsecond[3] ; dataout[4] ; clk        ;
; N/A   ; None         ; 22.653 ns  ; cntsecond[3] ; dataout[5] ; clk        ;
; N/A   ; None         ; 22.604 ns  ; cntfirst[1]  ; dataout[3] ; clk        ;
; N/A   ; None         ; 22.546 ns  ; cntthird[0]  ; dataout[3] ; clk        ;
; N/A   ; None         ; 22.481 ns  ; cntfirst[1]  ; dataout[6] ; clk        ;
; N/A   ; None         ; 22.461 ns  ; cntfirst[1]  ; dataout[7] ; clk        ;
; N/A   ; None         ; 22.436 ns  ; cntsecond[2] ; dataout[2] ; clk        ;
; N/A   ; None         ; 22.431 ns  ; cntfirst[1]  ; dataout[2] ; clk        ;
; N/A   ; None         ; 22.428 ns  ; cntthird[0]  ; dataout[6] ; clk        ;
; N/A   ; None         ; 22.418 ns  ; cntsecond[3] ; dataout[3] ; clk        ;
; N/A   ; None         ; 22.416 ns  ; cntsecond[1] ; dataout[4] ; clk        ;
; N/A   ; None         ; 22.414 ns  ; cntsecond[1] ; dataout[5] ; clk        ;
; N/A   ; None         ; 22.372 ns  ; cntthird[0]  ; dataout[7] ; clk        ;
; N/A   ; None         ; 22.349 ns  ; cntsecond[2] ; dataout[1] ; clk        ;
; N/A   ; None         ; 22.295 ns  ; cntsecond[3] ; dataout[6] ; clk        ;
; N/A   ; None         ; 22.295 ns  ; cntfirst[1]  ; dataout[1] ; clk        ;
; N/A   ; None         ; 22.275 ns  ; cntsecond[3] ; dataout[7] ; clk        ;
; N/A   ; None         ; 22.275 ns  ; cntfirst[0]  ; dataout[4] ; clk        ;
; N/A   ; None         ; 22.261 ns  ; cntfirst[0]  ; dataout[5] ; clk        ;
; N/A   ; None         ; 22.257 ns  ; cntsecond[3] ; dataout[2] ; clk        ;
; N/A   ; None         ; 22.185 ns  ; cntsecond[2] ; dataout[0] ; clk        ;
; N/A   ; None         ; 22.179 ns  ; cntsecond[1] ; dataout[3] ; clk        ;
; N/A   ; None         ; 22.164 ns  ; cntsecond[3] ; dataout[1] ; clk        ;
; N/A   ; None         ; 22.152 ns  ; cntfirst[1]  ; dataout[0] ; clk        ;
; N/A   ; None         ; 22.120 ns  ; cntthird[0]  ; dataout[2] ; clk        ;
; N/A   ; None         ; 22.056 ns  ; cntsecond[1] ; dataout[6] ; clk        ;
; N/A   ; None         ; 22.036 ns  ; cntsecond[1] ; dataout[7] ; clk        ;
; N/A   ; None         ; 22.034 ns  ; cntfirst[2]  ; dataout[4] ; clk        ;
; N/A   ; None         ; 22.032 ns  ; cntfirst[2]  ; dataout[5] ; clk        ;
; N/A   ; None         ; 22.030 ns  ; cntfirst[0]  ; dataout[3] ; clk        ;
; N/A   ; None         ; 22.024 ns  ; cntthird[0]  ; dataout[1] ; clk        ;
; N/A   ; None         ; 22.006 ns  ; cntsecond[1] ; dataout[2] ; clk        ;
; N/A   ; None         ; 22.000 ns  ; cntsecond[3] ; dataout[0] ; clk        ;
; N/A   ; None         ; 21.912 ns  ; cntfirst[0]  ; dataout[6] ; clk        ;
; N/A   ; None         ; 21.900 ns  ; cntthird[0]  ; dataout[0] ; clk        ;
; N/A   ; None         ; 21.870 ns  ; cntsecond[1] ; dataout[1] ; clk        ;
; N/A   ; None         ; 21.856 ns  ; cntfirst[0]  ; dataout[7] ; clk        ;
; N/A   ; None         ; 21.799 ns  ; cntfirst[2]  ; dataout[3] ; clk        ;
; N/A   ; None         ; 21.741 ns  ; cntthird[2]  ; dataout[2] ; clk        ;
; N/A   ; None         ; 21.727 ns  ; cntthird[1]  ; dataout[4] ; clk        ;
; N/A   ; None         ; 21.727 ns  ; cntsecond[1] ; dataout[0] ; clk        ;
; N/A   ; None         ; 21.725 ns  ; cntthird[1]  ; dataout[5] ; clk        ;
; N/A   ; None         ; 21.676 ns  ; cntfirst[2]  ; dataout[6] ; clk        ;
; N/A   ; None         ; 21.654 ns  ; cntthird[2]  ; dataout[1] ; clk        ;
; N/A   ; None         ; 21.653 ns  ; cntfirst[2]  ; dataout[7] ; clk        ;
; N/A   ; None         ; 21.604 ns  ; cntfirst[0]  ; dataout[2] ; clk        ;
; N/A   ; None         ; 21.508 ns  ; cntfirst[0]  ; dataout[1] ; clk        ;
; N/A   ; None         ; 21.490 ns  ; cntthird[1]  ; dataout[3] ; clk        ;
; N/A   ; None         ; 21.490 ns  ; cntthird[2]  ; dataout[0] ; clk        ;
; N/A   ; None         ; 21.438 ns  ; cntthird[3]  ; dataout[4] ; clk        ;
; N/A   ; None         ; 21.435 ns  ; cntthird[3]  ; dataout[5] ; clk        ;
; N/A   ; None         ; 21.384 ns  ; cntfirst[0]  ; dataout[0] ; clk        ;
; N/A   ; None         ; 21.367 ns  ; cntthird[1]  ; dataout[6] ; clk        ;
; N/A   ; None         ; 21.347 ns  ; cntthird[1]  ; dataout[7] ; clk        ;
; N/A   ; None         ; 21.317 ns  ; cntthird[1]  ; dataout[2] ; clk        ;
; N/A   ; None         ; 21.200 ns  ; cntthird[3]  ; dataout[3] ; clk        ;
; N/A   ; None         ; 21.181 ns  ; cntthird[1]  ; dataout[1] ; clk        ;
; N/A   ; None         ; 21.077 ns  ; cntthird[3]  ; dataout[6] ; clk        ;
; N/A   ; None         ; 21.057 ns  ; cntthird[3]  ; dataout[7] ; clk        ;
; N/A   ; None         ; 21.039 ns  ; cntthird[3]  ; dataout[2] ; clk        ;
; N/A   ; None         ; 21.038 ns  ; cntthird[1]  ; dataout[0] ; clk        ;
; N/A   ; None         ; 20.946 ns  ; cntthird[3]  ; dataout[1] ; clk        ;
; N/A   ; None         ; 20.782 ns  ; cntthird[3]  ; dataout[0] ; clk        ;
; N/A   ; None         ; 20.720 ns  ; cntfirst[2]  ; dataout[2] ; clk        ;
; N/A   ; None         ; 20.633 ns  ; cntfirst[2]  ; dataout[1] ; clk        ;
; N/A   ; None         ; 20.469 ns  ; cntfirst[2]  ; dataout[0] ; clk        ;
; N/A   ; None         ; 18.170 ns  ; en_xhdl[3]   ; dataout[4] ; clk        ;
; N/A   ; None         ; 18.167 ns  ; en_xhdl[3]   ; dataout[5] ; clk        ;
; N/A   ; None         ; 18.146 ns  ; en_xhdl[0]   ; dataout[4] ; clk        ;
; N/A   ; None         ; 18.143 ns  ; en_xhdl[0]   ; dataout[5] ; clk        ;
; N/A   ; None         ; 17.932 ns  ; en_xhdl[3]   ; dataout[3] ; clk        ;
; N/A   ; None         ; 17.908 ns  ; en_xhdl[0]   ; dataout[3] ; clk        ;
; N/A   ; None         ; 17.875 ns  ; en_xhdl[1]   ; dataout[4] ; clk        ;
; N/A   ; None         ; 17.872 ns  ; en_xhdl[1]   ; dataout[5] ; clk        ;
; N/A   ; None         ; 17.809 ns  ; en_xhdl[3]   ; dataout[6] ; clk        ;
; N/A   ; None         ; 17.789 ns  ; en_xhdl[3]   ; dataout[7] ; clk        ;
; N/A   ; None         ; 17.785 ns  ; en_xhdl[0]   ; dataout[6] ; clk        ;
; N/A   ; None         ; 17.771 ns  ; en_xhdl[3]   ; dataout[2] ; clk        ;
; N/A   ; None         ; 17.765 ns  ; en_xhdl[0]   ; dataout[7] ; clk        ;
; N/A   ; None         ; 17.747 ns  ; en_xhdl[0]   ; dataout[2] ; clk        ;
; N/A   ; None         ; 17.678 ns  ; en_xhdl[3]   ; dataout[1] ; clk        ;
; N/A   ; None         ; 17.654 ns  ; en_xhdl[0]   ; dataout[1] ; clk        ;
; N/A   ; None         ; 17.637 ns  ; en_xhdl[1]   ; dataout[3] ; clk        ;
; N/A   ; None         ; 17.514 ns  ; en_xhdl[1]   ; dataout[6] ; clk        ;
; N/A   ; None         ; 17.514 ns  ; en_xhdl[3]   ; dataout[0] ; clk        ;
; N/A   ; None         ; 17.494 ns  ; en_xhdl[1]   ; dataout[7] ; clk        ;
; N/A   ; None         ; 17.490 ns  ; en_xhdl[0]   ; dataout[0] ; clk        ;
; N/A   ; None         ; 17.476 ns  ; en_xhdl[1]   ; dataout[2] ; clk        ;
; N/A   ; None         ; 17.383 ns  ; en_xhdl[1]   ; dataout[1] ; clk        ;
; N/A   ; None         ; 17.219 ns  ; en_xhdl[1]   ; dataout[0] ; clk        ;
; N/A   ; None         ; 16.528 ns  ; en_xhdl[2]   ; dataout[4] ; clk        ;
; N/A   ; None         ; 16.514 ns  ; en_xhdl[2]   ; dataout[5] ; clk        ;
; N/A   ; None         ; 16.283 ns  ; en_xhdl[2]   ; dataout[3] ; clk        ;
; N/A   ; None         ; 16.165 ns  ; en_xhdl[2]   ; dataout[6] ; clk        ;
; N/A   ; None         ; 16.109 ns  ; en_xhdl[2]   ; dataout[7] ; clk        ;
; N/A   ; None         ; 15.857 ns  ; en_xhdl[2]   ; dataout[2] ; clk        ;
; N/A   ; None         ; 15.761 ns  ; en_xhdl[2]   ; dataout[1] ; clk        ;
; N/A   ; None         ; 15.637 ns  ; en_xhdl[2]   ; dataout[0] ; clk        ;
; N/A   ; None         ; 7.849 ns   ; en_xhdl[3]   ; en[3]      ; clk        ;
; N/A   ; None         ; 7.840 ns   ; en_xhdl[2]   ; en[2]      ; clk        ;
; N/A   ; None         ; 7.664 ns   ; en_xhdl[1]   ; en[1]      ; clk        ;
; N/A   ; None         ; 7.650 ns   ; en_xhdl[0]   ; en[0]      ; clk        ;
+-------+--------------+------------+--------------+------------+------------+


+--------------------------+
; Timing Analyzer Messages ;
+--------------------------+
Info: *******************************************************************
Info: Running Quartus II Classic Timing Analyzer
    Info: Version 9.0 Build 235 06/17/2009 Service Pack 2 SJ Full Version
    Info: Processing started: Mon Aug 30 01:53:56 2010
Info: Command: quartus_tan --read_settings_files=off --write_settings_files=off seg1 -c seg1 --timing_analysis_only
Info: Parallel compilation is enabled and will use 2 of the 2 processors detected
Warning: Found pins functioning as undefined clocks and/or memory enables
    Info: Assuming node "clk" is an undefined clock
Warning: Found 4 node(s) in clock paths which may be acting as ripple and/or gated clocks -- node(s) analyzed as buffer(s) resulting in clock skew
    Info: Detected ripple clock "third_over" as buffer
    Info: Detected ripple clock "first_over" as buffer
    Info: Detected ripple clock "second_over" as buffer
    Info: Detected ripple clock "div_cnt[24]" as buffer
Info: Clock "clk" has Internal fmax of 94.69 MHz between source register "last_over" and destination register "first_over" (period= 10.561 ns)
    Info: + Longest register to register delay is 2.257 ns
        Info: 1: + IC(0.000 ns) + CELL(0.000 ns) = 0.000 ns; Loc. = LCFF_X24_Y8_N1; Fanout = 2; REG Node = 'last_over'
        Info: 2: + IC(1.179 ns) + CELL(0.206 ns) = 1.385 ns; Loc. = LCCOMB_X24_Y5_N24; Fanout = 4; COMB Node = 'process_1~0'
        Info: 3: + IC(0.412 ns) + CELL(0.460 ns) = 2.257 ns; Loc. = LCFF_X24_Y5_N7; Fanout = 2; REG Node = 'first_over'
        Info: Total cell delay = 0.666 ns ( 29.51 % )
        Info: Total interconnect delay = 1.591 ns ( 70.49 % )
    Info: - Smallest clock skew is -8.040 ns
        Info: + Shortest clock path from clock "clk" to destination register is 6.714 ns
            Info: 1: + IC(0.000 ns) + CELL(1.140 ns) = 1.140 ns; Loc. = PIN_23; Fanout = 2; CLK Node = 'clk'
            Info: 2: + IC(1.708 ns) + CELL(0.970 ns) = 3.818 ns; Loc. = LCFF_X14_Y4_N23; Fanout = 3; REG Node = 'div_cnt[24]'
            Info: 3: + IC(2.230 ns) + CELL(0.666 ns) = 6.714 ns; Loc. = LCFF_X24_Y5_N7; Fanout = 2; REG Node = 'first_over'
            Info: Total cell delay = 2.776 ns ( 41.35 % )
            Info: Total interconnect delay = 3.938 ns ( 58.65 % )
        Info: - Longest clock path from clock "clk" to source register is 14.754 ns
            Info: 1: + IC(0.000 ns) + CELL(1.140 ns) = 1.140 ns; Loc. = PIN_23; Fanout = 2; CLK Node = 'clk'
            Info: 2: + IC(1.708 ns) + CELL(0.970 ns) = 3.818 ns; Loc. = LCFF_X14_Y4_N23; Fanout = 3; REG Node = 'div_cnt[24]'
            Info: 3: + IC(2.230 ns) + CELL(0.970 ns) = 7.018 ns; Loc. = LCFF_X24_Y5_N7; Fanout = 2; REG Node = 'first_over'
            Info: 4: + IC(1.432 ns) + CELL(0.970 ns) = 9.420 ns; Loc. = LCFF_X18_Y5_N1; Fanout = 2; REG Node = 'second_over'
            Info: 5: + IC(1.046 ns) + CELL(0.970 ns) = 11.436 ns; Loc. = LCFF_X15_Y6_N27; Fanout = 1; REG Node = 'third_over'
            Info: 6: + IC(1.810 ns) + CELL(0.000 ns) = 13.246 ns; Loc. = CLKCTRL_G0; Fanout = 5; COMB Node = 'third_over~clkctrl'
            Info: 7: + IC(0.842 ns) + CELL(0.666 ns) = 14.754 ns; Loc. = LCFF_X24_Y8_N1; Fanout = 2; REG Node = 'last_over'
            Info: Total cell delay = 5.686 ns ( 38.54 % )
            Info: Total interconnect delay = 9.068 ns ( 61.46 % )
    Info: + Micro clock to output delay of source is 0.304 ns
    Info: + Micro setup delay of destination is -0.040 ns
Info: tco from clock "clk" to destination pin "dataout[4]" through register "cntlast[1]" is 25.892 ns
    Info: + Longest clock path from clock "clk" to source register is 14.754 ns
        Info: 1: + IC(0.000 ns) + CELL(1.140 ns) = 1.140 ns; Loc. = PIN_23; Fanout = 2; CLK Node = 'clk'
        Info: 2: + IC(1.708 ns) + CELL(0.970 ns) = 3.818 ns; Loc. = LCFF_X14_Y4_N23; Fanout = 3; REG Node = 'div_cnt[24]'
        Info: 3: + IC(2.230 ns) + CELL(0.970 ns) = 7.018 ns; Loc. = LCFF_X24_Y5_N7; Fanout = 2; REG Node = 'first_over'
        Info: 4: + IC(1.432 ns) + CELL(0.970 ns) = 9.420 ns; Loc. = LCFF_X18_Y5_N1; Fanout = 2; REG Node = 'second_over'
        Info: 5: + IC(1.046 ns) + CELL(0.970 ns) = 11.436 ns; Loc. = LCFF_X15_Y6_N27; Fanout = 1; REG Node = 'third_over'
        Info: 6: + IC(1.810 ns) + CELL(0.000 ns) = 13.246 ns; Loc. = CLKCTRL_G0; Fanout = 5; COMB Node = 'third_over~clkctrl'
        Info: 7: + IC(0.842 ns) + CELL(0.666 ns) = 14.754 ns; Loc. = LCFF_X24_Y8_N27; Fanout = 5; REG Node = 'cntlast[1]'
        Info: Total cell delay = 5.686 ns ( 38.54 % )
        Info: Total interconnect delay = 9.068 ns ( 61.46 % )
    Info: + Micro clock to output delay of source is 0.304 ns
    Info: + Longest register to pin delay is 10.834 ns
        Info: 1: + IC(0.000 ns) + CELL(0.000 ns) = 0.000 ns; Loc. = LCFF_X24_Y8_N27; Fanout = 5; REG Node = 'cntlast[1]'
        Info: 2: + IC(2.287 ns) + CELL(0.651 ns) = 2.938 ns; Loc. = LCCOMB_X15_Y6_N4; Fanout = 1; COMB Node = 'Mux6~2'
        Info: 3: + IC(0.696 ns) + CELL(0.319 ns) = 3.953 ns; Loc. = LCCOMB_X15_Y6_N18; Fanout = 8; COMB Node = 'Mux6~3'
        Info: 4: + IC(1.958 ns) + CELL(0.206 ns) = 6.117 ns; Loc. = LCCOMB_X10_Y1_N10; Fanout = 1; COMB Node = 'Mux11~0'
        Info: 5: + IC(1.192 ns) + CELL(3.525 ns) = 10.834 ns; Loc. = PIN_68; Fanout = 0; PIN Node = 'dataout[4]'
        Info: Total cell delay = 4.701 ns ( 43.39 % )
        Info: Total interconnect delay = 6.133 ns ( 56.61 % )
Info: Quartus II Classic Timing Analyzer was successful. 0 errors, 2 warnings
    Info: Peak virtual memory: 144 megabytes
    Info: Processing ended: Mon Aug 30 01:53:57 2010
    Info: Elapsed time: 00:00:01
    Info: Total CPU time (on all processors): 00:00:01


