Classic Timing Analyzer report for ledwater
Tue Oct 26 09:30:34 2010
Quartus II Version 9.0 Build 235 06/17/2009 Service Pack 2 SJ Full Version


---------------------
; Table of Contents ;
---------------------
  1. Legal Notice
  2. Timing Analyzer Summary
  3. Timing Analyzer Settings
  4. Clock Settings Summary
  5. Parallel Compilation
  6. Clock Setup: 'clk'
  7. tco
  8. Timing Analyzer Messages



----------------
; Legal Notice ;
----------------
Copyright (C) 1991-2009 Altera Corporation
Your use of Altera Corporation's design tools, logic functions 
and other software and tools, and its AMPP partner logic 
functions, and any output files from any of the foregoing 
(including device programming or simulation files), and any 
associated documentation or information are expressly subject 
to the terms and conditions of the Altera Program License 
Subscription Agreement, Altera MegaCore Function License 
Agreement, or other applicable license agreement, including, 
without limitation, that your use is for the sole purpose of 
programming logic devices manufactured by Altera and sold by 
Altera or its authorized distributors.  Please refer to the 
applicable agreement for further details.



+--------------------------------------------------------------------------------------------------------------------------------------------------------+
; Timing Analyzer Summary                                                                                                                                ;
+------------------------------+-------+---------------+----------------------------------+-----------+-----------+------------+----------+--------------+
; Type                         ; Slack ; Required Time ; Actual Time                      ; From      ; To        ; From Clock ; To Clock ; Failed Paths ;
+------------------------------+-------+---------------+----------------------------------+-----------+-----------+------------+----------+--------------+
; Worst-case tco               ; N/A   ; None          ; 9.596 ns                         ; count[23] ; out[7]    ; clk        ; --       ; 0            ;
; Clock Setup: 'clk'           ; N/A   ; None          ; 221.88 MHz ( period = 4.507 ns ) ; count[1]  ; count[25] ; clk        ; clk      ; 0            ;
; Total number of failed paths ;       ;               ;                                  ;           ;           ;            ;          ; 0            ;
+------------------------------+-------+---------------+----------------------------------+-----------+-----------+------------+----------+--------------+


+--------------------------------------------------------------------------------------------------------------------+
; Timing Analyzer Settings                                                                                           ;
+---------------------------------------------------------------------+--------------------+------+----+-------------+
; Option                                                              ; Setting            ; From ; To ; Entity Name ;
+---------------------------------------------------------------------+--------------------+------+----+-------------+
; Device Name                                                         ; EP2C8Q208C8        ;      ;    ;             ;
; Timing Models                                                       ; Final              ;      ;    ;             ;
; Default hold multicycle                                             ; Same as Multicycle ;      ;    ;             ;
; Cut paths between unrelated clock domains                           ; On                 ;      ;    ;             ;
; Cut off read during write signal paths                              ; On                 ;      ;    ;             ;
; Cut off feedback from I/O pins                                      ; On                 ;      ;    ;             ;
; Report Combined Fast/Slow Timing                                    ; Off                ;      ;    ;             ;
; Ignore Clock Settings                                               ; Off                ;      ;    ;             ;
; Analyze latches as synchronous elements                             ; Off                ;      ;    ;             ;
; Enable Recovery/Removal analysis                                    ; Off                ;      ;    ;             ;
; Enable Clock Latency                                                ; Off                ;      ;    ;             ;
; Use TimeQuest Timing Analyzer                                       ; Off                ;      ;    ;             ;
; Minimum Core Junction Temperature                                   ; 0                  ;      ;    ;             ;
; Maximum Core Junction Temperature                                   ; 85                 ;      ;    ;             ;
; Number of source nodes to report per destination node               ; 10                 ;      ;    ;             ;
; Number of destination nodes to report                               ; 10                 ;      ;    ;             ;
; Number of paths to report                                           ; 200                ;      ;    ;             ;
; Report Minimum Timing Checks                                        ; Off                ;      ;    ;             ;
; Use Fast Timing Models                                              ; Off                ;      ;    ;             ;
; Report IO Paths Separately                                          ; Off                ;      ;    ;             ;
; Perform Multicorner Analysis                                        ; On                 ;      ;    ;             ;
; Reports the worst-case path for each clock domain and analysis      ; Off                ;      ;    ;             ;
; Removes common clock path pessimism (CCPP) during slack computation ; Off                ;      ;    ;             ;
; Output I/O Timing Endpoint                                          ; Near End           ;      ;    ;             ;
+---------------------------------------------------------------------+--------------------+------+----+-------------+


+------------------------------------------------------------------------------------------------------------------------------------------------------------------------------------+
; Clock Settings Summary                                                                                                                                                             ;
+-----------------+--------------------+----------+------------------+---------------+--------------+----------+-----------------------+---------------------+--------+--------------+
; Clock Node Name ; Clock Setting Name ; Type     ; Fmax Requirement ; Early Latency ; Late Latency ; Based on ; Multiply Base Fmax by ; Divide Base Fmax by ; Offset ; Phase offset ;
+-----------------+--------------------+----------+------------------+---------------+--------------+----------+-----------------------+---------------------+--------+--------------+
; clk             ;                    ; User Pin ; None             ; 0.000 ns      ; 0.000 ns     ; --       ; N/A                   ; N/A                 ; N/A    ;              ;
+-----------------+--------------------+----------+------------------+---------------+--------------+----------+-----------------------+---------------------+--------+--------------+


+------------------------------------------+
; Parallel Compilation                     ;
+----------------------------+-------------+
; Processors                 ; Number      ;
+----------------------------+-------------+
; Number detected on machine ; 2           ;
; Maximum allowed            ; 2           ;
;                            ;             ;
; Average used               ; 1.00        ;
; Maximum used               ; 1           ;
;                            ;             ;
; Usage by Processor         ; % Time Used ;
;     1 processor            ; 100.0%      ;
;     2 processors           ;   0.0%      ;
+----------------------------+-------------+


+-----------------------------------------------------------------------------------------------------------------------------------------------------------------------------------------------------------------------------------+
; Clock Setup: 'clk'                                                                                                                                                                                                                ;
+-----------------------------------------+-----------------------------------------------------+-----------+-----------+------------+----------+-----------------------------+---------------------------+-------------------------+
; Slack                                   ; Actual fmax (period)                                ; From      ; To        ; From Clock ; To Clock ; Required Setup Relationship ; Required Longest P2P Time ; Actual Longest P2P Time ;
+-----------------------------------------+-----------------------------------------------------+-----------+-----------+------------+----------+-----------------------------+---------------------------+-------------------------+
; N/A                                     ; 221.88 MHz ( period = 4.507 ns )                    ; count[1]  ; count[25] ; clk        ; clk      ; None                        ; None                      ; 4.262 ns                ;
; N/A                                     ; 226.19 MHz ( period = 4.421 ns )                    ; count[1]  ; count[24] ; clk        ; clk      ; None                        ; None                      ; 4.176 ns                ;
; N/A                                     ; 230.68 MHz ( period = 4.335 ns )                    ; count[1]  ; count[23] ; clk        ; clk      ; None                        ; None                      ; 4.090 ns                ;
; N/A                                     ; 235.35 MHz ( period = 4.249 ns )                    ; count[1]  ; count[22] ; clk        ; clk      ; None                        ; None                      ; 4.004 ns                ;
; N/A                                     ; 240.10 MHz ( period = 4.165 ns )                    ; count[0]  ; count[25] ; clk        ; clk      ; None                        ; None                      ; 3.920 ns                ;
; N/A                                     ; 240.21 MHz ( period = 4.163 ns )                    ; count[1]  ; count[21] ; clk        ; clk      ; None                        ; None                      ; 3.918 ns                ;
; N/A                                     ; 242.19 MHz ( period = 4.129 ns )                    ; count[2]  ; count[25] ; clk        ; clk      ; None                        ; None                      ; 3.884 ns                ;
; N/A                                     ; 245.16 MHz ( period = 4.079 ns )                    ; count[0]  ; count[24] ; clk        ; clk      ; None                        ; None                      ; 3.834 ns                ;
; N/A                                     ; 247.34 MHz ( period = 4.043 ns )                    ; count[2]  ; count[24] ; clk        ; clk      ; None                        ; None                      ; 3.798 ns                ;
; N/A                                     ; 247.34 MHz ( period = 4.043 ns )                    ; count[3]  ; count[25] ; clk        ; clk      ; None                        ; None                      ; 3.798 ns                ;
; N/A                                     ; 250.44 MHz ( period = 3.993 ns )                    ; count[0]  ; count[23] ; clk        ; clk      ; None                        ; None                      ; 3.748 ns                ;
; N/A                                     ; 251.70 MHz ( period = 3.973 ns )                    ; count[1]  ; count[20] ; clk        ; clk      ; None                        ; None                      ; 3.728 ns                ;
; N/A                                     ; 252.72 MHz ( period = 3.957 ns )                    ; count[2]  ; count[23] ; clk        ; clk      ; None                        ; None                      ; 3.712 ns                ;
; N/A                                     ; 252.72 MHz ( period = 3.957 ns )                    ; count[3]  ; count[24] ; clk        ; clk      ; None                        ; None                      ; 3.712 ns                ;
; N/A                                     ; 255.56 MHz ( period = 3.913 ns )                    ; count[4]  ; count[25] ; clk        ; clk      ; None                        ; None                      ; 3.668 ns                ;
; N/A                                     ; 255.95 MHz ( period = 3.907 ns )                    ; count[0]  ; count[22] ; clk        ; clk      ; None                        ; None                      ; 3.662 ns                ;
; N/A                                     ; 257.27 MHz ( period = 3.887 ns )                    ; count[1]  ; count[19] ; clk        ; clk      ; None                        ; None                      ; 3.642 ns                ;
; N/A                                     ; 258.33 MHz ( period = 3.871 ns )                    ; count[2]  ; count[22] ; clk        ; clk      ; None                        ; None                      ; 3.626 ns                ;
; N/A                                     ; 258.33 MHz ( period = 3.871 ns )                    ; count[3]  ; count[23] ; clk        ; clk      ; None                        ; None                      ; 3.626 ns                ;
; N/A                                     ; 261.30 MHz ( period = 3.827 ns )                    ; count[4]  ; count[24] ; clk        ; clk      ; None                        ; None                      ; 3.582 ns                ;
; N/A                                     ; 261.71 MHz ( period = 3.821 ns )                    ; count[0]  ; count[21] ; clk        ; clk      ; None                        ; None                      ; 3.576 ns                ;
; N/A                                     ; 263.09 MHz ( period = 3.801 ns )                    ; count[1]  ; count[18] ; clk        ; clk      ; None                        ; None                      ; 3.556 ns                ;
; N/A                                     ; 264.20 MHz ( period = 3.785 ns )                    ; count[3]  ; count[22] ; clk        ; clk      ; None                        ; None                      ; 3.540 ns                ;
; N/A                                     ; 264.20 MHz ( period = 3.785 ns )                    ; count[2]  ; count[21] ; clk        ; clk      ; None                        ; None                      ; 3.540 ns                ;
; N/A                                     ; 265.18 MHz ( period = 3.771 ns )                    ; count[5]  ; count[25] ; clk        ; clk      ; None                        ; None                      ; 3.526 ns                ;
; N/A                                     ; 267.31 MHz ( period = 3.741 ns )                    ; count[4]  ; count[23] ; clk        ; clk      ; None                        ; None                      ; 3.496 ns                ;
; N/A                                     ; 269.18 MHz ( period = 3.715 ns )                    ; count[1]  ; count[17] ; clk        ; clk      ; None                        ; None                      ; 3.470 ns                ;
; N/A                                     ; 270.34 MHz ( period = 3.699 ns )                    ; count[3]  ; count[21] ; clk        ; clk      ; None                        ; None                      ; 3.454 ns                ;
; N/A                                     ; 271.37 MHz ( period = 3.685 ns )                    ; count[5]  ; count[24] ; clk        ; clk      ; None                        ; None                      ; 3.440 ns                ;
; N/A                                     ; 273.60 MHz ( period = 3.655 ns )                    ; count[4]  ; count[22] ; clk        ; clk      ; None                        ; None                      ; 3.410 ns                ;
; N/A                                     ; 275.41 MHz ( period = 3.631 ns )                    ; count[0]  ; count[20] ; clk        ; clk      ; None                        ; None                      ; 3.386 ns                ;
; N/A                                     ; 275.41 MHz ( period = 3.631 ns )                    ; count[6]  ; count[25] ; clk        ; clk      ; None                        ; None                      ; 3.386 ns                ;
; N/A                                     ; 275.56 MHz ( period = 3.629 ns )                    ; count[1]  ; count[16] ; clk        ; clk      ; None                        ; None                      ; 3.384 ns                ;
; N/A                                     ; 277.85 MHz ( period = 3.599 ns )                    ; count[5]  ; count[23] ; clk        ; clk      ; None                        ; None                      ; 3.354 ns                ;
; N/A                                     ; 277.85 MHz ( period = 3.599 ns )                    ; count[7]  ; count[25] ; clk        ; clk      ; None                        ; None                      ; 3.354 ns                ;
; N/A                                     ; 278.16 MHz ( period = 3.595 ns )                    ; count[2]  ; count[20] ; clk        ; clk      ; None                        ; None                      ; 3.350 ns                ;
; N/A                                     ; 280.19 MHz ( period = 3.569 ns )                    ; count[4]  ; count[21] ; clk        ; clk      ; None                        ; None                      ; 3.324 ns                ;
; N/A                                     ; 282.09 MHz ( period = 3.545 ns )                    ; count[0]  ; count[19] ; clk        ; clk      ; None                        ; None                      ; 3.300 ns                ;
; N/A                                     ; 282.09 MHz ( period = 3.545 ns )                    ; count[6]  ; count[24] ; clk        ; clk      ; None                        ; None                      ; 3.300 ns                ;
; N/A                                     ; 282.25 MHz ( period = 3.543 ns )                    ; count[1]  ; count[15] ; clk        ; clk      ; None                        ; None                      ; 3.298 ns                ;
; N/A                                     ; 284.66 MHz ( period = 3.513 ns )                    ; count[5]  ; count[22] ; clk        ; clk      ; None                        ; None                      ; 3.268 ns                ;
; N/A                                     ; 284.66 MHz ( period = 3.513 ns )                    ; count[7]  ; count[24] ; clk        ; clk      ; None                        ; None                      ; 3.268 ns                ;
; N/A                                     ; 284.98 MHz ( period = 3.509 ns )                    ; count[3]  ; count[20] ; clk        ; clk      ; None                        ; None                      ; 3.264 ns                ;
; N/A                                     ; 284.98 MHz ( period = 3.509 ns )                    ; count[2]  ; count[19] ; clk        ; clk      ; None                        ; None                      ; 3.264 ns                ;
; N/A                                     ; 289.10 MHz ( period = 3.459 ns )                    ; count[0]  ; count[18] ; clk        ; clk      ; None                        ; None                      ; 3.214 ns                ;
; N/A                                     ; 289.10 MHz ( period = 3.459 ns )                    ; count[6]  ; count[23] ; clk        ; clk      ; None                        ; None                      ; 3.214 ns                ;
; N/A                                     ; 289.10 MHz ( period = 3.459 ns )                    ; count[8]  ; count[25] ; clk        ; clk      ; None                        ; None                      ; 3.214 ns                ;
; N/A                                     ; 289.27 MHz ( period = 3.457 ns )                    ; count[1]  ; count[14] ; clk        ; clk      ; None                        ; None                      ; 3.212 ns                ;
; N/A                                     ; 291.72 MHz ( period = 3.428 ns )                    ; count[9]  ; count[25] ; clk        ; clk      ; None                        ; None                      ; 3.183 ns                ;
; N/A                                     ; 291.80 MHz ( period = 3.427 ns )                    ; count[5]  ; count[21] ; clk        ; clk      ; None                        ; None                      ; 3.182 ns                ;
; N/A                                     ; 291.80 MHz ( period = 3.427 ns )                    ; count[7]  ; count[23] ; clk        ; clk      ; None                        ; None                      ; 3.182 ns                ;
; N/A                                     ; 292.14 MHz ( period = 3.423 ns )                    ; count[3]  ; count[19] ; clk        ; clk      ; None                        ; None                      ; 3.178 ns                ;
; N/A                                     ; 292.14 MHz ( period = 3.423 ns )                    ; count[2]  ; count[18] ; clk        ; clk      ; None                        ; None                      ; 3.178 ns                ;
; N/A                                     ; 295.95 MHz ( period = 3.379 ns )                    ; count[4]  ; count[20] ; clk        ; clk      ; None                        ; None                      ; 3.134 ns                ;
; N/A                                     ; 296.47 MHz ( period = 3.373 ns )                    ; count[6]  ; count[22] ; clk        ; clk      ; None                        ; None                      ; 3.128 ns                ;
; N/A                                     ; 296.47 MHz ( period = 3.373 ns )                    ; count[0]  ; count[17] ; clk        ; clk      ; None                        ; None                      ; 3.128 ns                ;
; N/A                                     ; 296.47 MHz ( period = 3.373 ns )                    ; count[8]  ; count[24] ; clk        ; clk      ; None                        ; None                      ; 3.128 ns                ;
; N/A                                     ; 296.65 MHz ( period = 3.371 ns )                    ; count[1]  ; count[13] ; clk        ; clk      ; None                        ; None                      ; 3.126 ns                ;
; N/A                                     ; 299.22 MHz ( period = 3.342 ns )                    ; count[9]  ; count[24] ; clk        ; clk      ; None                        ; None                      ; 3.097 ns                ;
; N/A                                     ; 299.31 MHz ( period = 3.341 ns )                    ; count[7]  ; count[22] ; clk        ; clk      ; None                        ; None                      ; 3.096 ns                ;
; N/A                                     ; 299.67 MHz ( period = 3.337 ns )                    ; count[3]  ; count[18] ; clk        ; clk      ; None                        ; None                      ; 3.092 ns                ;
; N/A                                     ; 299.67 MHz ( period = 3.337 ns )                    ; count[2]  ; count[17] ; clk        ; clk      ; None                        ; None                      ; 3.092 ns                ;
; N/A                                     ; 303.67 MHz ( period = 3.293 ns )                    ; count[4]  ; count[19] ; clk        ; clk      ; None                        ; None                      ; 3.048 ns                ;
; N/A                                     ; 303.77 MHz ( period = 3.292 ns )                    ; count[10] ; count[25] ; clk        ; clk      ; None                        ; None                      ; 3.047 ns                ;
; N/A                                     ; 304.23 MHz ( period = 3.287 ns )                    ; count[6]  ; count[21] ; clk        ; clk      ; None                        ; None                      ; 3.042 ns                ;
; N/A                                     ; 304.23 MHz ( period = 3.287 ns )                    ; count[0]  ; count[16] ; clk        ; clk      ; None                        ; None                      ; 3.042 ns                ;
; N/A                                     ; 304.23 MHz ( period = 3.287 ns )                    ; count[8]  ; count[23] ; clk        ; clk      ; None                        ; None                      ; 3.042 ns                ;
; N/A                                     ; 307.13 MHz ( period = 3.256 ns )                    ; count[9]  ; count[23] ; clk        ; clk      ; None                        ; None                      ; 3.011 ns                ;
; N/A                                     ; 307.22 MHz ( period = 3.255 ns )                    ; count[7]  ; count[21] ; clk        ; clk      ; None                        ; None                      ; 3.010 ns                ;
; N/A                                     ; 307.60 MHz ( period = 3.251 ns )                    ; count[3]  ; count[17] ; clk        ; clk      ; None                        ; None                      ; 3.006 ns                ;
; N/A                                     ; 307.60 MHz ( period = 3.251 ns )                    ; count[2]  ; count[16] ; clk        ; clk      ; None                        ; None                      ; 3.006 ns                ;
; N/A                                     ; 308.93 MHz ( period = 3.237 ns )                    ; count[5]  ; count[20] ; clk        ; clk      ; None                        ; None                      ; 2.992 ns                ;
; N/A                                     ; 311.04 MHz ( period = 3.215 ns )                    ; count[1]  ; count[12] ; clk        ; clk      ; None                        ; None                      ; 2.951 ns                ;
; N/A                                     ; 311.82 MHz ( period = 3.207 ns )                    ; count[4]  ; count[18] ; clk        ; clk      ; None                        ; None                      ; 2.962 ns                ;
; N/A                                     ; 311.92 MHz ( period = 3.206 ns )                    ; count[10] ; count[24] ; clk        ; clk      ; None                        ; None                      ; 2.961 ns                ;
; N/A                                     ; 311.92 MHz ( period = 3.206 ns )                    ; count[11] ; count[25] ; clk        ; clk      ; None                        ; None                      ; 2.961 ns                ;
; N/A                                     ; 312.40 MHz ( period = 3.201 ns )                    ; count[8]  ; count[22] ; clk        ; clk      ; None                        ; None                      ; 2.956 ns                ;
; N/A                                     ; 312.40 MHz ( period = 3.201 ns )                    ; count[0]  ; count[15] ; clk        ; clk      ; None                        ; None                      ; 2.956 ns                ;
; N/A                                     ; 315.46 MHz ( period = 3.170 ns )                    ; count[9]  ; count[22] ; clk        ; clk      ; None                        ; None                      ; 2.925 ns                ;
; N/A                                     ; 315.96 MHz ( period = 3.165 ns )                    ; count[3]  ; count[16] ; clk        ; clk      ; None                        ; None                      ; 2.920 ns                ;
; N/A                                     ; 315.96 MHz ( period = 3.165 ns )                    ; count[2]  ; count[15] ; clk        ; clk      ; None                        ; None                      ; 2.920 ns                ;
; N/A                                     ; 317.36 MHz ( period = 3.151 ns )                    ; count[5]  ; count[19] ; clk        ; clk      ; None                        ; None                      ; 2.906 ns                ;
; N/A                                     ; 318.47 MHz ( period = 3.140 ns )                    ; count[12] ; count[25] ; clk        ; clk      ; None                        ; None                      ; 2.895 ns                ;
; N/A                                     ; 319.59 MHz ( period = 3.129 ns )                    ; count[1]  ; count[11] ; clk        ; clk      ; None                        ; None                      ; 2.865 ns                ;
; N/A                                     ; 320.41 MHz ( period = 3.121 ns )                    ; count[4]  ; count[17] ; clk        ; clk      ; None                        ; None                      ; 2.876 ns                ;
; N/A                                     ; 320.51 MHz ( period = 3.120 ns )                    ; count[10] ; count[23] ; clk        ; clk      ; None                        ; None                      ; 2.875 ns                ;
; N/A                                     ; 320.51 MHz ( period = 3.120 ns )                    ; count[11] ; count[24] ; clk        ; clk      ; None                        ; None                      ; 2.875 ns                ;
; N/A                                     ; 321.03 MHz ( period = 3.115 ns )                    ; count[8]  ; count[21] ; clk        ; clk      ; None                        ; None                      ; 2.870 ns                ;
; N/A                                     ; 321.03 MHz ( period = 3.115 ns )                    ; count[0]  ; count[14] ; clk        ; clk      ; None                        ; None                      ; 2.870 ns                ;
; N/A                                     ; 322.89 MHz ( period = 3.097 ns )                    ; count[6]  ; count[20] ; clk        ; clk      ; None                        ; None                      ; 2.852 ns                ;
; N/A                                     ; 324.25 MHz ( period = 3.084 ns )                    ; count[9]  ; count[21] ; clk        ; clk      ; None                        ; None                      ; 2.839 ns                ;
; N/A                                     ; 324.78 MHz ( period = 3.079 ns )                    ; count[3]  ; count[15] ; clk        ; clk      ; None                        ; None                      ; 2.834 ns                ;
; N/A                                     ; 324.78 MHz ( period = 3.079 ns )                    ; count[2]  ; count[14] ; clk        ; clk      ; None                        ; None                      ; 2.834 ns                ;
; N/A                                     ; 326.26 MHz ( period = 3.065 ns )                    ; count[7]  ; count[20] ; clk        ; clk      ; None                        ; None                      ; 2.820 ns                ;
; N/A                                     ; 326.26 MHz ( period = 3.065 ns )                    ; count[5]  ; count[18] ; clk        ; clk      ; None                        ; None                      ; 2.820 ns                ;
; N/A                                     ; 327.44 MHz ( period = 3.054 ns )                    ; count[12] ; count[24] ; clk        ; clk      ; None                        ; None                      ; 2.809 ns                ;
; N/A                                     ; 328.62 MHz ( period = 3.043 ns )                    ; count[1]  ; count[10] ; clk        ; clk      ; None                        ; None                      ; 2.779 ns                ;
; N/A                                     ; 329.49 MHz ( period = 3.035 ns )                    ; count[4]  ; count[16] ; clk        ; clk      ; None                        ; None                      ; 2.790 ns                ;
; N/A                                     ; 329.60 MHz ( period = 3.034 ns )                    ; count[10] ; count[22] ; clk        ; clk      ; None                        ; None                      ; 2.789 ns                ;
; N/A                                     ; 329.60 MHz ( period = 3.034 ns )                    ; count[11] ; count[23] ; clk        ; clk      ; None                        ; None                      ; 2.789 ns                ;
; N/A                                     ; 330.14 MHz ( period = 3.029 ns )                    ; count[0]  ; count[13] ; clk        ; clk      ; None                        ; None                      ; 2.784 ns                ;
; N/A                                     ; 332.12 MHz ( period = 3.011 ns )                    ; count[6]  ; count[19] ; clk        ; clk      ; None                        ; None                      ; 2.766 ns                ;
; N/A                                     ; 334.11 MHz ( period = 2.993 ns )                    ; count[3]  ; count[14] ; clk        ; clk      ; None                        ; None                      ; 2.748 ns                ;
; N/A                                     ; 334.11 MHz ( period = 2.993 ns )                    ; count[2]  ; count[13] ; clk        ; clk      ; None                        ; None                      ; 2.748 ns                ;
; N/A                                     ; 335.68 MHz ( period = 2.979 ns )                    ; count[7]  ; count[19] ; clk        ; clk      ; None                        ; None                      ; 2.734 ns                ;
; N/A                                     ; 335.68 MHz ( period = 2.979 ns )                    ; count[5]  ; count[17] ; clk        ; clk      ; None                        ; None                      ; 2.734 ns                ;
; N/A                                     ; 336.93 MHz ( period = 2.968 ns )                    ; count[12] ; count[23] ; clk        ; clk      ; None                        ; None                      ; 2.723 ns                ;
; N/A                                     ; 338.18 MHz ( period = 2.957 ns )                    ; count[1]  ; count[9]  ; clk        ; clk      ; None                        ; None                      ; 2.693 ns                ;
; N/A                                     ; 338.64 MHz ( period = 2.953 ns )                    ; count[13] ; count[25] ; clk        ; clk      ; None                        ; None                      ; 2.689 ns                ;
; N/A                                     ; 339.10 MHz ( period = 2.949 ns )                    ; count[4]  ; count[15] ; clk        ; clk      ; None                        ; None                      ; 2.704 ns                ;
; N/A                                     ; 339.21 MHz ( period = 2.948 ns )                    ; count[11] ; count[22] ; clk        ; clk      ; None                        ; None                      ; 2.703 ns                ;
; N/A                                     ; 339.21 MHz ( period = 2.948 ns )                    ; count[10] ; count[21] ; clk        ; clk      ; None                        ; None                      ; 2.703 ns                ;
; N/A                                     ; Restricted to 340.02 MHz ( period = 2.941 ns )      ; count[8]  ; count[20] ; clk        ; clk      ; None                        ; None                      ; 2.680 ns                ;
; N/A                                     ; Restricted to 340.02 MHz ( period = 2.941 ns )      ; count[6]  ; count[18] ; clk        ; clk      ; None                        ; None                      ; 2.680 ns                ;
; N/A                                     ; Restricted to 340.02 MHz ( period = 2.941 ns )      ; count[3]  ; count[13] ; clk        ; clk      ; None                        ; None                      ; 2.662 ns                ;
; N/A                                     ; Restricted to 340.02 MHz ( period = 2.941 ns )      ; count[14] ; count[25] ; clk        ; clk      ; None                        ; None                      ; 2.640 ns                ;
; N/A                                     ; Restricted to 340.02 MHz ( period = 2.941 ns )      ; count[9]  ; count[20] ; clk        ; clk      ; None                        ; None                      ; 2.649 ns                ;
; N/A                                     ; Restricted to 340.02 MHz ( period = 2.941 ns )      ; count[7]  ; count[18] ; clk        ; clk      ; None                        ; None                      ; 2.648 ns                ;
; N/A                                     ; Restricted to 340.02 MHz ( period = 2.941 ns )      ; count[5]  ; count[16] ; clk        ; clk      ; None                        ; None                      ; 2.648 ns                ;
; N/A                                     ; Restricted to 340.02 MHz ( period = 2.941 ns )      ; count[12] ; count[22] ; clk        ; clk      ; None                        ; None                      ; 2.637 ns                ;
; N/A                                     ; Restricted to 340.02 MHz ( period = 2.941 ns )      ; count[0]  ; count[12] ; clk        ; clk      ; None                        ; None                      ; 2.609 ns                ;
; N/A                                     ; Restricted to 340.02 MHz ( period = 2.941 ns )      ; count[1]  ; count[8]  ; clk        ; clk      ; None                        ; None                      ; 2.607 ns                ;
; N/A                                     ; Restricted to 340.02 MHz ( period = 2.941 ns )      ; count[13] ; count[24] ; clk        ; clk      ; None                        ; None                      ; 2.603 ns                ;
; N/A                                     ; Restricted to 340.02 MHz ( period = 2.941 ns )      ; count[4]  ; count[14] ; clk        ; clk      ; None                        ; None                      ; 2.618 ns                ;
; N/A                                     ; Restricted to 340.02 MHz ( period = 2.941 ns )      ; count[11] ; count[21] ; clk        ; clk      ; None                        ; None                      ; 2.617 ns                ;
; N/A                                     ; Restricted to 340.02 MHz ( period = 2.941 ns )      ; count[8]  ; count[19] ; clk        ; clk      ; None                        ; None                      ; 2.594 ns                ;
; N/A                                     ; Restricted to 340.02 MHz ( period = 2.941 ns )      ; count[6]  ; count[17] ; clk        ; clk      ; None                        ; None                      ; 2.594 ns                ;
; N/A                                     ; Restricted to 340.02 MHz ( period = 2.941 ns )      ; count[2]  ; count[12] ; clk        ; clk      ; None                        ; None                      ; 2.573 ns                ;
; N/A                                     ; Restricted to 340.02 MHz ( period = 2.941 ns )      ; count[14] ; count[24] ; clk        ; clk      ; None                        ; None                      ; 2.554 ns                ;
; N/A                                     ; Restricted to 340.02 MHz ( period = 2.941 ns )      ; count[9]  ; count[19] ; clk        ; clk      ; None                        ; None                      ; 2.563 ns                ;
; N/A                                     ; Restricted to 340.02 MHz ( period = 2.941 ns )      ; count[7]  ; count[17] ; clk        ; clk      ; None                        ; None                      ; 2.562 ns                ;
; N/A                                     ; Restricted to 340.02 MHz ( period = 2.941 ns )      ; count[5]  ; count[15] ; clk        ; clk      ; None                        ; None                      ; 2.562 ns                ;
; N/A                                     ; Restricted to 340.02 MHz ( period = 2.941 ns )      ; count[12] ; count[21] ; clk        ; clk      ; None                        ; None                      ; 2.551 ns                ;
; N/A                                     ; Restricted to 340.02 MHz ( period = 2.941 ns )      ; count[15] ; count[25] ; clk        ; clk      ; None                        ; None                      ; 2.527 ns                ;
; N/A                                     ; Restricted to 340.02 MHz ( period = 2.941 ns )      ; count[0]  ; count[11] ; clk        ; clk      ; None                        ; None                      ; 2.523 ns                ;
; N/A                                     ; Restricted to 340.02 MHz ( period = 2.941 ns )      ; count[1]  ; count[7]  ; clk        ; clk      ; None                        ; None                      ; 2.521 ns                ;
; N/A                                     ; Restricted to 340.02 MHz ( period = 2.941 ns )      ; count[13] ; count[23] ; clk        ; clk      ; None                        ; None                      ; 2.517 ns                ;
; N/A                                     ; Restricted to 340.02 MHz ( period = 2.941 ns )      ; count[4]  ; count[13] ; clk        ; clk      ; None                        ; None                      ; 2.532 ns                ;
; N/A                                     ; Restricted to 340.02 MHz ( period = 2.941 ns )      ; count[10] ; count[20] ; clk        ; clk      ; None                        ; None                      ; 2.513 ns                ;
; N/A                                     ; Restricted to 340.02 MHz ( period = 2.941 ns )      ; count[16] ; count[25] ; clk        ; clk      ; None                        ; None                      ; 2.491 ns                ;
; N/A                                     ; Restricted to 340.02 MHz ( period = 2.941 ns )      ; count[8]  ; count[18] ; clk        ; clk      ; None                        ; None                      ; 2.508 ns                ;
; N/A                                     ; Restricted to 340.02 MHz ( period = 2.941 ns )      ; count[6]  ; count[16] ; clk        ; clk      ; None                        ; None                      ; 2.508 ns                ;
; N/A                                     ; Restricted to 340.02 MHz ( period = 2.941 ns )      ; count[3]  ; count[12] ; clk        ; clk      ; None                        ; None                      ; 2.487 ns                ;
; N/A                                     ; Restricted to 340.02 MHz ( period = 2.941 ns )      ; count[2]  ; count[11] ; clk        ; clk      ; None                        ; None                      ; 2.487 ns                ;
; N/A                                     ; Restricted to 340.02 MHz ( period = 2.941 ns )      ; count[14] ; count[23] ; clk        ; clk      ; None                        ; None                      ; 2.468 ns                ;
; N/A                                     ; Restricted to 340.02 MHz ( period = 2.941 ns )      ; count[9]  ; count[18] ; clk        ; clk      ; None                        ; None                      ; 2.477 ns                ;
; N/A                                     ; Restricted to 340.02 MHz ( period = 2.941 ns )      ; count[7]  ; count[16] ; clk        ; clk      ; None                        ; None                      ; 2.476 ns                ;
; N/A                                     ; Restricted to 340.02 MHz ( period = 2.941 ns )      ; count[5]  ; count[14] ; clk        ; clk      ; None                        ; None                      ; 2.476 ns                ;
; N/A                                     ; Restricted to 340.02 MHz ( period = 2.941 ns )      ; count[15] ; count[24] ; clk        ; clk      ; None                        ; None                      ; 2.441 ns                ;
; N/A                                     ; Restricted to 340.02 MHz ( period = 2.941 ns )      ; count[0]  ; count[10] ; clk        ; clk      ; None                        ; None                      ; 2.437 ns                ;
; N/A                                     ; Restricted to 340.02 MHz ( period = 2.941 ns )      ; count[1]  ; count[6]  ; clk        ; clk      ; None                        ; None                      ; 2.435 ns                ;
; N/A                                     ; Restricted to 340.02 MHz ( period = 2.941 ns )      ; count[13] ; count[22] ; clk        ; clk      ; None                        ; None                      ; 2.431 ns                ;
; N/A                                     ; Restricted to 340.02 MHz ( period = 2.941 ns )      ; count[11] ; count[20] ; clk        ; clk      ; None                        ; None                      ; 2.427 ns                ;
; N/A                                     ; Restricted to 340.02 MHz ( period = 2.941 ns )      ; count[10] ; count[19] ; clk        ; clk      ; None                        ; None                      ; 2.427 ns                ;
; N/A                                     ; Restricted to 340.02 MHz ( period = 2.941 ns )      ; count[16] ; count[24] ; clk        ; clk      ; None                        ; None                      ; 2.405 ns                ;
; N/A                                     ; Restricted to 340.02 MHz ( period = 2.941 ns )      ; count[8]  ; count[17] ; clk        ; clk      ; None                        ; None                      ; 2.422 ns                ;
; N/A                                     ; Restricted to 340.02 MHz ( period = 2.941 ns )      ; count[6]  ; count[15] ; clk        ; clk      ; None                        ; None                      ; 2.422 ns                ;
; N/A                                     ; Restricted to 340.02 MHz ( period = 2.941 ns )      ; count[3]  ; count[11] ; clk        ; clk      ; None                        ; None                      ; 2.401 ns                ;
; N/A                                     ; Restricted to 340.02 MHz ( period = 2.941 ns )      ; count[2]  ; count[10] ; clk        ; clk      ; None                        ; None                      ; 2.401 ns                ;
; N/A                                     ; Restricted to 340.02 MHz ( period = 2.941 ns )      ; count[14] ; count[22] ; clk        ; clk      ; None                        ; None                      ; 2.382 ns                ;
; N/A                                     ; Restricted to 340.02 MHz ( period = 2.941 ns )      ; count[9]  ; count[17] ; clk        ; clk      ; None                        ; None                      ; 2.391 ns                ;
; N/A                                     ; Restricted to 340.02 MHz ( period = 2.941 ns )      ; count[7]  ; count[15] ; clk        ; clk      ; None                        ; None                      ; 2.390 ns                ;
; N/A                                     ; Restricted to 340.02 MHz ( period = 2.941 ns )      ; count[5]  ; count[13] ; clk        ; clk      ; None                        ; None                      ; 2.390 ns                ;
; N/A                                     ; Restricted to 340.02 MHz ( period = 2.941 ns )      ; count[4]  ; count[12] ; clk        ; clk      ; None                        ; None                      ; 2.357 ns                ;
; N/A                                     ; Restricted to 340.02 MHz ( period = 2.941 ns )      ; count[17] ; count[25] ; clk        ; clk      ; None                        ; None                      ; 2.356 ns                ;
; N/A                                     ; Restricted to 340.02 MHz ( period = 2.941 ns )      ; count[15] ; count[23] ; clk        ; clk      ; None                        ; None                      ; 2.355 ns                ;
; N/A                                     ; Restricted to 340.02 MHz ( period = 2.941 ns )      ; count[0]  ; count[9]  ; clk        ; clk      ; None                        ; None                      ; 2.351 ns                ;
; N/A                                     ; Restricted to 340.02 MHz ( period = 2.941 ns )      ; count[1]  ; count[5]  ; clk        ; clk      ; None                        ; None                      ; 2.349 ns                ;
; N/A                                     ; Restricted to 340.02 MHz ( period = 2.941 ns )      ; count[13] ; count[21] ; clk        ; clk      ; None                        ; None                      ; 2.345 ns                ;
; N/A                                     ; Restricted to 340.02 MHz ( period = 2.941 ns )      ; count[12] ; count[20] ; clk        ; clk      ; None                        ; None                      ; 2.361 ns                ;
; N/A                                     ; Restricted to 340.02 MHz ( period = 2.941 ns )      ; count[11] ; count[19] ; clk        ; clk      ; None                        ; None                      ; 2.341 ns                ;
; N/A                                     ; Restricted to 340.02 MHz ( period = 2.941 ns )      ; count[10] ; count[18] ; clk        ; clk      ; None                        ; None                      ; 2.341 ns                ;
; N/A                                     ; Restricted to 340.02 MHz ( period = 2.941 ns )      ; count[18] ; count[25] ; clk        ; clk      ; None                        ; None                      ; 2.320 ns                ;
; N/A                                     ; Restricted to 340.02 MHz ( period = 2.941 ns )      ; count[16] ; count[23] ; clk        ; clk      ; None                        ; None                      ; 2.319 ns                ;
; N/A                                     ; Restricted to 340.02 MHz ( period = 2.941 ns )      ; count[8]  ; count[16] ; clk        ; clk      ; None                        ; None                      ; 2.336 ns                ;
; N/A                                     ; Restricted to 340.02 MHz ( period = 2.941 ns )      ; count[6]  ; count[14] ; clk        ; clk      ; None                        ; None                      ; 2.336 ns                ;
; N/A                                     ; Restricted to 340.02 MHz ( period = 2.941 ns )      ; count[3]  ; count[10] ; clk        ; clk      ; None                        ; None                      ; 2.315 ns                ;
; N/A                                     ; Restricted to 340.02 MHz ( period = 2.941 ns )      ; count[2]  ; count[9]  ; clk        ; clk      ; None                        ; None                      ; 2.315 ns                ;
; N/A                                     ; Restricted to 340.02 MHz ( period = 2.941 ns )      ; count[14] ; count[21] ; clk        ; clk      ; None                        ; None                      ; 2.296 ns                ;
; N/A                                     ; Restricted to 340.02 MHz ( period = 2.941 ns )      ; count[9]  ; count[16] ; clk        ; clk      ; None                        ; None                      ; 2.305 ns                ;
; N/A                                     ; Restricted to 340.02 MHz ( period = 2.941 ns )      ; count[7]  ; count[14] ; clk        ; clk      ; None                        ; None                      ; 2.304 ns                ;
; N/A                                     ; Restricted to 340.02 MHz ( period = 2.941 ns )      ; count[4]  ; count[11] ; clk        ; clk      ; None                        ; None                      ; 2.271 ns                ;
; N/A                                     ; Restricted to 340.02 MHz ( period = 2.941 ns )      ; count[17] ; count[24] ; clk        ; clk      ; None                        ; None                      ; 2.270 ns                ;
; N/A                                     ; Restricted to 340.02 MHz ( period = 2.941 ns )      ; count[15] ; count[22] ; clk        ; clk      ; None                        ; None                      ; 2.269 ns                ;
; N/A                                     ; Restricted to 340.02 MHz ( period = 2.941 ns )      ; count[0]  ; count[8]  ; clk        ; clk      ; None                        ; None                      ; 2.265 ns                ;
; N/A                                     ; Restricted to 340.02 MHz ( period = 2.941 ns )      ; count[12] ; count[19] ; clk        ; clk      ; None                        ; None                      ; 2.275 ns                ;
; N/A                                     ; Restricted to 340.02 MHz ( period = 2.941 ns )      ; count[11] ; count[18] ; clk        ; clk      ; None                        ; None                      ; 2.255 ns                ;
; N/A                                     ; Restricted to 340.02 MHz ( period = 2.941 ns )      ; count[10] ; count[17] ; clk        ; clk      ; None                        ; None                      ; 2.255 ns                ;
; N/A                                     ; Restricted to 340.02 MHz ( period = 2.941 ns )      ; count[18] ; count[24] ; clk        ; clk      ; None                        ; None                      ; 2.234 ns                ;
; N/A                                     ; Restricted to 340.02 MHz ( period = 2.941 ns )      ; count[19] ; count[25] ; clk        ; clk      ; None                        ; None                      ; 2.234 ns                ;
; N/A                                     ; Restricted to 340.02 MHz ( period = 2.941 ns )      ; count[16] ; count[22] ; clk        ; clk      ; None                        ; None                      ; 2.233 ns                ;
; N/A                                     ; Restricted to 340.02 MHz ( period = 2.941 ns )      ; count[8]  ; count[15] ; clk        ; clk      ; None                        ; None                      ; 2.250 ns                ;
; N/A                                     ; Restricted to 340.02 MHz ( period = 2.941 ns )      ; count[6]  ; count[13] ; clk        ; clk      ; None                        ; None                      ; 2.250 ns                ;
; N/A                                     ; Restricted to 340.02 MHz ( period = 2.941 ns )      ; count[3]  ; count[9]  ; clk        ; clk      ; None                        ; None                      ; 2.229 ns                ;
; N/A                                     ; Restricted to 340.02 MHz ( period = 2.941 ns )      ; count[2]  ; count[8]  ; clk        ; clk      ; None                        ; None                      ; 2.229 ns                ;
; N/A                                     ; Restricted to 340.02 MHz ( period = 2.941 ns )      ; count[5]  ; count[12] ; clk        ; clk      ; None                        ; None                      ; 2.215 ns                ;
; N/A                                     ; Restricted to 340.02 MHz ( period = 2.941 ns )      ; count[9]  ; count[15] ; clk        ; clk      ; None                        ; None                      ; 2.219 ns                ;
; N/A                                     ; Restricted to 340.02 MHz ( period = 2.941 ns )      ; count[7]  ; count[13] ; clk        ; clk      ; None                        ; None                      ; 2.218 ns                ;
; N/A                                     ; Restricted to 340.02 MHz ( period = 2.941 ns )      ; count[4]  ; count[10] ; clk        ; clk      ; None                        ; None                      ; 2.185 ns                ;
; N/A                                     ; Restricted to 340.02 MHz ( period = 2.941 ns )      ; count[17] ; count[23] ; clk        ; clk      ; None                        ; None                      ; 2.184 ns                ;
; Timing analysis restricted to 200 rows. ; To change the limit use Settings (Assignments menu) ;           ;           ;            ;          ;                             ;                           ;                         ;
+-----------------------------------------+-----------------------------------------------------+-----------+-----------+------------+----------+-----------------------------+---------------------------+-------------------------+


+---------------------------------------------------------------------+
; tco                                                                 ;
+-------+--------------+------------+-----------+--------+------------+
; Slack ; Required tco ; Actual tco ; From      ; To     ; From Clock ;
+-------+--------------+------------+-----------+--------+------------+
; N/A   ; None         ; 9.596 ns   ; count[23] ; out[7] ; clk        ;
; N/A   ; None         ; 9.575 ns   ; count[24] ; out[7] ; clk        ;
; N/A   ; None         ; 9.286 ns   ; count[23] ; out[6] ; clk        ;
; N/A   ; None         ; 9.271 ns   ; count[24] ; out[6] ; clk        ;
; N/A   ; None         ; 9.261 ns   ; count[23] ; out[5] ; clk        ;
; N/A   ; None         ; 9.245 ns   ; count[24] ; out[5] ; clk        ;
; N/A   ; None         ; 9.242 ns   ; count[25] ; out[7] ; clk        ;
; N/A   ; None         ; 9.241 ns   ; count[23] ; out[4] ; clk        ;
; N/A   ; None         ; 9.221 ns   ; count[24] ; out[4] ; clk        ;
; N/A   ; None         ; 9.194 ns   ; count[23] ; out[2] ; clk        ;
; N/A   ; None         ; 9.179 ns   ; count[24] ; out[2] ; clk        ;
; N/A   ; None         ; 9.155 ns   ; count[22] ; out[7] ; clk        ;
; N/A   ; None         ; 8.977 ns   ; count[25] ; out[6] ; clk        ;
; N/A   ; None         ; 8.955 ns   ; count[25] ; out[5] ; clk        ;
; N/A   ; None         ; 8.939 ns   ; count[25] ; out[4] ; clk        ;
; N/A   ; None         ; 8.889 ns   ; count[25] ; out[2] ; clk        ;
; N/A   ; None         ; 8.852 ns   ; count[22] ; out[6] ; clk        ;
; N/A   ; None         ; 8.826 ns   ; count[22] ; out[5] ; clk        ;
; N/A   ; None         ; 8.801 ns   ; count[22] ; out[4] ; clk        ;
; N/A   ; None         ; 8.760 ns   ; count[22] ; out[2] ; clk        ;
; N/A   ; None         ; 8.746 ns   ; count[25] ; out[0] ; clk        ;
; N/A   ; None         ; 8.734 ns   ; count[25] ; out[1] ; clk        ;
; N/A   ; None         ; 8.697 ns   ; count[24] ; out[0] ; clk        ;
; N/A   ; None         ; 8.686 ns   ; count[24] ; out[1] ; clk        ;
; N/A   ; None         ; 8.444 ns   ; count[23] ; out[0] ; clk        ;
; N/A   ; None         ; 8.433 ns   ; count[23] ; out[1] ; clk        ;
; N/A   ; None         ; 8.271 ns   ; count[22] ; out[0] ; clk        ;
; N/A   ; None         ; 8.260 ns   ; count[22] ; out[1] ; clk        ;
; N/A   ; None         ; 8.036 ns   ; count[25] ; out[3] ; clk        ;
; N/A   ; None         ; 7.988 ns   ; count[24] ; out[3] ; clk        ;
; N/A   ; None         ; 7.735 ns   ; count[23] ; out[3] ; clk        ;
; N/A   ; None         ; 7.562 ns   ; count[22] ; out[3] ; clk        ;
+-------+--------------+------------+-----------+--------+------------+


+--------------------------+
; Timing Analyzer Messages ;
+--------------------------+
Info: *******************************************************************
Info: Running Quartus II Classic Timing Analyzer
    Info: Version 9.0 Build 235 06/17/2009 Service Pack 2 SJ Full Version
    Info: Processing started: Tue Oct 26 09:30:33 2010
Info: Command: quartus_tan --read_settings_files=off --write_settings_files=off ledwater -c ledwater --timing_analysis_only
Info: Parallel compilation is enabled and will use 2 of the 2 processors detected
Warning: Found pins functioning as undefined clocks and/or memory enables
    Info: Assuming node "clk" is an undefined clock
Info: Clock "clk" has Internal fmax of 221.88 MHz between source register "count[1]" and destination register "count[25]" (period= 4.507 ns)
    Info: + Longest register to register delay is 4.262 ns
        Info: 1: + IC(0.000 ns) + CELL(0.000 ns) = 0.000 ns; Loc. = LCFF_X1_Y9_N9; Fanout = 2; REG Node = 'count[1]'
        Info: 2: + IC(0.752 ns) + CELL(0.621 ns) = 1.373 ns; Loc. = LCCOMB_X1_Y9_N8; Fanout = 2; COMB Node = 'count[1]~26'
        Info: 3: + IC(0.000 ns) + CELL(0.086 ns) = 1.459 ns; Loc. = LCCOMB_X1_Y9_N10; Fanout = 2; COMB Node = 'count[2]~28'
        Info: 4: + IC(0.000 ns) + CELL(0.086 ns) = 1.545 ns; Loc. = LCCOMB_X1_Y9_N12; Fanout = 2; COMB Node = 'count[3]~30'
        Info: 5: + IC(0.000 ns) + CELL(0.190 ns) = 1.735 ns; Loc. = LCCOMB_X1_Y9_N14; Fanout = 2; COMB Node = 'count[4]~32'
        Info: 6: + IC(0.000 ns) + CELL(0.086 ns) = 1.821 ns; Loc. = LCCOMB_X1_Y9_N16; Fanout = 2; COMB Node = 'count[5]~34'
        Info: 7: + IC(0.000 ns) + CELL(0.086 ns) = 1.907 ns; Loc. = LCCOMB_X1_Y9_N18; Fanout = 2; COMB Node = 'count[6]~36'
        Info: 8: + IC(0.000 ns) + CELL(0.086 ns) = 1.993 ns; Loc. = LCCOMB_X1_Y9_N20; Fanout = 2; COMB Node = 'count[7]~38'
        Info: 9: + IC(0.000 ns) + CELL(0.086 ns) = 2.079 ns; Loc. = LCCOMB_X1_Y9_N22; Fanout = 2; COMB Node = 'count[8]~40'
        Info: 10: + IC(0.000 ns) + CELL(0.086 ns) = 2.165 ns; Loc. = LCCOMB_X1_Y9_N24; Fanout = 2; COMB Node = 'count[9]~42'
        Info: 11: + IC(0.000 ns) + CELL(0.086 ns) = 2.251 ns; Loc. = LCCOMB_X1_Y9_N26; Fanout = 2; COMB Node = 'count[10]~44'
        Info: 12: + IC(0.000 ns) + CELL(0.086 ns) = 2.337 ns; Loc. = LCCOMB_X1_Y9_N28; Fanout = 2; COMB Node = 'count[11]~46'
        Info: 13: + IC(0.000 ns) + CELL(0.175 ns) = 2.512 ns; Loc. = LCCOMB_X1_Y9_N30; Fanout = 2; COMB Node = 'count[12]~48'
        Info: 14: + IC(0.000 ns) + CELL(0.086 ns) = 2.598 ns; Loc. = LCCOMB_X1_Y8_N0; Fanout = 2; COMB Node = 'count[13]~50'
        Info: 15: + IC(0.000 ns) + CELL(0.086 ns) = 2.684 ns; Loc. = LCCOMB_X1_Y8_N2; Fanout = 2; COMB Node = 'count[14]~52'
        Info: 16: + IC(0.000 ns) + CELL(0.086 ns) = 2.770 ns; Loc. = LCCOMB_X1_Y8_N4; Fanout = 2; COMB Node = 'count[15]~54'
        Info: 17: + IC(0.000 ns) + CELL(0.086 ns) = 2.856 ns; Loc. = LCCOMB_X1_Y8_N6; Fanout = 2; COMB Node = 'count[16]~56'
        Info: 18: + IC(0.000 ns) + CELL(0.086 ns) = 2.942 ns; Loc. = LCCOMB_X1_Y8_N8; Fanout = 2; COMB Node = 'count[17]~58'
        Info: 19: + IC(0.000 ns) + CELL(0.086 ns) = 3.028 ns; Loc. = LCCOMB_X1_Y8_N10; Fanout = 2; COMB Node = 'count[18]~60'
        Info: 20: + IC(0.000 ns) + CELL(0.086 ns) = 3.114 ns; Loc. = LCCOMB_X1_Y8_N12; Fanout = 2; COMB Node = 'count[19]~62'
        Info: 21: + IC(0.000 ns) + CELL(0.190 ns) = 3.304 ns; Loc. = LCCOMB_X1_Y8_N14; Fanout = 2; COMB Node = 'count[20]~64'
        Info: 22: + IC(0.000 ns) + CELL(0.086 ns) = 3.390 ns; Loc. = LCCOMB_X1_Y8_N16; Fanout = 2; COMB Node = 'count[21]~66'
        Info: 23: + IC(0.000 ns) + CELL(0.086 ns) = 3.476 ns; Loc. = LCCOMB_X1_Y8_N18; Fanout = 2; COMB Node = 'count[22]~68'
        Info: 24: + IC(0.000 ns) + CELL(0.086 ns) = 3.562 ns; Loc. = LCCOMB_X1_Y8_N20; Fanout = 2; COMB Node = 'count[23]~70'
        Info: 25: + IC(0.000 ns) + CELL(0.086 ns) = 3.648 ns; Loc. = LCCOMB_X1_Y8_N22; Fanout = 1; COMB Node = 'count[24]~72'
        Info: 26: + IC(0.000 ns) + CELL(0.506 ns) = 4.154 ns; Loc. = LCCOMB_X1_Y8_N24; Fanout = 1; COMB Node = 'count[25]~73'
        Info: 27: + IC(0.000 ns) + CELL(0.108 ns) = 4.262 ns; Loc. = LCFF_X1_Y8_N25; Fanout = 9; REG Node = 'count[25]'
        Info: Total cell delay = 3.510 ns ( 82.36 % )
        Info: Total interconnect delay = 0.752 ns ( 17.64 % )
    Info: - Smallest clock skew is 0.019 ns
        Info: + Shortest clock path from clock "clk" to destination register is 2.835 ns
            Info: 1: + IC(0.000 ns) + CELL(1.140 ns) = 1.140 ns; Loc. = PIN_23; Fanout = 1; CLK Node = 'clk'
            Info: 2: + IC(0.139 ns) + CELL(0.000 ns) = 1.279 ns; Loc. = CLKCTRL_G2; Fanout = 26; COMB Node = 'clk~clkctrl'
            Info: 3: + IC(0.890 ns) + CELL(0.666 ns) = 2.835 ns; Loc. = LCFF_X1_Y8_N25; Fanout = 9; REG Node = 'count[25]'
            Info: Total cell delay = 1.806 ns ( 63.70 % )
            Info: Total interconnect delay = 1.029 ns ( 36.30 % )
        Info: - Longest clock path from clock "clk" to source register is 2.816 ns
            Info: 1: + IC(0.000 ns) + CELL(1.140 ns) = 1.140 ns; Loc. = PIN_23; Fanout = 1; CLK Node = 'clk'
            Info: 2: + IC(0.139 ns) + CELL(0.000 ns) = 1.279 ns; Loc. = CLKCTRL_G2; Fanout = 26; COMB Node = 'clk~clkctrl'
            Info: 3: + IC(0.871 ns) + CELL(0.666 ns) = 2.816 ns; Loc. = LCFF_X1_Y9_N9; Fanout = 2; REG Node = 'count[1]'
            Info: Total cell delay = 1.806 ns ( 64.13 % )
            Info: Total interconnect delay = 1.010 ns ( 35.87 % )
    Info: + Micro clock to output delay of source is 0.304 ns
    Info: + Micro setup delay of destination is -0.040 ns
Info: tco from clock "clk" to destination pin "out[7]" through register "count[23]" is 9.596 ns
    Info: + Longest clock path from clock "clk" to source register is 2.835 ns
        Info: 1: + IC(0.000 ns) + CELL(1.140 ns) = 1.140 ns; Loc. = PIN_23; Fanout = 1; CLK Node = 'clk'
        Info: 2: + IC(0.139 ns) + CELL(0.000 ns) = 1.279 ns; Loc. = CLKCTRL_G2; Fanout = 26; COMB Node = 'clk~clkctrl'
        Info: 3: + IC(0.890 ns) + CELL(0.666 ns) = 2.835 ns; Loc. = LCFF_X1_Y8_N21; Fanout = 10; REG Node = 'count[23]'
        Info: Total cell delay = 1.806 ns ( 63.70 % )
        Info: Total interconnect delay = 1.029 ns ( 36.30 % )
    Info: + Micro clock to output delay of source is 0.304 ns
    Info: + Longest register to pin delay is 6.457 ns
        Info: 1: + IC(0.000 ns) + CELL(0.000 ns) = 0.000 ns; Loc. = LCFF_X1_Y8_N21; Fanout = 10; REG Node = 'count[23]'
        Info: 2: + IC(1.234 ns) + CELL(0.651 ns) = 1.885 ns; Loc. = LCCOMB_X1_Y4_N20; Fanout = 1; COMB Node = 'WideOr0~0'
        Info: 3: + IC(1.276 ns) + CELL(3.296 ns) = 6.457 ns; Loc. = PIN_60; Fanout = 0; PIN Node = 'out[7]'
        Info: Total cell delay = 3.947 ns ( 61.13 % )
        Info: Total interconnect delay = 2.510 ns ( 38.87 % )
Info: Quartus II Classic Timing Analyzer was successful. 0 errors, 1 warning
    Info: Peak virtual memory: 140 megabytes
    Info: Processing ended: Tue Oct 26 09:30:34 2010
    Info: Elapsed time: 00:00:01
    Info: Total CPU time (on all processors): 00:00:01


